{"meta": {"format": 3, "version": "7.14.3", "timestamp": "2026-06-23T21:40:19.614971", "branch_coverage": true, "show_contexts": false}, "files": {"src/black/__init__.py": {"executed_lines": [1, 2, 3, 4, 5, 6, 7, 8, 14, 15, 16, 17, 18, 19, 20, 21, 23, 24, 25, 26, 27, 29, 30, 31, 32, 38, 50, 59, 60, 61, 62, 63, 64, 65, 66, 74, 80, 81, 82, 84, 87, 88, 89, 92, 93, 94, 95, 96, 97, 99, 100, 113, 116, 181, 195, 206, 221, 233, 240, 251, 262, 268, 269, 277, 290, 298, 306, 316, 322, 328, 334, 342, 351, 362, 371, 379, 384, 397, 406, 417, 430, 439, 450, 460, 474, 486, 495, 505, 512, 521, 535, 543, 544, 769, 867, 899, 900, 961, 1029, 1081, 1108, 1136, 1173, 1185, 1217, 1249, 1253, 1257, 1258, 1260, 1261, 1264, 1269, 1273, 1277, 1278, 1281, 1282, 1284, 1293, 1294, 1298, 1299, 1300, 1308, 1309, 1310, 1311, 1312, 1315, 1316, 1317, 1318, 1319, 1320, 1321, 1324, 1327, 1338, 1342, 1343, 1344, 1346, 1349, 1354, 1355, 1358, 1365, 1366, 1367, 1370, 1392, 1393, 1400, 1401, 1403, 1405, 1412, 1413, 1416, 1424, 1427, 1430, 1436, 1439, 1458, 1466, 1473, 1487, 1490, 1495, 1502, 1505, 1511, 1537, 1540, 1541, 1542, 1553, 1569, 1573, 1574, 1579, 1581, 1583, 1601, 1602, 1603, 1605, 1606, 1617, 1627, 1629, 1632, 1639, 1672, 1700, 1711], "summary": {"covered_lines": 198, "num_statements": 653, "percent_covered": 25.126646403242148, "percent_covered_display": "25", "missing_lines": 455, "excluded_lines": 1, "percent_statements_covered": 30.321592649310873, "percent_statements_covered_display": "30", "num_branches": 334, "num_partial_branches": 36, "covered_branches": 50, "missing_branches": 284, "percent_branches_covered": 14.970059880239521, "percent_branches_covered_display": "15"}, "missing_lines": [103, 104, 106, 107, 109, 124, 125, 128, 129, 131, 132, 133, 134, 138, 139, 141, 145, 150, 151, 152, 156, 157, 158, 160, 161, 162, 166, 167, 168, 172, 173, 174, 175, 177, 178, 184, 185, 186, 187, 188, 189, 203, 215, 216, 217, 218, 222, 223, 224, 237, 245, 246, 247, 248, 256, 257, 258, 259, 577, 579, 580, 581, 586, 588, 589, 593, 594, 595, 596, 599, 600, 604, 606, 609, 611, 612, 613, 618, 619, 620, 621, 622, 627, 631, 633, 634, 635, 636, 638, 639, 644, 648, 649, 650, 651, 653, 654, 655, 658, 659, 673, 674, 681, 682, 683, 684, 685, 687, 688, 689, 690, 691, 693, 696, 698, 700, 701, 710, 711, 712, 724, 725, 727, 728, 729, 730, 731, 732, 734, 735, 745, 747, 748, 749, 750, 760, 761, 762, 763, 764, 765, 766, 783, 785, 786, 787, 788, 789, 791, 792, 793, 794, 795, 799, 800, 802, 803, 806, 807, 808, 809, 810, 812, 813, 816, 817, 820, 822, 823, 825, 828, 830, 831, 832, 833, 834, 835, 836, 838, 839, 843, 857, 858, 859, 860, 862, 864, 883, 884, 885, 886, 889, 890, 891, 892, 893, 894, 915, 916, 918, 919, 920, 921, 924, 926, 928, 929, 930, 931, 932, 933, 936, 938, 939, 943, 944, 945, 948, 949, 953, 954, 955, 956, 957, 958, 976, 977, 978, 979, 981, 982, 983, 984, 985, 986, 987, 988, 991, 992, 993, 994, 997, 998, 1000, 1001, 1002, 1003, 1004, 1005, 1006, 1007, 1008, 1010, 1012, 1013, 1015, 1016, 1022, 1023, 1024, 1026, 1045, 1047, 1048, 1050, 1052, 1053, 1054, 1055, 1057, 1058, 1061, 1064, 1066, 1067, 1068, 1069, 1070, 1071, 1072, 1073, 1074, 1075, 1076, 1077, 1078, 1094, 1095, 1096, 1097, 1098, 1099, 1100, 1104, 1105, 1121, 1122, 1124, 1125, 1126, 1128, 1130, 1133, 1152, 1153, 1156, 1157, 1158, 1159, 1160, 1161, 1162, 1163, 1164, 1167, 1168, 1169, 1170, 1180, 1181, 1182, 1191, 1192, 1194, 1195, 1196, 1197, 1198, 1199, 1200, 1201, 1202, 1203, 1204, 1206, 1207, 1208, 1209, 1210, 1211, 1212, 1214, 1250, 1251, 1252, 1259, 1279, 1296, 1322, 1323, 1347, 1350, 1351, 1353, 1356, 1360, 1361, 1363, 1394, 1402, 1404, 1410, 1414, 1417, 1422, 1425, 1428, 1431, 1434, 1437, 1444, 1445, 1447, 1449, 1450, 1451, 1453, 1454, 1455, 1456, 1464, 1471, 1478, 1479, 1485, 1488, 1493, 1500, 1503, 1509, 1518, 1520, 1521, 1524, 1531, 1535, 1544, 1547, 1549, 1550, 1555, 1556, 1557, 1558, 1563, 1564, 1565, 1566, 1584, 1585, 1586, 1587, 1589, 1590, 1591, 1592, 1593, 1595, 1596, 1599, 1608, 1613, 1615, 1618, 1619, 1621, 1622, 1623, 1625, 1633, 1641, 1642, 1643, 1644, 1651, 1652, 1653, 1654, 1655, 1661, 1662, 1663, 1664, 1665, 1676, 1682, 1686, 1687, 1688, 1693, 1703, 1704, 1706, 1708, 1712], "excluded_lines": [1220], "executed_branches": [[1249, 1253], [1257, 1258], [1257, 1261], [1258, 1260], [1278, 1281], [1294, 1298], [1309, 1310], [1309, 1316], [1312, 1309], [1312, 1315], [1316, 1317], [1319, 1320], [1319, 1321], [1321, 1324], [1343, 1344], [1346, 1349], [1349, 1354], [1354, 1355], [1355, 1358], [1393, 1400], [1400, 1401], [1400, 1537], [1401, 1403], [1403, 1405], [1405, 1412], [1412, 1413], [1412, 1416], [1413, 1400], [1416, 1424], [1424, 1427], [1427, 1430], [1430, 1436], [1436, 1439], [1439, 1458], [1458, 1466], [1466, 1473], [1473, 1487], [1487, 1490], [1490, 1495], [1495, 1502], [1502, 1505], [1505, 1511], [1511, 1400], [1541, 1542], [1601, 1602], [1602, 1603], [1602, 1605], [1606, 1617], [1617, 1627], [1711, -1]], "missing_branches": [[103, 104], [103, 106], [106, 107], [106, 109], [124, 125], [124, 131], [128, 129], [128, 131], [138, 139], [138, 141], [151, 152], [151, 156], [157, 158], [157, 160], [161, 162], [161, 166], [167, 168], [167, 172], [173, 174], [173, 175], [187, -181], [187, 188], [215, 216], [215, 217], [245, 246], [245, 247], [580, 581], [580, 588], [588, 589], [588, 594], [594, 595], [594, 599], [599, 600], [599, 606], [611, 612], [611, 638], [612, 613], [612, 618], [618, 619], [618, 638], [621, 622], [621, 627], [627, 631], [627, 633], [634, 635], [634, 638], [635, 636], [635, 638], [639, 644], [639, 649], [649, 650], [649, 653], [654, 655], [654, 658], [673, 674], [673, 681], [682, 683], [682, 693], [683, 684], [683, 687], [693, 696], [693, 698], [700, 701], [700, 710], [727, 728], [727, 734], [728, 729], [728, 730], [730, 731], [730, 732], [734, 735], [734, 745], [747, 748], [747, 750], [760, 761], [760, 766], [761, 762], [761, 763], [764, 765], [764, 766], [791, 792], [791, 864], [792, 793], [792, 802], [794, 795], [794, 800], [806, 807], [806, 833], [807, 808], [807, 812], [808, 809], [808, 810], [816, 817], [816, 822], [822, 823], [822, 825], [825, 828], [825, 830], [830, 831], [830, 832], [833, 834], [833, 857], [835, 836], [835, 838], [838, 839], [838, 843], [857, 858], [857, 862], [858, 859], [858, 860], [886, 889], [886, 890], [892, 893], [892, 894], [918, 919], [918, 920], [920, 921], [920, 926], [928, 929], [928, 938], [929, 930], [929, 931], [931, 932], [931, 933], [933, 936], [933, 954], [939, 943], [939, 945], [943, 944], [943, 945], [945, 948], [945, 949], [949, 953], [949, 954], [956, 957], [956, 958], [976, 977], [976, 978], [978, 979], [978, 981], [984, 985], [984, 986], [1000, 1001], [1000, 1003], [1003, 1004], [1003, 1026], [1007, 1008], [1007, 1010], [1012, 1013], [1012, 1015], [1047, 1048], [1047, 1050], [1064, 1066], [1064, 1069], [1066, 1067], [1066, 1068], [1069, 1070], [1069, 1078], [1074, 1075], [1074, 1077], [1099, 1100], [1099, 1104], [1121, 1122], [1121, 1124], [1125, 1126], [1125, 1128], [1128, 1130], [1128, 1133], [1161, 1162], [1161, 1163], [1168, 1169], [1168, 1170], [1181, -1173], [1181, 1182], [1191, 1192], [1191, 1194], [1198, 1199], [1198, 1208], [1199, 1198], [1199, 1200], [1208, 1209], [1208, 1214], [1210, 1211], [1210, 1212], [1249, 1250], [1251, 1252], [1251, 1253], [1258, 1259], [1278, 1279], [1294, 1296], [1316, 1318], [1321, 1322], [1322, 1323], [1322, 1324], [1343, 1346], [1346, 1347], [1349, 1350], [1350, 1351], [1350, 1353], [1354, 1360], [1355, 1356], [1360, 1361], [1360, 1363], [1393, 1394], [1401, 1402], [1403, 1404], [1405, 1410], [1413, 1414], [1416, 1417], [1417, 1400], [1417, 1422], [1424, 1425], [1427, 1428], [1430, 1431], [1431, 1400], [1431, 1434], [1436, 1437], [1439, 1444], [1444, 1445], [1444, 1447], [1449, 1400], [1449, 1450], [1450, 1451], [1450, 1453], [1453, 1449], [1453, 1454], [1454, 1449], [1454, 1455], [1455, 1454], [1455, 1456], [1458, 1464], [1466, 1471], [1473, 1478], [1479, 1400], [1479, 1485], [1487, 1488], [1490, 1493], [1495, 1500], [1502, 1503], [1505, 1509], [1511, 1518], [1520, 1521], [1520, 1524], [1531, 1400], [1531, 1535], [1541, 1544], [1544, 1547], [1544, 1549], [1555, 1556], [1555, 1557], [1557, 1558], [1557, 1564], [1558, 1563], [1558, 1566], [1564, 1565], [1564, 1566], [1584, -1583], [1584, 1585], [1585, 1586], [1585, 1589], [1586, 1584], [1586, 1587], [1589, 1590], [1589, 1595], [1595, 1596], [1595, 1599], [1601, 1629], [1606, 1608], [1608, 1613], [1608, 1615], [1617, 1618], [1618, 1619], [1618, 1621], [1622, 1623], [1622, 1625], [1663, -1639], [1663, 1664], [1676, 1682], [1676, 1686], [1687, -1672], [1687, 1688], [1703, 1704], [1703, 1708], [1711, 1712]], "functions": {"WriteBack.from_configuration": {"executed_lines": [], "summary": {"covered_lines": 0, "num_statements": 5, "percent_covered": 0.0, "percent_covered_display": "0", "missing_lines": 5, "excluded_lines": 0, "percent_statements_covered": 0.0, "percent_statements_covered_display": "0", "num_branches": 4, "num_partial_branches": 0, "covered_branches": 0, "missing_branches": 4, "percent_branches_covered": 0.0, "percent_branches_covered_display": "0"}, "missing_lines": [103, 104, 106, 107, 109], "excluded_lines": [], "start_line": 100, "executed_branches": [], "missing_branches": [[103, 104], [103, 106], [106, 107], [106, 109]]}, "read_pyproject_toml": {"executed_lines": [], "summary": {"covered_lines": 0, "num_statements": 30, "percent_covered": 0.0, "percent_covered_display": "0", "missing_lines": 30, "excluded_lines": 0, "percent_statements_covered": 0.0, "percent_statements_covered_display": "0", "num_branches": 16, "num_partial_branches": 0, "covered_branches": 0, "missing_branches": 16, "percent_branches_covered": 0.0, "percent_branches_covered_display": "0"}, "missing_lines": [124, 125, 128, 129, 131, 132, 133, 134, 138, 139, 141, 145, 150, 151, 152, 156, 157, 158, 160, 161, 162, 166, 167, 168, 172, 173, 174, 175, 177, 178], "excluded_lines": [], "start_line": 116, "executed_branches": [], "missing_branches": [[124, 125], [124, 131], [128, 129], [128, 131], [138, 139], [138, 141], [151, 152], [151, 156], [157, 158], [157, 160], [161, 162], [161, 166], [167, 168], [167, 172], [173, 174], [173, 175]]}, "spellcheck_pyproject_toml_keys": {"executed_lines": [], "summary": {"covered_lines": 0, "num_statements": 6, "percent_covered": 0.0, "percent_covered_display": "0", "missing_lines": 6, "excluded_lines": 0, "percent_statements_covered": 0.0, "percent_statements_covered_display": "0", "num_branches": 2, "num_partial_branches": 0, "covered_branches": 0, "missing_branches": 2, "percent_branches_covered": 0.0, "percent_branches_covered_display": "0"}, "missing_lines": [184, 185, 186, 187, 188, 189], "excluded_lines": [], "start_line": 181, "executed_branches": [], "missing_branches": [[187, -181], [187, 188]]}, "target_version_option_callback": {"executed_lines": [], "summary": {"covered_lines": 0, "num_statements": 1, "percent_covered": 0.0, "percent_covered_display": "0", "missing_lines": 1, "excluded_lines": 0, "percent_statements_covered": 0.0, "percent_statements_covered_display": "0", "num_branches": 0, "num_partial_branches": 0, "covered_branches": 0, "missing_branches": 0, "percent_branches_covered": 100.0, "percent_branches_covered_display": "100"}, "missing_lines": [203], "excluded_lines": [], "start_line": 195, "executed_branches": [], "missing_branches": []}, "_target_versions_exceed_runtime": {"executed_lines": [], "summary": {"covered_lines": 0, "num_statements": 4, "percent_covered": 0.0, "percent_covered_display": "0", "missing_lines": 4, "excluded_lines": 0, "percent_statements_covered": 0.0, "percent_statements_covered_display": "0", "num_branches": 2, "num_partial_branches": 0, "covered_branches": 0, "missing_branches": 2, "percent_branches_covered": 0.0, "percent_branches_covered_display": "0"}, "missing_lines": [215, 216, 217, 218], "excluded_lines": [], "start_line": 206, "executed_branches": [], "missing_branches": [[215, 216], [215, 217]]}, "_version_mismatch_message": {"executed_lines": [], "summary": {"covered_lines": 0, "num_statements": 3, "percent_covered": 0.0, "percent_covered_display": "0", "missing_lines": 3, "excluded_lines": 0, "percent_statements_covered": 0.0, "percent_statements_covered_display": "0", "num_branches": 0, "num_partial_branches": 0, "covered_branches": 0, "missing_branches": 0, "percent_branches_covered": 100.0, "percent_branches_covered_display": "100"}, "missing_lines": [222, 223, 224], "excluded_lines": [], "start_line": 221, "executed_branches": [], "missing_branches": []}, "enable_unstable_feature_callback": {"executed_lines": [], "summary": {"covered_lines": 0, "num_statements": 1, "percent_covered": 0.0, "percent_covered_display": "0", "missing_lines": 1, "excluded_lines": 0, "percent_statements_covered": 0.0, "percent_statements_covered_display": "0", "num_branches": 0, "num_partial_branches": 0, "covered_branches": 0, "missing_branches": 0, "percent_branches_covered": 100.0, "percent_branches_covered_display": "100"}, "missing_lines": [237], "excluded_lines": [], "start_line": 233, "executed_branches": [], "missing_branches": []}, "re_compile_maybe_verbose": {"executed_lines": [], "summary": {"covered_lines": 0, "num_statements": 4, "percent_covered": 0.0, "percent_covered_display": "0", "missing_lines": 4, "excluded_lines": 0, "percent_statements_covered": 0.0, "percent_statements_covered_display": "0", "num_branches": 2, "num_partial_branches": 0, "covered_branches": 0, "missing_branches": 2, "percent_branches_covered": 0.0, "percent_branches_covered_display": "0"}, "missing_lines": [245, 246, 247, 248], "excluded_lines": [], "start_line": 240, "executed_branches": [], "missing_branches": [[245, 246], [245, 247]]}, "validate_regex": {"executed_lines": [], "summary": {"covered_lines": 0, "num_statements": 4, "percent_covered": 0.0, "percent_covered_display": "0", "missing_lines": 4, "excluded_lines": 0, "percent_statements_covered": 0.0, "percent_statements_covered_display": "0", "num_branches": 0, "num_partial_branches": 0, "covered_branches": 0, "missing_branches": 0, "percent_branches_covered": 100.0, "percent_branches_covered_display": "100"}, "missing_lines": [256, 257, 258, 259], "excluded_lines": [], "start_line": 251, "executed_branches": [], "missing_branches": []}, "main": {"executed_lines": [], "summary": {"covered_lines": 0, "num_statements": 84, "percent_covered": 0.0, "percent_covered_display": "0", "missing_lines": 84, "excluded_lines": 0, "percent_statements_covered": 0.0, "percent_statements_covered_display": "0", "num_branches": 54, "num_partial_branches": 0, "covered_branches": 0, "missing_branches": 54, "percent_branches_covered": 0.0, "percent_branches_covered_display": "0"}, "missing_lines": [577, 579, 580, 581, 586, 588, 589, 593, 594, 595, 596, 599, 600, 604, 606, 609, 611, 612, 613, 618, 619, 620, 621, 622, 627, 631, 633, 634, 635, 636, 638, 639, 644, 648, 649, 650, 651, 653, 654, 655, 658, 659, 673, 674, 681, 682, 683, 684, 685, 687, 688, 689, 690, 691, 693, 696, 698, 700, 701, 710, 711, 712, 724, 725, 727, 728, 729, 730, 731, 732, 734, 735, 745, 747, 748, 749, 750, 760, 761, 762, 763, 764, 765, 766], "excluded_lines": [], "start_line": 544, "executed_branches": [], "missing_branches": [[580, 581], [580, 588], [588, 589], [588, 594], [594, 595], [594, 599], [599, 600], [599, 606], [611, 612], [611, 638], [612, 613], [612, 618], [618, 619], [618, 638], [621, 622], [621, 627], [627, 631], [627, 633], [634, 635], [634, 638], [635, 636], [635, 638], [639, 644], [639, 649], [649, 650], [649, 653], [654, 655], [654, 658], [673, 674], [673, 681], [682, 683], [682, 693], [683, 684], [683, 687], [693, 696], [693, 698], [700, 701], [700, 710], [727, 728], [727, 734], [728, 729], [728, 730], [730, 731], [730, 732], [734, 735], [734, 745], [747, 748], [747, 750], [760, 761], [760, 766], [761, 762], [761, 763], [764, 765], [764, 766]]}, "get_sources": {"executed_lines": [], "summary": {"covered_lines": 0, "num_statements": 45, "percent_covered": 0.0, "percent_covered_display": "0", "missing_lines": 45, "excluded_lines": 0, "percent_statements_covered": 0.0, "percent_statements_covered_display": "0", "num_branches": 30, "num_partial_branches": 0, "covered_branches": 0, "missing_branches": 30, "percent_branches_covered": 0.0, "percent_branches_covered_display": "0"}, "missing_lines": [783, 785, 786, 787, 788, 789, 791, 792, 793, 794, 795, 799, 800, 802, 803, 806, 807, 808, 809, 810, 812, 813, 816, 817, 820, 822, 823, 825, 828, 830, 831, 832, 833, 834, 835, 836, 838, 839, 843, 857, 858, 859, 860, 862, 864], "excluded_lines": [], "start_line": 769, "executed_branches": [], "missing_branches": [[791, 792], [791, 864], [792, 793], [792, 802], [794, 795], [794, 800], [806, 807], [806, 833], [807, 808], [807, 812], [808, 809], [808, 810], [816, 817], [816, 822], [822, 823], [822, 825], [825, 828], [825, 830], [830, 831], [830, 832], [833, 834], [833, 857], [835, 836], [835, 838], [838, 839], [838, 843], [857, 858], [857, 862], [858, 859], [858, 860]]}, "reformat_code": {"executed_lines": [], "summary": {"covered_lines": 0, "num_statements": 10, "percent_covered": 0.0, "percent_covered_display": "0", "missing_lines": 10, "excluded_lines": 0, "percent_statements_covered": 0.0, "percent_statements_covered_display": "0", "num_branches": 4, "num_partial_branches": 0, "covered_branches": 0, "missing_branches": 4, "percent_branches_covered": 0.0, "percent_branches_covered_display": "0"}, "missing_lines": [883, 884, 885, 886, 889, 890, 891, 892, 893, 894], "excluded_lines": [], "start_line": 867, "executed_branches": [], "missing_branches": [[886, 889], [886, 890], [892, 893], [892, 894]]}, "reformat_one": {"executed_lines": [], "summary": {"covered_lines": 0, "num_statements": 28, "percent_covered": 0.0, "percent_covered_display": "0", "missing_lines": 28, "excluded_lines": 0, "percent_statements_covered": 0.0, "percent_statements_covered_display": "0", "num_branches": 22, "num_partial_branches": 0, "covered_branches": 0, "missing_branches": 22, "percent_branches_covered": 0.0, "percent_branches_covered_display": "0"}, "missing_lines": [915, 916, 918, 919, 920, 921, 924, 926, 928, 929, 930, 931, 932, 933, 936, 938, 939, 943, 944, 945, 948, 949, 953, 954, 955, 956, 957, 958], "excluded_lines": [], "start_line": 900, "executed_branches": [], "missing_branches": [[918, 919], [918, 920], [920, 921], [920, 926], [928, 929], [928, 938], [929, 930], [929, 931], [931, 932], [931, 933], [933, 936], [933, 954], [939, 943], [939, 945], [943, 944], [943, 945], [945, 948], [945, 949], [949, 953], [949, 954], [956, 957], [956, 958]]}, "format_file_in_place": {"executed_lines": [], "summary": {"covered_lines": 0, "num_statements": 36, "percent_covered": 0.0, "percent_covered_display": "0", "missing_lines": 36, "excluded_lines": 0, "percent_statements_covered": 0.0, "percent_statements_covered_display": "0", "num_branches": 14, "num_partial_branches": 0, "covered_branches": 0, "missing_branches": 14, "percent_branches_covered": 0.0, "percent_branches_covered_display": "0"}, "missing_lines": [976, 977, 978, 979, 981, 982, 983, 984, 985, 986, 987, 988, 991, 992, 993, 994, 997, 998, 1000, 1001, 1002, 1003, 1004, 1005, 1006, 1007, 1008, 1010, 1012, 1013, 1015, 1016, 1022, 1023, 1024, 1026], "excluded_lines": [], "start_line": 961, "executed_branches": [], "missing_branches": [[976, 977], [976, 978], [978, 979], [978, 981], [984, 985], [984, 986], [1000, 1001], [1000, 1003], [1003, 1004], [1003, 1026], [1007, 1008], [1007, 1010], [1012, 1013], [1012, 1015]]}, "format_stdin_to_stdout": {"executed_lines": [], "summary": {"covered_lines": 0, "num_statements": 25, "percent_covered": 0.0, "percent_covered_display": "0", "missing_lines": 25, "excluded_lines": 0, "percent_statements_covered": 0.0, "percent_statements_covered_display": "0", "num_branches": 10, "num_partial_branches": 0, "covered_branches": 0, "missing_branches": 10, "percent_branches_covered": 0.0, "percent_branches_covered_display": "0"}, "missing_lines": [1045, 1047, 1048, 1050, 1052, 1053, 1054, 1055, 1057, 1058, 1061, 1064, 1066, 1067, 1068, 1069, 1070, 1071, 1072, 1073, 1074, 1075, 1076, 1077, 1078], "excluded_lines": [], "start_line": 1029, "executed_branches": [], "missing_branches": [[1047, 1048], [1047, 1050], [1064, 1066], [1064, 1069], [1066, 1067], [1066, 1068], [1069, 1070], [1069, 1078], [1074, 1075], [1074, 1077]]}, "check_stability_and_equivalence": {"executed_lines": [], "summary": {"covered_lines": 0, "num_statements": 9, "percent_covered": 0.0, "percent_covered_display": "0", "missing_lines": 9, "excluded_lines": 0, "percent_statements_covered": 0.0, "percent_statements_covered_display": "0", "num_branches": 2, "num_partial_branches": 0, "covered_branches": 0, "missing_branches": 2, "percent_branches_covered": 0.0, "percent_branches_covered_display": "0"}, "missing_lines": [1094, 1095, 1096, 1097, 1098, 1099, 1100, 1104, 1105], "excluded_lines": [], "start_line": 1081, "executed_branches": [], "missing_branches": [[1099, 1100], [1099, 1104]]}, "format_file_contents": {"executed_lines": [], "summary": {"covered_lines": 0, "num_statements": 8, "percent_covered": 0.0, "percent_covered_display": "0", "missing_lines": 8, "excluded_lines": 0, "percent_statements_covered": 0.0, "percent_statements_covered_display": "0", "num_branches": 6, "num_partial_branches": 0, "covered_branches": 0, "missing_branches": 6, "percent_branches_covered": 0.0, "percent_branches_covered_display": "0"}, "missing_lines": [1121, 1122, 1124, 1125, 1126, 1128, 1130, 1133], "excluded_lines": [], "start_line": 1108, "executed_branches": [], "missing_branches": [[1121, 1122], [1121, 1124], [1125, 1126], [1125, 1128], [1128, 1130], [1128, 1133]]}, "format_cell": {"executed_lines": [], "summary": {"covered_lines": 0, "num_statements": 15, "percent_covered": 0.0, "percent_covered_display": "0", "missing_lines": 15, "excluded_lines": 0, "percent_statements_covered": 0.0, "percent_statements_covered_display": "0", "num_branches": 4, "num_partial_branches": 0, "covered_branches": 0, "missing_branches": 4, "percent_branches_covered": 0.0, "percent_branches_covered_display": "0"}, "missing_lines": [1152, 1153, 1156, 1157, 1158, 1159, 1160, 1161, 1162, 1163, 1164, 1167, 1168, 1169, 1170], "excluded_lines": [], "start_line": 1136, "executed_branches": [], "missing_branches": [[1161, 1162], [1161, 1163], [1168, 1169], [1168, 1170]]}, "validate_metadata": {"executed_lines": [], "summary": {"covered_lines": 0, "num_statements": 3, "percent_covered": 0.0, "percent_covered_display": "0", "missing_lines": 3, "excluded_lines": 0, "percent_statements_covered": 0.0, "percent_statements_covered_display": "0", "num_branches": 2, "num_partial_branches": 0, "covered_branches": 0, "missing_branches": 2, "percent_branches_covered": 0.0, "percent_branches_covered_display": "0"}, "missing_lines": [1180, 1181, 1182], "excluded_lines": [], "start_line": 1173, "executed_branches": [], "missing_branches": [[1181, -1173], [1181, 1182]]}, "format_ipynb_string": {"executed_lines": [], "summary": {"covered_lines": 0, "num_statements": 21, "percent_covered": 0.0, "percent_covered_display": "0", "missing_lines": 21, "excluded_lines": 0, "percent_statements_covered": 0.0, "percent_statements_covered_display": "0", "num_branches": 10, "num_partial_branches": 0, "covered_branches": 0, "missing_branches": 10, "percent_branches_covered": 0.0, "percent_branches_covered_display": "0"}, "missing_lines": [1191, 1192, 1194, 1195, 1196, 1197, 1198, 1199, 1200, 1201, 1202, 1203, 1204, 1206, 1207, 1208, 1209, 1210, 1211, 1212, 1214], "excluded_lines": [], "start_line": 1185, "executed_branches": [], "missing_branches": [[1191, 1192], [1191, 1194], [1198, 1199], [1198, 1208], [1199, 1198], [1199, 1200], [1208, 1209], [1208, 1214], [1210, 1211], [1210, 1212]]}, "format_str": {"executed_lines": [1249, 1253, 1257, 1258, 1260, 1261], "summary": {"covered_lines": 6, "num_statements": 10, "percent_covered": 55.55555555555556, "percent_covered_display": "56", "missing_lines": 4, "excluded_lines": 1, "percent_statements_covered": 60.0, "percent_statements_covered_display": "60", "num_branches": 8, "num_partial_branches": 2, "covered_branches": 4, "missing_branches": 4, "percent_branches_covered": 50.0, "percent_branches_covered_display": "50"}, "missing_lines": [1250, 1251, 1252, 1259], "excluded_lines": [1220], "start_line": 1217, "executed_branches": [[1249, 1253], [1257, 1258], [1257, 1261], [1258, 1260]], "missing_branches": [[1249, 1250], [1251, 1252], [1251, 1253], [1258, 1259]]}, "_format_str_once": {"executed_lines": [1269, 1273, 1277, 1278, 1281, 1282, 1284, 1293, 1294, 1298, 1299, 1300, 1308, 1309, 1310, 1311, 1312, 1315, 1316, 1317, 1318, 1319, 1320, 1321, 1324], "summary": {"covered_lines": 25, "num_statements": 29, "percent_covered": 77.77777777777777, "percent_covered_display": "78", "missing_lines": 4, "excluded_lines": 0, "percent_statements_covered": 86.20689655172414, "percent_statements_covered_display": "86", "num_branches": 16, "num_partial_branches": 4, "covered_branches": 10, "missing_branches": 6, "percent_branches_covered": 62.5, "percent_branches_covered_display": "62"}, "missing_lines": [1279, 1296, 1322, 1323], "excluded_lines": [], "start_line": 1264, "executed_branches": [[1278, 1281], [1294, 1298], [1309, 1310], [1309, 1316], [1312, 1309], [1312, 1315], [1316, 1317], [1319, 1320], [1319, 1321], [1321, 1324]], "missing_branches": [[1278, 1279], [1294, 1296], [1316, 1318], [1321, 1322], [1322, 1323], [1322, 1324]]}, "decode_bytes": {"executed_lines": [1338, 1342, 1343, 1344, 1346, 1349, 1354, 1355, 1358, 1365, 1366, 1367], "summary": {"covered_lines": 12, "num_statements": 20, "percent_covered": 50.0, "percent_covered_display": "50", "missing_lines": 8, "excluded_lines": 0, "percent_statements_covered": 60.0, "percent_statements_covered_display": "60", "num_branches": 14, "num_partial_branches": 5, "covered_branches": 5, "missing_branches": 9, "percent_branches_covered": 35.714285714285715, "percent_branches_covered_display": "36"}, "missing_lines": [1347, 1350, 1351, 1353, 1356, 1360, 1361, 1363], "excluded_lines": [], "start_line": 1327, "executed_branches": [[1343, 1344], [1346, 1349], [1349, 1354], [1354, 1355], [1355, 1358]], "missing_branches": [[1343, 1346], [1346, 1347], [1349, 1350], [1350, 1351], [1350, 1353], [1354, 1360], [1355, 1356], [1360, 1361], [1360, 1363]]}, "get_features_used": {"executed_lines": [1392, 1393, 1400, 1401, 1403, 1405, 1412, 1413, 1416, 1424, 1427, 1430, 1436, 1439, 1458, 1466, 1473, 1487, 1490, 1495, 1502, 1505, 1511, 1537], "summary": {"covered_lines": 24, "num_statements": 62, "percent_covered": 37.5, "percent_covered_display": "38", "missing_lines": 38, "excluded_lines": 0, "percent_statements_covered": 38.70967741935484, "percent_statements_covered_display": "39", "num_branches": 66, "num_partial_branches": 20, "covered_branches": 24, "missing_branches": 42, "percent_branches_covered": 36.36363636363637, "percent_branches_covered_display": "36"}, "missing_lines": [1394, 1402, 1404, 1410, 1414, 1417, 1422, 1425, 1428, 1431, 1434, 1437, 1444, 1445, 1447, 1449, 1450, 1451, 1453, 1454, 1455, 1456, 1464, 1471, 1478, 1479, 1485, 1488, 1493, 1500, 1503, 1509, 1518, 1520, 1521, 1524, 1531, 1535], "excluded_lines": [], "start_line": 1370, "executed_branches": [[1393, 1400], [1400, 1401], [1400, 1537], [1401, 1403], [1403, 1405], [1405, 1412], [1412, 1413], [1412, 1416], [1413, 1400], [1416, 1424], [1424, 1427], [1427, 1430], [1430, 1436], [1436, 1439], [1439, 1458], [1458, 1466], [1466, 1473], [1473, 1487], [1487, 1490], [1490, 1495], [1495, 1502], [1502, 1505], [1505, 1511], [1511, 1400]], "missing_branches": [[1393, 1394], [1401, 1402], [1403, 1404], [1405, 1410], [1413, 1414], [1416, 1417], [1417, 1400], [1417, 1422], [1424, 1425], [1427, 1428], [1430, 1431], [1431, 1400], [1431, 1434], [1436, 1437], [1439, 1444], [1444, 1445], [1444, 1447], [1449, 1400], [1449, 1450], [1450, 1451], [1450, 1453], [1453, 1449], [1453, 1454], [1454, 1449], [1454, 1455], [1455, 1454], [1455, 1456], [1458, 1464], [1466, 1471], [1473, 1478], [1479, 1400], [1479, 1485], [1487, 1488], [1490, 1493], [1495, 1500], [1502, 1503], [1505, 1509], [1511, 1518], [1520, 1521], [1520, 1524], [1531, 1400], [1531, 1535]]}, "is_unpacking_comprehension": {"executed_lines": [1541, 1542], "summary": {"covered_lines": 2, "num_statements": 6, "percent_covered": 30.0, "percent_covered_display": "30", "missing_lines": 4, "excluded_lines": 0, "percent_statements_covered": 33.333333333333336, "percent_statements_covered_display": "33", "num_branches": 4, "num_partial_branches": 1, "covered_branches": 1, "missing_branches": 3, "percent_branches_covered": 25.0, "percent_branches_covered_display": "25"}, "missing_lines": [1544, 1547, 1549, 1550], "excluded_lines": [], "start_line": 1540, "executed_branches": [[1541, 1542]], "missing_branches": [[1541, 1544], [1544, 1547], [1544, 1549]]}, "_contains_asexpr": {"executed_lines": [], "summary": {"covered_lines": 0, "num_statements": 8, "percent_covered": 0.0, "percent_covered_display": "0", "missing_lines": 8, "excluded_lines": 0, "percent_statements_covered": 0.0, "percent_statements_covered_display": "0", "num_branches": 8, "num_partial_branches": 0, "covered_branches": 0, "missing_branches": 8, "percent_branches_covered": 0.0, "percent_branches_covered_display": "0"}, "missing_lines": [1555, 1556, 1557, 1558, 1563, 1564, 1565, 1566], "excluded_lines": [], "start_line": 1553, "executed_branches": [], "missing_branches": [[1555, 1556], [1555, 1557], [1557, 1558], [1557, 1564], [1558, 1563], [1558, 1566], [1564, 1565], [1564, 1566]]}, "detect_target_versions": {"executed_lines": [1573, 1574], "summary": {"covered_lines": 2, "num_statements": 2, "percent_covered": 100.0, "percent_covered_display": "100", "missing_lines": 0, "excluded_lines": 0, "percent_statements_covered": 100.0, "percent_statements_covered_display": "100", "num_branches": 0, "num_partial_branches": 0, "covered_branches": 0, "missing_branches": 0, "percent_branches_covered": 100.0, "percent_branches_covered_display": "100"}, "missing_lines": [], "excluded_lines": [], "start_line": 1569, "executed_branches": [], "missing_branches": []}, "get_future_imports": {"executed_lines": [1581, 1583, 1601, 1602, 1603, 1605, 1606, 1617, 1627, 1629], "summary": {"covered_lines": 10, "num_statements": 19, "percent_covered": 45.45454545454545, "percent_covered_display": "45", "missing_lines": 9, "excluded_lines": 0, "percent_statements_covered": 52.63157894736842, "percent_statements_covered_display": "53", "num_branches": 14, "num_partial_branches": 3, "covered_branches": 5, "missing_branches": 9, "percent_branches_covered": 35.714285714285715, "percent_branches_covered_display": "36"}, "missing_lines": [1608, 1613, 1615, 1618, 1619, 1621, 1622, 1623, 1625], "excluded_lines": [], "start_line": 1579, "executed_branches": [[1601, 1602], [1602, 1603], [1602, 1605], [1606, 1617], [1617, 1627]], "missing_branches": [[1601, 1629], [1606, 1608], [1608, 1613], [1608, 1615], [1617, 1618], [1618, 1619], [1618, 1621], [1622, 1623], [1622, 1625]]}, "get_future_imports.get_imports_from_children": {"executed_lines": [], "summary": {"covered_lines": 0, "num_statements": 12, "percent_covered": 0.0, "percent_covered_display": "0", "missing_lines": 12, "excluded_lines": 0, "percent_statements_covered": 0.0, "percent_statements_covered_display": "0", "num_branches": 10, "num_partial_branches": 0, "covered_branches": 0, "missing_branches": 10, "percent_branches_covered": 0.0, "percent_branches_covered_display": "0"}, "missing_lines": [1584, 1585, 1586, 1587, 1589, 1590, 1591, 1592, 1593, 1595, 1596, 1599], "excluded_lines": [], "start_line": 1583, "executed_branches": [], "missing_branches": [[1584, -1583], [1584, 1585], [1585, 1586], [1585, 1589], [1586, 1584], [1586, 1587], [1589, 1590], [1589, 1595], [1595, 1596], [1595, 1599]]}, "_black_info": {"executed_lines": [], "summary": {"covered_lines": 0, "num_statements": 1, "percent_covered": 0.0, "percent_covered_display": "0", "missing_lines": 1, "excluded_lines": 0, "percent_statements_covered": 0.0, "percent_statements_covered_display": "0", "num_branches": 0, "num_partial_branches": 0, "covered_branches": 0, "missing_branches": 0, "percent_branches_covered": 100.0, "percent_branches_covered_display": "100"}, "missing_lines": [1633], "excluded_lines": [], "start_line": 1632, "executed_branches": [], "missing_branches": []}, "assert_equivalent": {"executed_lines": [], "summary": {"covered_lines": 0, "num_statements": 14, "percent_covered": 0.0, "percent_covered_display": "0", "missing_lines": 14, "excluded_lines": 0, "percent_statements_covered": 0.0, "percent_statements_covered_display": "0", "num_branches": 2, "num_partial_branches": 0, "covered_branches": 0, "missing_branches": 2, "percent_branches_covered": 0.0, "percent_branches_covered_display": "0"}, "missing_lines": [1641, 1642, 1643, 1644, 1651, 1652, 1653, 1654, 1655, 1661, 1662, 1663, 1664, 1665], "excluded_lines": [], "start_line": 1639, "executed_branches": [], "missing_branches": [[1663, -1639], [1663, 1664]]}, "assert_stable": {"executed_lines": [], "summary": {"covered_lines": 0, "num_statements": 6, "percent_covered": 0.0, "percent_covered_display": "0", "missing_lines": 6, "excluded_lines": 0, "percent_statements_covered": 0.0, "percent_statements_covered_display": "0", "num_branches": 4, "num_partial_branches": 0, "covered_branches": 0, "missing_branches": 4, "percent_branches_covered": 0.0, "percent_branches_covered_display": "0"}, "missing_lines": [1676, 1682, 1686, 1687, 1688, 1693], "excluded_lines": [], "start_line": 1672, "executed_branches": [], "missing_branches": [[1676, 1682], [1676, 1686], [1687, -1672], [1687, 1688]]}, "patched_main": {"executed_lines": [], "summary": {"covered_lines": 0, "num_statements": 4, "percent_covered": 0.0, "percent_covered_display": "0", "missing_lines": 4, "excluded_lines": 0, "percent_statements_covered": 0.0, "percent_statements_covered_display": "0", "num_branches": 2, "num_partial_branches": 0, "covered_branches": 0, "missing_branches": 2, "percent_branches_covered": 0.0, "percent_branches_covered_display": "0"}, "missing_lines": [1703, 1704, 1706, 1708], "excluded_lines": [], "start_line": 1700, "executed_branches": [], "missing_branches": [[1703, 1704], [1703, 1708]]}, "": {"executed_lines": [1, 2, 3, 4, 5, 6, 7, 8, 14, 15, 16, 17, 18, 19, 20, 21, 23, 24, 25, 26, 27, 29, 30, 31, 32, 38, 50, 59, 60, 61, 62, 63, 64, 65, 66, 74, 80, 81, 82, 84, 87, 88, 89, 92, 93, 94, 95, 96, 97, 99, 100, 113, 116, 181, 195, 206, 221, 233, 240, 251, 262, 268, 269, 277, 290, 298, 306, 316, 322, 328, 334, 342, 351, 362, 371, 379, 384, 397, 406, 417, 430, 439, 450, 460, 474, 486, 495, 505, 512, 521, 535, 543, 544, 769, 867, 899, 900, 961, 1029, 1081, 1108, 1136, 1173, 1185, 1217, 1264, 1327, 1370, 1540, 1553, 1569, 1579, 1632, 1639, 1672, 1700, 1711], "summary": {"covered_lines": 117, "num_statements": 118, "percent_covered": 98.33333333333333, "percent_covered_display": "98", "missing_lines": 1, "excluded_lines": 0, "percent_statements_covered": 99.15254237288136, "percent_statements_covered_display": "99", "num_branches": 2, "num_partial_branches": 1, "covered_branches": 1, "missing_branches": 1, "percent_branches_covered": 50.0, "percent_branches_covered_display": "50"}, "missing_lines": [1712], "excluded_lines": [], "start_line": 1, "executed_branches": [[1711, -1]], "missing_branches": [[1711, 1712]]}}, "classes": {"WriteBack": {"executed_lines": [], "summary": {"covered_lines": 0, "num_statements": 5, "percent_covered": 0.0, "percent_covered_display": "0", "missing_lines": 5, "excluded_lines": 0, "percent_statements_covered": 0.0, "percent_statements_covered_display": "0", "num_branches": 4, "num_partial_branches": 0, "covered_branches": 0, "missing_branches": 4, "percent_branches_covered": 0.0, "percent_branches_covered_display": "0"}, "missing_lines": [103, 104, 106, 107, 109], "excluded_lines": [], "start_line": 92, "executed_branches": [], "missing_branches": [[103, 104], [103, 106], [106, 107], [106, 109]]}, "": {"executed_lines": [1, 2, 3, 4, 5, 6, 7, 8, 14, 15, 16, 17, 18, 19, 20, 21, 23, 24, 25, 26, 27, 29, 30, 31, 32, 38, 50, 59, 60, 61, 62, 63, 64, 65, 66, 74, 80, 81, 82, 84, 87, 88, 89, 92, 93, 94, 95, 96, 97, 99, 100, 113, 116, 181, 195, 206, 221, 233, 240, 251, 262, 268, 269, 277, 290, 298, 306, 316, 322, 328, 334, 342, 351, 362, 371, 379, 384, 397, 406, 417, 430, 439, 450, 460, 474, 486, 495, 505, 512, 521, 535, 543, 544, 769, 867, 899, 900, 961, 1029, 1081, 1108, 1136, 1173, 1185, 1217, 1249, 1253, 1257, 1258, 1260, 1261, 1264, 1269, 1273, 1277, 1278, 1281, 1282, 1284, 1293, 1294, 1298, 1299, 1300, 1308, 1309, 1310, 1311, 1312, 1315, 1316, 1317, 1318, 1319, 1320, 1321, 1324, 1327, 1338, 1342, 1343, 1344, 1346, 1349, 1354, 1355, 1358, 1365, 1366, 1367, 1370, 1392, 1393, 1400, 1401, 1403, 1405, 1412, 1413, 1416, 1424, 1427, 1430, 1436, 1439, 1458, 1466, 1473, 1487, 1490, 1495, 1502, 1505, 1511, 1537, 1540, 1541, 1542, 1553, 1569, 1573, 1574, 1579, 1581, 1583, 1601, 1602, 1603, 1605, 1606, 1617, 1627, 1629, 1632, 1639, 1672, 1700, 1711], "summary": {"covered_lines": 198, "num_statements": 648, "percent_covered": 25.357873210633947, "percent_covered_display": "25", "missing_lines": 450, "excluded_lines": 1, "percent_statements_covered": 30.555555555555557, "percent_statements_covered_display": "31", "num_branches": 330, "num_partial_branches": 36, "covered_branches": 50, "missing_branches": 280, "percent_branches_covered": 15.151515151515152, "percent_branches_covered_display": "15"}, "missing_lines": [124, 125, 128, 129, 131, 132, 133, 134, 138, 139, 141, 145, 150, 151, 152, 156, 157, 158, 160, 161, 162, 166, 167, 168, 172, 173, 174, 175, 177, 178, 184, 185, 186, 187, 188, 189, 203, 215, 216, 217, 218, 222, 223, 224, 237, 245, 246, 247, 248, 256, 257, 258, 259, 577, 579, 580, 581, 586, 588, 589, 593, 594, 595, 596, 599, 600, 604, 606, 609, 611, 612, 613, 618, 619, 620, 621, 622, 627, 631, 633, 634, 635, 636, 638, 639, 644, 648, 649, 650, 651, 653, 654, 655, 658, 659, 673, 674, 681, 682, 683, 684, 685, 687, 688, 689, 690, 691, 693, 696, 698, 700, 701, 710, 711, 712, 724, 725, 727, 728, 729, 730, 731, 732, 734, 735, 745, 747, 748, 749, 750, 760, 761, 762, 763, 764, 765, 766, 783, 785, 786, 787, 788, 789, 791, 792, 793, 794, 795, 799, 800, 802, 803, 806, 807, 808, 809, 810, 812, 813, 816, 817, 820, 822, 823, 825, 828, 830, 831, 832, 833, 834, 835, 836, 838, 839, 843, 857, 858, 859, 860, 862, 864, 883, 884, 885, 886, 889, 890, 891, 892, 893, 894, 915, 916, 918, 919, 920, 921, 924, 926, 928, 929, 930, 931, 932, 933, 936, 938, 939, 943, 944, 945, 948, 949, 953, 954, 955, 956, 957, 958, 976, 977, 978, 979, 981, 982, 983, 984, 985, 986, 987, 988, 991, 992, 993, 994, 997, 998, 1000, 1001, 1002, 1003, 1004, 1005, 1006, 1007, 1008, 1010, 1012, 1013, 1015, 1016, 1022, 1023, 1024, 1026, 1045, 1047, 1048, 1050, 1052, 1053, 1054, 1055, 1057, 1058, 1061, 1064, 1066, 1067, 1068, 1069, 1070, 1071, 1072, 1073, 1074, 1075, 1076, 1077, 1078, 1094, 1095, 1096, 1097, 1098, 1099, 1100, 1104, 1105, 1121, 1122, 1124, 1125, 1126, 1128, 1130, 1133, 1152, 1153, 1156, 1157, 1158, 1159, 1160, 1161, 1162, 1163, 1164, 1167, 1168, 1169, 1170, 1180, 1181, 1182, 1191, 1192, 1194, 1195, 1196, 1197, 1198, 1199, 1200, 1201, 1202, 1203, 1204, 1206, 1207, 1208, 1209, 1210, 1211, 1212, 1214, 1250, 1251, 1252, 1259, 1279, 1296, 1322, 1323, 1347, 1350, 1351, 1353, 1356, 1360, 1361, 1363, 1394, 1402, 1404, 1410, 1414, 1417, 1422, 1425, 1428, 1431, 1434, 1437, 1444, 1445, 1447, 1449, 1450, 1451, 1453, 1454, 1455, 1456, 1464, 1471, 1478, 1479, 1485, 1488, 1493, 1500, 1503, 1509, 1518, 1520, 1521, 1524, 1531, 1535, 1544, 1547, 1549, 1550, 1555, 1556, 1557, 1558, 1563, 1564, 1565, 1566, 1584, 1585, 1586, 1587, 1589, 1590, 1591, 1592, 1593, 1595, 1596, 1599, 1608, 1613, 1615, 1618, 1619, 1621, 1622, 1623, 1625, 1633, 1641, 1642, 1643, 1644, 1651, 1652, 1653, 1654, 1655, 1661, 1662, 1663, 1664, 1665, 1676, 1682, 1686, 1687, 1688, 1693, 1703, 1704, 1706, 1708, 1712], "excluded_lines": [1220], "start_line": 1, "executed_branches": [[1249, 1253], [1257, 1258], [1257, 1261], [1258, 1260], [1278, 1281], [1294, 1298], [1309, 1310], [1309, 1316], [1312, 1309], [1312, 1315], [1316, 1317], [1319, 1320], [1319, 1321], [1321, 1324], [1343, 1344], [1346, 1349], [1349, 1354], [1354, 1355], [1355, 1358], [1393, 1400], [1400, 1401], [1400, 1537], [1401, 1403], [1403, 1405], [1405, 1412], [1412, 1413], [1412, 1416], [1413, 1400], [1416, 1424], [1424, 1427], [1427, 1430], [1430, 1436], [1436, 1439], [1439, 1458], [1458, 1466], [1466, 1473], [1473, 1487], [1487, 1490], [1490, 1495], [1495, 1502], [1502, 1505], [1505, 1511], [1511, 1400], [1541, 1542], [1601, 1602], [1602, 1603], [1602, 1605], [1606, 1617], [1617, 1627], [1711, -1]], "missing_branches": [[124, 125], [124, 131], [128, 129], [128, 131], [138, 139], [138, 141], [151, 152], [151, 156], [157, 158], [157, 160], [161, 162], [161, 166], [167, 168], [167, 172], [173, 174], [173, 175], [187, -181], [187, 188], [215, 216], [215, 217], [245, 246], [245, 247], [580, 581], [580, 588], [588, 589], [588, 594], [594, 595], [594, 599], [599, 600], [599, 606], [611, 612], [611, 638], [612, 613], [612, 618], [618, 619], [618, 638], [621, 622], [621, 627], [627, 631], [627, 633], [634, 635], [634, 638], [635, 636], [635, 638], [639, 644], [639, 649], [649, 650], [649, 653], [654, 655], [654, 658], [673, 674], [673, 681], [682, 683], [682, 693], [683, 684], [683, 687], [693, 696], [693, 698], [700, 701], [700, 710], [727, 728], [727, 734], [728, 729], [728, 730], [730, 731], [730, 732], [734, 735], [734, 745], [747, 748], [747, 750], [760, 761], [760, 766], [761, 762], [761, 763], [764, 765], [764, 766], [791, 792], [791, 864], [792, 793], [792, 802], [794, 795], [794, 800], [806, 807], [806, 833], [807, 808], [807, 812], [808, 809], [808, 810], [816, 817], [816, 822], [822, 823], [822, 825], [825, 828], [825, 830], [830, 831], [830, 832], [833, 834], [833, 857], [835, 836], [835, 838], [838, 839], [838, 843], [857, 858], [857, 862], [858, 859], [858, 860], [886, 889], [886, 890], [892, 893], [892, 894], [918, 919], [918, 920], [920, 921], [920, 926], [928, 929], [928, 938], [929, 930], [929, 931], [931, 932], [931, 933], [933, 936], [933, 954], [939, 943], [939, 945], [943, 944], [943, 945], [945, 948], [945, 949], [949, 953], [949, 954], [956, 957], [956, 958], [976, 977], [976, 978], [978, 979], [978, 981], [984, 985], [984, 986], [1000, 1001], [1000, 1003], [1003, 1004], [1003, 1026], [1007, 1008], [1007, 1010], [1012, 1013], [1012, 1015], [1047, 1048], [1047, 1050], [1064, 1066], [1064, 1069], [1066, 1067], [1066, 1068], [1069, 1070], [1069, 1078], [1074, 1075], [1074, 1077], [1099, 1100], [1099, 1104], [1121, 1122], [1121, 1124], [1125, 1126], [1125, 1128], [1128, 1130], [1128, 1133], [1161, 1162], [1161, 1163], [1168, 1169], [1168, 1170], [1181, -1173], [1181, 1182], [1191, 1192], [1191, 1194], [1198, 1199], [1198, 1208], [1199, 1198], [1199, 1200], [1208, 1209], [1208, 1214], [1210, 1211], [1210, 1212], [1249, 1250], [1251, 1252], [1251, 1253], [1258, 1259], [1278, 1279], [1294, 1296], [1316, 1318], [1321, 1322], [1322, 1323], [1322, 1324], [1343, 1346], [1346, 1347], [1349, 1350], [1350, 1351], [1350, 1353], [1354, 1360], [1355, 1356], [1360, 1361], [1360, 1363], [1393, 1394], [1401, 1402], [1403, 1404], [1405, 1410], [1413, 1414], [1416, 1417], [1417, 1400], [1417, 1422], [1424, 1425], [1427, 1428], [1430, 1431], [1431, 1400], [1431, 1434], [1436, 1437], [1439, 1444], [1444, 1445], [1444, 1447], [1449, 1400], [1449, 1450], [1450, 1451], [1450, 1453], [1453, 1449], [1453, 1454], [1454, 1449], [1454, 1455], [1455, 1454], [1455, 1456], [1458, 1464], [1466, 1471], [1473, 1478], [1479, 1400], [1479, 1485], [1487, 1488], [1490, 1493], [1495, 1500], [1502, 1503], [1505, 1509], [1511, 1518], [1520, 1521], [1520, 1524], [1531, 1400], [1531, 1535], [1541, 1544], [1544, 1547], [1544, 1549], [1555, 1556], [1555, 1557], [1557, 1558], [1557, 1564], [1558, 1563], [1558, 1566], [1564, 1565], [1564, 1566], [1584, -1583], [1584, 1585], [1585, 1586], [1585, 1589], [1586, 1584], [1586, 1587], [1589, 1590], [1589, 1595], [1595, 1596], [1595, 1599], [1601, 1629], [1606, 1608], [1608, 1613], [1608, 1615], [1617, 1618], [1618, 1619], [1618, 1621], [1622, 1623], [1622, 1625], [1663, -1639], [1663, 1664], [1676, 1682], [1676, 1686], [1687, -1672], [1687, 1688], [1703, 1704], [1703, 1708], [1711, 1712]]}}}, "src/black/__main__.py": {"executed_lines": [], "summary": {"covered_lines": 0, "num_statements": 2, "percent_covered": 0.0, "percent_covered_display": "0", "missing_lines": 2, "excluded_lines": 0, "percent_statements_covered": 0.0, "percent_statements_covered_display": "0", "num_branches": 0, "num_partial_branches": 0, "covered_branches": 0, "missing_branches": 0, "percent_branches_covered": 100.0, "percent_branches_covered_display": "100"}, "missing_lines": [1, 3], "excluded_lines": [], "executed_branches": [], "missing_branches": [], "functions": {"": {"executed_lines": [], "summary": {"covered_lines": 0, "num_statements": 2, "percent_covered": 0.0, "percent_covered_display": "0", "missing_lines": 2, "excluded_lines": 0, "percent_statements_covered": 0.0, "percent_statements_covered_display": "0", "num_branches": 0, "num_partial_branches": 0, "covered_branches": 0, "missing_branches": 0, "percent_branches_covered": 100.0, "percent_branches_covered_display": "100"}, "missing_lines": [1, 3], "excluded_lines": [], "start_line": 1, "executed_branches": [], "missing_branches": []}}, "classes": {"": {"executed_lines": [], "summary": {"covered_lines": 0, "num_statements": 2, "percent_covered": 0.0, "percent_covered_display": "0", "missing_lines": 2, "excluded_lines": 0, "percent_statements_covered": 0.0, "percent_statements_covered_display": "0", "num_branches": 0, "num_partial_branches": 0, "covered_branches": 0, "missing_branches": 0, "percent_branches_covered": 100.0, "percent_branches_covered_display": "100"}, "missing_lines": [1, 3], "excluded_lines": [], "start_line": 1, "executed_branches": [], "missing_branches": []}}}, "src/black/_width_table.py": {"executed_lines": [4, 6], "summary": {"covered_lines": 2, "num_statements": 2, "percent_covered": 100.0, "percent_covered_display": "100", "missing_lines": 0, "excluded_lines": 0, "percent_statements_covered": 100.0, "percent_statements_covered_display": "100", "num_branches": 0, "num_partial_branches": 0, "covered_branches": 0, "missing_branches": 0, "percent_branches_covered": 100.0, "percent_branches_covered_display": "100"}, "missing_lines": [], "excluded_lines": [], "executed_branches": [], "missing_branches": [], "functions": {"": {"executed_lines": [4, 6], "summary": {"covered_lines": 2, "num_statements": 2, "percent_covered": 100.0, "percent_covered_display": "100", "missing_lines": 0, "excluded_lines": 0, "percent_statements_covered": 100.0, "percent_statements_covered_display": "100", "num_branches": 0, "num_partial_branches": 0, "covered_branches": 0, "missing_branches": 0, "percent_branches_covered": 100.0, "percent_branches_covered_display": "100"}, "missing_lines": [], "excluded_lines": [], "start_line": 1, "executed_branches": [], "missing_branches": []}}, "classes": {"": {"executed_lines": [4, 6], "summary": {"covered_lines": 2, "num_statements": 2, "percent_covered": 100.0, "percent_covered_display": "100", "missing_lines": 0, "excluded_lines": 0, "percent_statements_covered": 100.0, "percent_statements_covered_display": "100", "num_branches": 0, "num_partial_branches": 0, "covered_branches": 0, "missing_branches": 0, "percent_branches_covered": 100.0, "percent_branches_covered_display": "100"}, "missing_lines": [], "excluded_lines": [], "start_line": 1, "executed_branches": [], "missing_branches": []}}}, "src/black/brackets.py": {"executed_lines": [3, 4, 5, 7, 19, 20, 23, 24, 25, 26, 27, 30, 31, 32, 33, 34, 35, 36, 52, 55, 59, 60, 63, 64, 65, 66, 67, 68, 69, 71, 89, 90, 92, 99, 100, 101, 102, 103, 104, 110, 111, 112, 113, 114, 115, 116, 119, 120, 122, 123, 124, 125, 126, 127, 128, 129, 131, 138, 140, 142, 150, 161, 167, 172, 174, 176, 186, 188, 194, 199, 201, 203, 212, 214, 216, 219, 227, 241, 244, 252, 257, 265, 272, 275, 282, 283, 285, 297, 304, 307, 310, 322, 334, 337, 340, 346, 349, 350, 351, 352, 364, 394], "summary": {"covered_lines": 102, "num_statements": 181, "percent_covered": 51.68539325842696, "percent_covered_display": "52", "missing_lines": 79, "excluded_lines": 0, "percent_statements_covered": 56.353591160220994, "percent_statements_covered_display": "56", "num_branches": 86, "num_partial_branches": 22, "covered_branches": 36, "missing_branches": 50, "percent_branches_covered": 41.86046511627907, "percent_branches_covered_display": "42"}, "missing_lines": [97, 105, 106, 117, 121, 136, 148, 155, 156, 158, 159, 168, 169, 170, 182, 183, 184, 195, 196, 197, 208, 209, 210, 230, 231, 232, 233, 238, 239, 255, 263, 270, 273, 280, 291, 295, 302, 305, 308, 320, 332, 335, 347, 354, 355, 356, 357, 358, 360, 361, 374, 375, 376, 377, 378, 379, 380, 381, 382, 388, 389, 391, 400, 402, 405, 406, 407, 408, 409, 410, 411, 412, 413, 414, 415, 416, 417, 419, 420], "excluded_lines": [], "executed_branches": [[89, 90], [89, 92], [92, 99], [101, 102], [101, 113], [111, 112], [111, 113], [114, 115], [114, 122], [116, 119], [120, 122], [122, 123], [122, 127], [125, 126], [125, 127], [167, 172], [176, 186], [194, 199], [203, 212], [227, 241], [252, 257], [257, 265], [265, 272], [272, 275], [275, 282], [282, 283], [282, 285], [285, 297], [297, 304], [304, 307], [307, 310], [310, 322], [322, 334], [334, 337], [346, 349], [351, 352]], "missing_branches": [[92, 97], [116, 117], [120, 121], [155, 156], [155, 158], [167, 168], [176, 182], [194, 195], [203, 208], [227, 230], [231, 232], [231, 239], [233, 238], [233, 239], [252, 255], [257, 263], [265, 270], [272, 273], [275, 280], [285, 291], [291, 295], [291, 297], [297, 302], [304, 305], [307, 308], [310, 320], [322, 332], [334, 335], [346, 347], [351, 354], [355, 356], [355, 357], [374, -364], [374, 375], [375, 376], [375, 378], [378, 379], [378, 380], [382, 388], [382, 391], [409, 410], [409, 420], [411, 412], [411, 413], [413, 409], [413, 414], [414, 415], [414, 419], [416, 409], [416, 417]], "functions": {"BracketTracker.mark": {"executed_lines": [89, 90, 92, 99, 100, 101, 102, 103, 104, 110, 111, 112, 113, 114, 115, 116, 119, 120, 122, 123, 124, 125, 126, 127, 128, 129], "summary": {"covered_lines": 26, "num_statements": 31, "percent_covered": 83.6734693877551, "percent_covered_display": "84", "missing_lines": 5, "excluded_lines": 0, "percent_statements_covered": 83.87096774193549, "percent_statements_covered_display": "84", "num_branches": 18, "num_partial_branches": 3, "covered_branches": 15, "missing_branches": 3, "percent_branches_covered": 83.33333333333333, "percent_branches_covered_display": "83"}, "missing_lines": [97, 105, 106, 117, 121], "excluded_lines": [], "start_line": 71, "executed_branches": [[89, 90], [89, 92], [92, 99], [101, 102], [101, 113], [111, 112], [111, 113], [114, 115], [114, 122], [116, 119], [120, 122], [122, 123], [122, 127], [125, 126], [125, 127]], "missing_branches": [[92, 97], [116, 117], [120, 121]]}, "BracketTracker.any_open_for_or_lambda": {"executed_lines": [], "summary": {"covered_lines": 0, "num_statements": 1, "percent_covered": 0.0, "percent_covered_display": "0", "missing_lines": 1, "excluded_lines": 0, "percent_statements_covered": 0.0, "percent_statements_covered_display": "0", "num_branches": 0, "num_partial_branches": 0, "covered_branches": 0, "missing_branches": 0, "percent_branches_covered": 100.0, "percent_branches_covered_display": "100"}, "missing_lines": [136], "excluded_lines": [], "start_line": 131, "executed_branches": [], "missing_branches": []}, "BracketTracker.any_open_brackets": {"executed_lines": [140], "summary": {"covered_lines": 1, "num_statements": 1, "percent_covered": 100.0, "percent_covered_display": "100", "missing_lines": 0, "excluded_lines": 0, "percent_statements_covered": 100.0, "percent_statements_covered_display": "100", "num_branches": 0, "num_partial_branches": 0, "covered_branches": 0, "missing_branches": 0, "percent_branches_covered": 100.0, "percent_branches_covered_display": "100"}, "missing_lines": [], "excluded_lines": [], "start_line": 138, "executed_branches": [], "missing_branches": []}, "BracketTracker.max_delimiter_priority": {"executed_lines": [], "summary": {"covered_lines": 0, "num_statements": 1, "percent_covered": 0.0, "percent_covered_display": "0", "missing_lines": 1, "excluded_lines": 0, "percent_statements_covered": 0.0, "percent_statements_covered_display": "0", "num_branches": 0, "num_partial_branches": 0, "covered_branches": 0, "missing_branches": 0, "percent_branches_covered": 100.0, "percent_branches_covered_display": "100"}, "missing_lines": [148], "excluded_lines": [], "start_line": 142, "executed_branches": [], "missing_branches": []}, "BracketTracker.delimiter_count_with_priority": {"executed_lines": [], "summary": {"covered_lines": 0, "num_statements": 4, "percent_covered": 0.0, "percent_covered_display": "0", "missing_lines": 4, "excluded_lines": 0, "percent_statements_covered": 0.0, "percent_statements_covered_display": "0", "num_branches": 2, "num_partial_branches": 0, "covered_branches": 0, "missing_branches": 2, "percent_branches_covered": 0.0, "percent_branches_covered_display": "0"}, "missing_lines": [155, 156, 158, 159], "excluded_lines": [], "start_line": 150, "executed_branches": [], "missing_branches": [[155, 156], [155, 158]]}, "BracketTracker.maybe_increment_for_loop_variable": {"executed_lines": [167, 172], "summary": {"covered_lines": 2, "num_statements": 5, "percent_covered": 42.857142857142854, "percent_covered_display": "43", "missing_lines": 3, "excluded_lines": 0, "percent_statements_covered": 40.0, "percent_statements_covered_display": "40", "num_branches": 2, "num_partial_branches": 1, "covered_branches": 1, "missing_branches": 1, "percent_branches_covered": 50.0, "percent_branches_covered_display": "50"}, "missing_lines": [168, 169, 170], "excluded_lines": [], "start_line": 161, "executed_branches": [[167, 172]], "missing_branches": [[167, 168]]}, "BracketTracker.maybe_decrement_after_for_loop_variable": {"executed_lines": [176, 186], "summary": {"covered_lines": 2, "num_statements": 5, "percent_covered": 42.857142857142854, "percent_covered_display": "43", "missing_lines": 3, "excluded_lines": 0, "percent_statements_covered": 40.0, "percent_statements_covered_display": "40", "num_branches": 2, "num_partial_branches": 1, "covered_branches": 1, "missing_branches": 1, "percent_branches_covered": 50.0, "percent_branches_covered_display": "50"}, "missing_lines": [182, 183, 184], "excluded_lines": [], "start_line": 174, "executed_branches": [[176, 186]], "missing_branches": [[176, 182]]}, "BracketTracker.maybe_increment_lambda_arguments": {"executed_lines": [194, 199], "summary": {"covered_lines": 2, "num_statements": 5, "percent_covered": 42.857142857142854, "percent_covered_display": "43", "missing_lines": 3, "excluded_lines": 0, "percent_statements_covered": 40.0, "percent_statements_covered_display": "40", "num_branches": 2, "num_partial_branches": 1, "covered_branches": 1, "missing_branches": 1, "percent_branches_covered": 50.0, "percent_branches_covered_display": "50"}, "missing_lines": [195, 196, 197], "excluded_lines": [], "start_line": 188, "executed_branches": [[194, 199]], "missing_branches": [[194, 195]]}, "BracketTracker.maybe_decrement_after_lambda_arguments": {"executed_lines": [203, 212], "summary": {"covered_lines": 2, "num_statements": 5, "percent_covered": 42.857142857142854, "percent_covered_display": "43", "missing_lines": 3, "excluded_lines": 0, "percent_statements_covered": 40.0, "percent_statements_covered_display": "40", "num_branches": 2, "num_partial_branches": 1, "covered_branches": 1, "missing_branches": 1, "percent_branches_covered": 50.0, "percent_branches_covered_display": "50"}, "missing_lines": [208, 209, 210], "excluded_lines": [], "start_line": 201, "executed_branches": [[203, 212]], "missing_branches": [[203, 208]]}, "BracketTracker.get_open_lsqb": {"executed_lines": [216], "summary": {"covered_lines": 1, "num_statements": 1, "percent_covered": 100.0, "percent_covered_display": "100", "missing_lines": 0, "excluded_lines": 0, "percent_statements_covered": 100.0, "percent_statements_covered_display": "100", "num_branches": 0, "num_partial_branches": 0, "covered_branches": 0, "missing_branches": 0, "percent_branches_covered": 100.0, "percent_branches_covered_display": "100"}, "missing_lines": [], "excluded_lines": [], "start_line": 214, "executed_branches": [], "missing_branches": []}, "is_split_after_delimiter": {"executed_lines": [227, 241], "summary": {"covered_lines": 2, "num_statements": 8, "percent_covered": 21.428571428571427, "percent_covered_display": "21", "missing_lines": 6, "excluded_lines": 0, "percent_statements_covered": 25.0, "percent_statements_covered_display": "25", "num_branches": 6, "num_partial_branches": 1, "covered_branches": 1, "missing_branches": 5, "percent_branches_covered": 16.666666666666668, "percent_branches_covered_display": "17"}, "missing_lines": [230, 231, 232, 233, 238, 239], "excluded_lines": [], "start_line": 219, "executed_branches": [[227, 241]], "missing_branches": [[227, 230], [231, 232], [231, 239], [233, 238], [233, 239]]}, "is_split_before_delimiter": {"executed_lines": [252, 257, 265, 272, 275, 282, 283, 285, 297, 304, 307, 310, 322, 334, 337], "summary": {"covered_lines": 15, "num_statements": 28, "percent_covered": 51.785714285714285, "percent_covered_display": "52", "missing_lines": 13, "excluded_lines": 0, "percent_statements_covered": 53.57142857142857, "percent_statements_covered_display": "54", "num_branches": 28, "num_partial_branches": 12, "covered_branches": 14, "missing_branches": 14, "percent_branches_covered": 50.0, "percent_branches_covered_display": "50"}, "missing_lines": [255, 263, 270, 273, 280, 291, 295, 302, 305, 308, 320, 332, 335], "excluded_lines": [], "start_line": 244, "executed_branches": [[252, 257], [257, 265], [265, 272], [272, 275], [275, 282], [282, 283], [282, 285], [285, 297], [297, 304], [304, 307], [307, 310], [310, 322], [322, 334], [334, 337]], "missing_branches": [[252, 255], [257, 263], [265, 270], [272, 273], [275, 280], [285, 291], [291, 295], [291, 297], [297, 302], [304, 305], [307, 308], [310, 320], [322, 332], [334, 335]]}, "max_delimiter_priority_in_atom": {"executed_lines": [346, 349, 350, 351, 352], "summary": {"covered_lines": 5, "num_statements": 13, "percent_covered": 36.8421052631579, "percent_covered_display": "37", "missing_lines": 8, "excluded_lines": 0, "percent_statements_covered": 38.46153846153846, "percent_statements_covered_display": "38", "num_branches": 6, "num_partial_branches": 2, "covered_branches": 2, "missing_branches": 4, "percent_branches_covered": 33.333333333333336, "percent_branches_covered_display": "33"}, "missing_lines": [347, 354, 355, 356, 357, 358, 360, 361], "excluded_lines": [], "start_line": 340, "executed_branches": [[346, 349], [351, 352]], "missing_branches": [[346, 347], [351, 354], [355, 356], [355, 357]]}, "_top_level_leaves": {"executed_lines": [], "summary": {"covered_lines": 0, "num_statements": 12, "percent_covered": 0.0, "percent_covered_display": "0", "missing_lines": 12, "excluded_lines": 0, "percent_statements_covered": 0.0, "percent_statements_covered_display": "0", "num_branches": 8, "num_partial_branches": 0, "covered_branches": 0, "missing_branches": 8, "percent_branches_covered": 0.0, "percent_branches_covered_display": "0"}, "missing_lines": [374, 375, 376, 377, 378, 379, 380, 381, 382, 388, 389, 391], "excluded_lines": [], "start_line": 364, "executed_branches": [], "missing_branches": [[374, -364], [374, 375], [375, 376], [375, 378], [378, 379], [378, 380], [382, 388], [382, 391]]}, "get_leaves_inside_matching_brackets": {"executed_lines": [], "summary": {"covered_lines": 0, "num_statements": 17, "percent_covered": 0.0, "percent_covered_display": "0", "missing_lines": 17, "excluded_lines": 0, "percent_statements_covered": 0.0, "percent_statements_covered_display": "0", "num_branches": 10, "num_partial_branches": 0, "covered_branches": 0, "missing_branches": 10, "percent_branches_covered": 0.0, "percent_branches_covered_display": "0"}, "missing_lines": [400, 402, 405, 406, 407, 408, 409, 410, 411, 412, 413, 414, 415, 416, 417, 419, 420], "excluded_lines": [], "start_line": 394, "executed_branches": [], "missing_branches": [[409, 410], [409, 420], [411, 412], [411, 413], [413, 409], [413, 414], [414, 415], [414, 419], [416, 409], [416, 417]]}, "": {"executed_lines": [3, 4, 5, 7, 19, 20, 23, 24, 25, 26, 27, 30, 31, 32, 33, 34, 35, 36, 52, 55, 59, 60, 63, 64, 65, 66, 67, 68, 69, 71, 131, 138, 142, 150, 161, 174, 188, 201, 214, 219, 244, 340, 364, 394], "summary": {"covered_lines": 44, "num_statements": 44, "percent_covered": 100.0, "percent_covered_display": "100", "missing_lines": 0, "excluded_lines": 0, "percent_statements_covered": 100.0, "percent_statements_covered_display": "100", "num_branches": 0, "num_partial_branches": 0, "covered_branches": 0, "missing_branches": 0, "percent_branches_covered": 100.0, "percent_branches_covered_display": "100"}, "missing_lines": [], "excluded_lines": [], "start_line": 1, "executed_branches": [], "missing_branches": []}}, "classes": {"BracketMatchError": {"executed_lines": [], "summary": {"covered_lines": 0, "num_statements": 0, "percent_covered": 100.0, "percent_covered_display": "100", "missing_lines": 0, "excluded_lines": 0, "percent_statements_covered": 100.0, "percent_statements_covered_display": "100", "num_branches": 0, "num_partial_branches": 0, "covered_branches": 0, "missing_branches": 0, "percent_branches_covered": 100.0, "percent_branches_covered_display": "100"}, "missing_lines": [], "excluded_lines": [], "start_line": 55, "executed_branches": [], "missing_branches": []}, "BracketTracker": {"executed_lines": [89, 90, 92, 99, 100, 101, 102, 103, 104, 110, 111, 112, 113, 114, 115, 116, 119, 120, 122, 123, 124, 125, 126, 127, 128, 129, 140, 167, 172, 176, 186, 194, 199, 203, 212, 216], "summary": {"covered_lines": 36, "num_statements": 59, "percent_covered": 63.2183908045977, "percent_covered_display": "63", "missing_lines": 23, "excluded_lines": 0, "percent_statements_covered": 61.016949152542374, "percent_statements_covered_display": "61", "num_branches": 28, "num_partial_branches": 7, "covered_branches": 19, "missing_branches": 9, "percent_branches_covered": 67.85714285714286, "percent_branches_covered_display": "68"}, "missing_lines": [97, 105, 106, 117, 121, 136, 148, 155, 156, 158, 159, 168, 169, 170, 182, 183, 184, 195, 196, 197, 208, 209, 210], "excluded_lines": [], "start_line": 60, "executed_branches": [[89, 90], [89, 92], [92, 99], [101, 102], [101, 113], [111, 112], [111, 113], [114, 115], [114, 122], [116, 119], [120, 122], [122, 123], [122, 127], [125, 126], [125, 127], [167, 172], [176, 186], [194, 199], [203, 212]], "missing_branches": [[92, 97], [116, 117], [120, 121], [155, 156], [155, 158], [167, 168], [176, 182], [194, 195], [203, 208]]}, "": {"executed_lines": [3, 4, 5, 7, 19, 20, 23, 24, 25, 26, 27, 30, 31, 32, 33, 34, 35, 36, 52, 55, 59, 60, 63, 64, 65, 66, 67, 68, 69, 71, 131, 138, 142, 150, 161, 174, 188, 201, 214, 219, 227, 241, 244, 252, 257, 265, 272, 275, 282, 283, 285, 297, 304, 307, 310, 322, 334, 337, 340, 346, 349, 350, 351, 352, 364, 394], "summary": {"covered_lines": 66, "num_statements": 122, "percent_covered": 46.111111111111114, "percent_covered_display": "46", "missing_lines": 56, "excluded_lines": 0, "percent_statements_covered": 54.09836065573771, "percent_statements_covered_display": "54", "num_branches": 58, "num_partial_branches": 15, "covered_branches": 17, "missing_branches": 41, "percent_branches_covered": 29.310344827586206, "percent_branches_covered_display": "29"}, "missing_lines": [230, 231, 232, 233, 238, 239, 255, 263, 270, 273, 280, 291, 295, 302, 305, 308, 320, 332, 335, 347, 354, 355, 356, 357, 358, 360, 361, 374, 375, 376, 377, 378, 379, 380, 381, 382, 388, 389, 391, 400, 402, 405, 406, 407, 408, 409, 410, 411, 412, 413, 414, 415, 416, 417, 419, 420], "excluded_lines": [], "start_line": 1, "executed_branches": [[227, 241], [252, 257], [257, 265], [265, 272], [272, 275], [275, 282], [282, 283], [282, 285], [285, 297], [297, 304], [304, 307], [307, 310], [310, 322], [322, 334], [334, 337], [346, 349], [351, 352]], "missing_branches": [[227, 230], [231, 232], [231, 239], [233, 238], [233, 239], [252, 255], [257, 263], [265, 270], [272, 273], [275, 280], [285, 291], [291, 295], [291, 297], [297, 302], [304, 305], [307, 308], [310, 320], [322, 332], [334, 335], [346, 347], [351, 354], [355, 356], [355, 357], [374, -364], [374, 375], [375, 376], [375, 378], [378, 379], [378, 380], [382, 388], [382, 391], [409, 410], [409, 420], [411, 412], [411, 413], [413, 409], [413, 414], [414, 415], [414, 419], [416, 409], [416, 417]]}}}, "src/black/cache.py": {"executed_lines": [3, 4, 5, 6, 7, 8, 9, 10, 11, 13, 15, 16, 17, 19, 20, 25, 26, 27, 28, 31, 42, 43, 44, 45, 48, 51, 55, 56, 57, 58, 59, 61, 62, 87, 88, 94, 95, 102, 118, 133], "summary": {"covered_lines": 40, "num_statements": 90, "percent_covered": 38.679245283018865, "percent_covered_display": "39", "missing_lines": 50, "excluded_lines": 0, "percent_statements_covered": 44.44444444444444, "percent_statements_covered_display": "44", "num_branches": 16, "num_partial_branches": 1, "covered_branches": 1, "missing_branches": 15, "percent_branches_covered": 6.25, "percent_branches_covered_display": "6"}, "missing_lines": [22, 52, 68, 69, 70, 71, 73, 74, 75, 76, 78, 79, 80, 81, 82, 83, 85, 91, 92, 98, 99, 100, 104, 105, 106, 107, 109, 110, 111, 112, 113, 114, 115, 116, 124, 125, 126, 127, 128, 130, 131, 135, 138, 139, 140, 144, 147, 148, 149, 150], "excluded_lines": [], "executed_branches": [[19, 20]], "missing_branches": [[19, 22], [75, 76], [75, 78], [106, 107], [106, 109], [110, 111], [110, 112], [112, 113], [112, 116], [114, 115], [114, 116], [126, 127], [126, 131], [127, 128], [127, 130]], "functions": {"get_cache_dir": {"executed_lines": [42, 43, 44, 45], "summary": {"covered_lines": 4, "num_statements": 4, "percent_covered": 100.0, "percent_covered_display": "100", "missing_lines": 0, "excluded_lines": 0, "percent_statements_covered": 100.0, "percent_statements_covered_display": "100", "num_branches": 0, "num_partial_branches": 0, "covered_branches": 0, "missing_branches": 0, "percent_branches_covered": 100.0, "percent_branches_covered_display": "100"}, "missing_lines": [], "excluded_lines": [], "start_line": 31, "executed_branches": [], "missing_branches": []}, "get_cache_file": {"executed_lines": [], "summary": {"covered_lines": 0, "num_statements": 1, "percent_covered": 0.0, "percent_covered_display": "0", "missing_lines": 1, "excluded_lines": 0, "percent_statements_covered": 0.0, "percent_statements_covered_display": "0", "num_branches": 0, "num_partial_branches": 0, "covered_branches": 0, "missing_branches": 0, "percent_branches_covered": 100.0, "percent_branches_covered_display": "100"}, "missing_lines": [52], "excluded_lines": [], "start_line": 51, "executed_branches": [], "missing_branches": []}, "Cache.read": {"executed_lines": [], "summary": {"covered_lines": 0, "num_statements": 15, "percent_covered": 0.0, "percent_covered_display": "0", "missing_lines": 15, "excluded_lines": 0, "percent_statements_covered": 0.0, "percent_statements_covered_display": "0", "num_branches": 2, "num_partial_branches": 0, "covered_branches": 0, "missing_branches": 2, "percent_branches_covered": 0.0, "percent_branches_covered_display": "0"}, "missing_lines": [68, 69, 70, 71, 73, 74, 75, 76, 78, 79, 80, 81, 82, 83, 85], "excluded_lines": [], "start_line": 62, "executed_branches": [], "missing_branches": [[75, 76], [75, 78]]}, "Cache.hash_digest": {"executed_lines": [], "summary": {"covered_lines": 0, "num_statements": 2, "percent_covered": 0.0, "percent_covered_display": "0", "missing_lines": 2, "excluded_lines": 0, "percent_statements_covered": 0.0, "percent_statements_covered_display": "0", "num_branches": 0, "num_partial_branches": 0, "covered_branches": 0, "missing_branches": 0, "percent_branches_covered": 100.0, "percent_branches_covered_display": "100"}, "missing_lines": [91, 92], "excluded_lines": [], "start_line": 88, "executed_branches": [], "missing_branches": []}, "Cache.get_file_data": {"executed_lines": [], "summary": {"covered_lines": 0, "num_statements": 3, "percent_covered": 0.0, "percent_covered_display": "0", "missing_lines": 3, "excluded_lines": 0, "percent_statements_covered": 0.0, "percent_statements_covered_display": "0", "num_branches": 0, "num_partial_branches": 0, "covered_branches": 0, "missing_branches": 0, "percent_branches_covered": 100.0, "percent_branches_covered_display": "100"}, "missing_lines": [98, 99, 100], "excluded_lines": [], "start_line": 95, "executed_branches": [], "missing_branches": []}, "Cache.is_changed": {"executed_lines": [], "summary": {"covered_lines": 0, "num_statements": 12, "percent_covered": 0.0, "percent_covered_display": "0", "missing_lines": 12, "excluded_lines": 0, "percent_statements_covered": 0.0, "percent_statements_covered_display": "0", "num_branches": 8, "num_partial_branches": 0, "covered_branches": 0, "missing_branches": 8, "percent_branches_covered": 0.0, "percent_branches_covered_display": "0"}, "missing_lines": [104, 105, 106, 107, 109, 110, 111, 112, 113, 114, 115, 116], "excluded_lines": [], "start_line": 102, "executed_branches": [], "missing_branches": [[106, 107], [106, 109], [110, 111], [110, 112], [112, 113], [112, 116], [114, 115], [114, 116]]}, "Cache.filtered_cached": {"executed_lines": [], "summary": {"covered_lines": 0, "num_statements": 7, "percent_covered": 0.0, "percent_covered_display": "0", "missing_lines": 7, "excluded_lines": 0, "percent_statements_covered": 0.0, "percent_statements_covered_display": "0", "num_branches": 4, "num_partial_branches": 0, "covered_branches": 0, "missing_branches": 4, "percent_branches_covered": 0.0, "percent_branches_covered_display": "0"}, "missing_lines": [124, 125, 126, 127, 128, 130, 131], "excluded_lines": [], "start_line": 118, "executed_branches": [], "missing_branches": [[126, 127], [126, 131], [127, 128], [127, 130]]}, "Cache.write": {"executed_lines": [], "summary": {"covered_lines": 0, "num_statements": 9, "percent_covered": 0.0, "percent_covered_display": "0", "missing_lines": 9, "excluded_lines": 0, "percent_statements_covered": 0.0, "percent_statements_covered_display": "0", "num_branches": 0, "num_partial_branches": 0, "covered_branches": 0, "missing_branches": 0, "percent_branches_covered": 100.0, "percent_branches_covered_display": "100"}, "missing_lines": [135, 138, 139, 140, 144, 147, 148, 149, 150], "excluded_lines": [], "start_line": 133, "executed_branches": [], "missing_branches": []}, "": {"executed_lines": [3, 4, 5, 6, 7, 8, 9, 10, 11, 13, 15, 16, 17, 19, 20, 25, 26, 27, 28, 31, 48, 51, 55, 56, 57, 58, 59, 61, 62, 87, 88, 94, 95, 102, 118, 133], "summary": {"covered_lines": 36, "num_statements": 37, "percent_covered": 94.87179487179488, "percent_covered_display": "95", "missing_lines": 1, "excluded_lines": 0, "percent_statements_covered": 97.29729729729729, "percent_statements_covered_display": "97", "num_branches": 2, "num_partial_branches": 1, "covered_branches": 1, "missing_branches": 1, "percent_branches_covered": 50.0, "percent_branches_covered_display": "50"}, "missing_lines": [22], "excluded_lines": [], "start_line": 1, "executed_branches": [[19, 20]], "missing_branches": [[19, 22]]}}, "classes": {"FileData": {"executed_lines": [], "summary": {"covered_lines": 0, "num_statements": 0, "percent_covered": 100.0, "percent_covered_display": "100", "missing_lines": 0, "excluded_lines": 0, "percent_statements_covered": 100.0, "percent_statements_covered_display": "100", "num_branches": 0, "num_partial_branches": 0, "covered_branches": 0, "missing_branches": 0, "percent_branches_covered": 100.0, "percent_branches_covered_display": "100"}, "missing_lines": [], "excluded_lines": [], "start_line": 25, "executed_branches": [], "missing_branches": []}, "Cache": {"executed_lines": [], "summary": {"covered_lines": 0, "num_statements": 48, "percent_covered": 0.0, "percent_covered_display": "0", "missing_lines": 48, "excluded_lines": 0, "percent_statements_covered": 0.0, "percent_statements_covered_display": "0", "num_branches": 14, "num_partial_branches": 0, "covered_branches": 0, "missing_branches": 14, "percent_branches_covered": 0.0, "percent_branches_covered_display": "0"}, "missing_lines": [68, 69, 70, 71, 73, 74, 75, 76, 78, 79, 80, 81, 82, 83, 85, 91, 92, 98, 99, 100, 104, 105, 106, 107, 109, 110, 111, 112, 113, 114, 115, 116, 124, 125, 126, 127, 128, 130, 131, 135, 138, 139, 140, 144, 147, 148, 149, 150], "excluded_lines": [], "start_line": 56, "executed_branches": [], "missing_branches": [[75, 76], [75, 78], [106, 107], [106, 109], [110, 111], [110, 112], [112, 113], [112, 116], [114, 115], [114, 116], [126, 127], [126, 131], [127, 128], [127, 130]]}, "": {"executed_lines": [3, 4, 5, 6, 7, 8, 9, 10, 11, 13, 15, 16, 17, 19, 20, 25, 26, 27, 28, 31, 42, 43, 44, 45, 48, 51, 55, 56, 57, 58, 59, 61, 62, 87, 88, 94, 95, 102, 118, 133], "summary": {"covered_lines": 40, "num_statements": 42, "percent_covered": 93.18181818181819, "percent_covered_display": "93", "missing_lines": 2, "excluded_lines": 0, "percent_statements_covered": 95.23809523809524, "percent_statements_covered_display": "95", "num_branches": 2, "num_partial_branches": 1, "covered_branches": 1, "missing_branches": 1, "percent_branches_covered": 50.0, "percent_branches_covered_display": "50"}, "missing_lines": [22, 52], "excluded_lines": [], "start_line": 1, "executed_branches": [[19, 20]], "missing_branches": [[19, 22]]}}}, "src/black/comments.py": {"executed_lines": [1, 2, 3, 4, 5, 7, 8, 21, 22, 25, 27, 28, 29, 33, 35, 36, 37, 40, 41, 52, 53, 54, 55, 56, 57, 60, 79, 80, 83, 84, 85, 86, 89, 90, 92, 93, 94, 96, 97, 98, 99, 100, 101, 102, 103, 104, 105, 106, 107, 109, 113, 115, 117, 118, 121, 122, 132, 133, 134, 137, 142, 143, 144, 145, 146, 147, 152, 163, 164, 168, 171, 172, 173, 179, 187, 189, 192, 200, 201, 202, 203, 206, 213, 214, 216, 217, 226, 250, 339, 352, 353, 356, 361, 366, 367, 368, 371, 372, 373, 407, 410, 412, 413, 414, 415, 416, 420, 528, 577, 618, 644, 669, 680, 851, 864, 874, 888, 903, 917], "summary": {"covered_lines": 119, "num_statements": 397, "percent_covered": 23.937007874015748, "percent_covered_display": "24", "missing_lines": 278, "excluded_lines": 0, "percent_statements_covered": 29.974811083123427, "percent_statements_covered_display": "30", "num_branches": 238, "num_partial_branches": 15, "covered_branches": 33, "missing_branches": 205, "percent_branches_covered": 13.865546218487395, "percent_branches_covered_display": "14"}, "missing_lines": [108, 114, 120, 149, 165, 169, 178, 184, 185, 188, 220, 221, 223, 234, 235, 237, 238, 239, 242, 243, 244, 245, 247, 260, 263, 264, 265, 266, 267, 268, 273, 274, 277, 278, 280, 281, 282, 285, 286, 287, 288, 290, 291, 295, 297, 301, 303, 307, 308, 309, 310, 313, 316, 317, 319, 320, 321, 322, 323, 325, 327, 336, 357, 364, 375, 378, 379, 381, 384, 385, 388, 389, 392, 393, 397, 405, 417, 429, 430, 431, 433, 434, 435, 436, 437, 439, 443, 444, 445, 447, 448, 449, 450, 451, 454, 457, 459, 460, 461, 462, 463, 464, 465, 466, 469, 471, 473, 475, 477, 478, 479, 488, 489, 490, 494, 495, 496, 497, 498, 500, 501, 503, 506, 508, 509, 510, 511, 512, 514, 515, 517, 536, 537, 538, 539, 540, 541, 542, 545, 546, 547, 548, 553, 554, 555, 564, 565, 566, 567, 569, 572, 573, 574, 590, 591, 593, 594, 601, 606, 612, 613, 615, 627, 628, 630, 632, 637, 640, 641, 648, 649, 652, 653, 654, 657, 658, 659, 660, 661, 662, 663, 665, 666, 671, 672, 673, 674, 675, 676, 677, 684, 685, 686, 689, 690, 691, 693, 694, 696, 697, 699, 704, 705, 706, 707, 708, 711, 712, 717, 718, 719, 739, 740, 746, 748, 749, 750, 753, 755, 756, 757, 762, 763, 765, 766, 769, 774, 776, 781, 783, 784, 787, 788, 790, 791, 795, 801, 803, 805, 806, 809, 810, 811, 812, 813, 814, 821, 822, 823, 824, 825, 826, 827, 828, 829, 830, 834, 835, 837, 845, 846, 848, 855, 856, 857, 858, 859, 860, 861, 866, 867, 868, 869, 871, 881, 882, 883, 885], "excluded_lines": [], "executed_branches": [[80, 83], [80, 86], [93, 94], [93, 96], [100, 101], [100, 134], [105, 106], [105, 109], [107, 109], [109, 113], [109, 117], [113, 115], [117, 118], [143, 144], [164, 168], [168, 171], [171, 172], [173, 179], [179, 187], [187, 189], [202, -192], [202, 203], [216, 217], [352, 353], [352, 407], [356, 361], [361, 366], [367, 352], [367, 368], [371, 372], [413, 414], [414, 415], [414, 416]], "missing_branches": [[107, 108], [113, 114], [117, 120], [143, 149], [164, 165], [168, 169], [171, 173], [173, 178], [179, 184], [187, 188], [216, 220], [220, 221], [220, 223], [234, 235], [234, 237], [238, 239], [238, 242], [242, 243], [242, 244], [244, 245], [244, 247], [265, 266], [265, 277], [266, 267], [266, 268], [268, 265], [268, 273], [277, 278], [277, 280], [290, 291], [290, 295], [295, 297], [295, 301], [308, 309], [308, 310], [320, 321], [320, 325], [321, 320], [321, 322], [356, 357], [361, 364], [371, 375], [375, 378], [375, 381], [384, 385], [384, 392], [385, 388], [385, 389], [392, 393], [392, 397], [413, 417], [433, 434], [433, 435], [435, 436], [435, 439], [444, 445], [444, 477], [445, 447], [445, 451], [448, 449], [448, 450], [451, 454], [451, 475], [457, 459], [457, 473], [460, 461], [460, 469], [461, 462], [461, 466], [463, 464], [463, 465], [488, 489], [488, 500], [490, 494], [490, 497], [495, 496], [495, 497], [500, 501], [500, 503], [503, 506], [503, 508], [509, 510], [509, 514], [511, 509], [511, 512], [536, 537], [536, 539], [540, -528], [540, 541], [541, 542], [541, 545], [545, 546], [545, 569], [546, 540], [546, 547], [547, 548], [547, 555], [548, 553], [548, 554], [555, 564], [555, 565], [565, 566], [565, 567], [569, 572], [569, 573], [590, 591], [590, 593], [593, 594], [593, 601], [601, 606], [601, 612], [612, 613], [612, 615], [627, 628], [627, 641], [628, 627], [628, 630], [630, 632], [630, 640], [648, 649], [648, 652], [653, 654], [653, 657], [658, 659], [658, 666], [659, 660], [659, 661], [661, 662], [661, 665], [662, 658], [662, 663], [672, 673], [672, 677], [674, 675], [674, 676], [690, 691], [690, 693], [693, 694], [693, 696], [696, 697], [696, 699], [699, 704], [699, 719], [706, 707], [706, 711], [712, 717], [712, 718], [719, -680], [719, 739], [740, 746], [740, 748], [749, 750], [749, 753], [755, 756], [755, 809], [762, 763], [762, 765], [769, 774], [769, 776], [776, 781], [776, 783], [783, 784], [783, 790], [784, 787], [784, 788], [790, 791], [790, 795], [795, 801], [795, 803], [805, 755], [805, 806], [809, 810], [809, 821], [811, 812], [811, 821], [813, 814], [813, 821], [822, 823], [822, 828], [823, 822], [823, 824], [824, 825], [824, 826], [826, 823], [826, 827], [828, 829], [828, 837], [830, 834], [830, 835], [845, 846], [845, 848], [856, 857], [856, 861], [857, 858], [857, 859], [859, 856], [859, 860], [866, 867], [866, 871], [868, 866], [868, 869], [881, 882], [881, 885], [882, 881], [882, 883]], "functions": {"generate_comments": {"executed_lines": [79, 80, 83, 84, 85, 86], "summary": {"covered_lines": 6, "num_statements": 6, "percent_covered": 100.0, "percent_covered_display": "100", "missing_lines": 0, "excluded_lines": 0, "percent_statements_covered": 100.0, "percent_statements_covered_display": "100", "num_branches": 2, "num_partial_branches": 0, "covered_branches": 2, "missing_branches": 0, "percent_branches_covered": 100.0, "percent_branches_covered_display": "100"}, "miss
[...]
ines": 0, "num_statements": 2, "percent_covered": 0.0, "percent_covered_display": "0", "missing_lines": 2, "excluded_lines": 0, "percent_statements_covered": 0.0, "percent_statements_covered_display": "0", "num_branches": 0, "num_partial_branches": 0, "covered_branches": 0, "missing_branches": 0, "percent_branches_covered": 100.0, "percent_branches_covered_display": "100"}, "missing_lines": [2574, 2582], "excluded_lines": [], "start_line": 2558, "executed_branches": [], "missing_branches": []}, "is_valid_index_factory.is_valid_index": {"executed_lines": [], "summary": {"covered_lines": 0, "num_statements": 1, "percent_covered": 0.0, "percent_covered_display": "0", "missing_lines": 1, "excluded_lines": 0, "percent_statements_covered": 0.0, "percent_statements_covered_display": "0", "num_branches": 0, "num_partial_branches": 0, "covered_branches": 0, "missing_branches": 0, "percent_branches_covered": 100.0, "percent_branches_covered_display": "100"}, "missing_lines": [2580], "excluded_lines": [], "start_line": 2574, "executed_branches": [], "missing_branches": []}, "": {"executed_lines": [5, 6, 7, 8, 9, 10, 12, 14, 15, 16, 17, 29, 30, 38, 39, 42, 47, 48, 49, 50, 51, 52, 53, 54, 55, 57, 60, 70, 138, 161, 188, 209, 236, 240, 244, 245, 257, 258, 278, 315, 316, 337, 338, 341, 344, 345, 352, 356, 357, 365, 376, 396, 405, 425, 474, 504, 505, 546, 601, 760, 761, 882, 903, 1009, 1036, 1072, 1097, 1109, 1110, 1120, 1137, 1180, 1289, 1290, 1335, 1382, 1386, 1410, 1448, 1450, 1518, 1750, 1781, 1792, 1803, 1888, 1892, 1919, 1931, 1989, 2032, 2033, 2057, 2058, 2084, 2085, 2119, 2120, 2166, 2167, 2205, 2206, 2231, 2355, 2385, 2388, 2389, 2390, 2391, 2392, 2393, 2394, 2395, 2398, 2423, 2427, 2445, 2497, 2558], "summary": {"covered_lines": 119, "num_statements": 119, "percent_covered": 100.0, "percent_covered_display": "100", "missing_lines": 0, "excluded_lines": 0, "percent_statements_covered": 100.0, "percent_statements_covered_display": "100", "num_branches": 0, "num_partial_branches": 0, "covered_branches": 0, "missing_branches": 0, "percent_branches_covered": 100.0, "percent_branches_covered_display": "100"}, "missing_lines": [], "excluded_lines": [], "start_line": 1, "executed_branches": [], "missing_branches": []}}, "classes": {"CannotTransform": {"executed_lines": [], "summary": {"covered_lines": 0, "num_statements": 0, "percent_covered": 100.0, "percent_covered_display": "100", "missing_lines": 0, "excluded_lines": 0, "percent_statements_covered": 100.0, "percent_statements_covered_display": "100", "num_branches": 0, "num_partial_branches": 0, "covered_branches": 0, "missing_branches": 0, "percent_branches_covered": 100.0, "percent_branches_covered_display": "100"}, "missing_lines": [], "excluded_lines": [], "start_line": 42, "executed_branches": [], "missing_branches": []}, "StringTransformer": {"executed_lines": [241, 242], "summary": {"covered_lines": 2, "num_statements": 15, "percent_covered": 8.695652173913043, "percent_covered_display": "9", "missing_lines": 13, "excluded_lines": 0, "percent_statements_covered": 13.333333333333334, "percent_statements_covered_display": "13", "num_branches": 8, "num_partial_branches": 0, "covered_branches": 0, "missing_branches": 8, "percent_branches_covered": 0.0, "percent_branches_covered_display": "0"}, "missing_lines": [291, 292, 294, 296, 297, 298, 303, 305, 306, 307, 308, 311, 312], "excluded_lines": [], "start_line": 209, "executed_branches": [], "missing_branches": [[291, 292], [291, 294], [296, 297], [296, 303], [305, -278], [305, 306], [306, 307], [306, 311]]}, "CustomSplit": {"executed_lines": [], "summary": {"covered_lines": 0, "num_statements": 0, "percent_covered": 100.0, "percent_covered_display": "100", "missing_lines": 0, "excluded_lines": 0, "percent_statements_covered": 100.0, "percent_statements_covered_display": "100", "num_branches": 0, "num_partial_branches": 0, "covered_branches": 0, "missing_branches": 0, "percent_branches_covered": 100.0, "percent_branches_covered_display": "100"}, "missing_lines": [], "excluded_lines": [], "start_line": 316, "executed_branches": [], "missing_branches": []}, "CustomSplitMapMixin": {"executed_lines": [], "summary": {"covered_lines": 0, "num_statements": 9, "percent_covered": 0.0, "percent_covered_display": "0", "missing_lines": 9, "excluded_lines": 0, "percent_statements_covered": 0.0, "percent_statements_covered_display": "0", "num_branches": 0, "num_partial_branches": 0, "covered_branches": 0, "missing_branches": 0, "percent_branches_covered": 100.0, "percent_branches_covered_display": "100"}, "missing_lines": [363, 373, 374, 389, 391, 392, 394, 401, 402], "excluded_lines": [], "start_line": 345, "executed_branches": [], "missing_branches": []}, "StringMerger": {"executed_lines": [], "summary": {"covered_lines": 0, "num_statements": 191, "percent_covered": 0.0, "percent_covered_display": "0", "missing_lines": 191, "excluded_lines": 0, "percent_statements_covered": 0.0, "percent_statements_covered_display": "0", "num_branches": 108, "num_partial_branches": 0, "covered_branches": 0, "missing_branches": 108, "percent_branches_covered": 0.0, "percent_branches_covered_display": "0"}, "missing_lines": [426, 428, 430, 431, 432, 433, 434, 441, 442, 443, 444, 445, 446, 447, 448, 449, 451, 452, 455, 456, 457, 459, 460, 462, 463, 464, 467, 469, 470, 472, 477, 479, 482, 483, 485, 486, 487, 489, 490, 491, 492, 497, 498, 500, 502, 518, 520, 521, 522, 523, 528, 530, 531, 536, 537, 538, 540, 541, 542, 544, 561, 563, 566, 567, 568, 569, 570, 571, 575, 576, 579, 580, 581, 582, 583, 584, 585, 586, 588, 593, 594, 595, 597, 599, 615, 621, 623, 625, 637, 638, 639, 643, 647, 650, 656, 657, 658, 661, 665, 668, 672, 673, 674, 679, 680, 691, 692, 693, 694, 695, 697, 698, 702, 704, 706, 708, 709, 717, 719, 722, 724, 725, 726, 727, 730, 731, 732, 733, 737, 738, 739, 741, 743, 746, 748, 749, 750, 751, 752, 755, 757, 758, 788, 789, 790, 791, 792, 796, 797, 798, 799, 804, 806, 808, 809, 810, 811, 812, 816, 817, 818, 820, 821, 823, 824, 825, 826, 828, 830, 838, 843, 844, 845, 846, 848, 849, 857, 858, 859, 860, 861, 862, 863, 867, 868, 869, 871, 872, 876, 877, 879], "excluded_lines": [], "start_line": 405, "executed_branches": [], "missing_branches": [[432, 433], [432, 469], [434, 441], [434, 459], [443, 444], [443, 451], [444, 445], [444, 446], [446, 447], [446, 449], [451, 452], [451, 455], [456, 432], [456, 457], [459, 460], [459, 467], [463, 432], [463, 464], [469, 470], [469, 472], [482, 483], [482, 485], [486, 487], [486, 489], [489, 490], [489, 502], [521, 522], [521, 530], [523, 521], [523, 528], [530, 531], [530, 536], [540, 541], [540, 544], [567, 568], [567, 575], [569, 570], [569, 571], [575, 576], [575, 579], [582, 583], [582, 599], [583, 584], [583, 588], [588, 593], [588, 597], [593, 594], [593, 595], [638, 639], [638, 656], [647, 650], [647, 656], [674, 679], [674, 691], [694, 695], [694, 722], [702, 704], [702, 706], [726, 727], [726, 730], [731, 732], [731, 741], [743, 746], [743, 757], [746, 748], [746, 755], [749, 750], [749, 751], [751, 752], [751, 757], [788, 789], [788, 806], [792, 788], [792, 796], [796, 797], [796, 798], [798, 799], [798, 804], [811, 812], [811, 848], [812, 816], [812, 820], [816, 817], [816, 818], [820, 821], [820, 823], [825, 826], [825, 828], [830, 838], [830, 843], [843, 811], [843, 844], [845, 811], [845, 846], [848, 849], [848, 857], [859, 860], [859, 871], [861, 862], [861, 867], [862, 863], [862, 867], [867, 868], [867, 869], [871, 872], [871, 876], [876, 877], [876, 879]]}, "StringParenStripper": {"executed_lines": [], "summary": {"covered_lines": 0, "num_statements": 68, "percent_covered": 0.0, "percent_covered_display": "0", "missing_lines": 68, "excluded_lines": 0, "percent_statements_covered": 0.0, "percent_statements_covered_display": "0", "num_branches": 36, "num_partial_branches": 0, "covered_branches": 0, "missing_branches": 36, "percent_branches_covered": 0.0, "percent_branches_covered_display": "0"}, "missing_lines": [904, 906, 908, 910, 911, 912, 913, 914, 915, 918, 919, 922, 927, 930, 935, 941, 946, 948, 951, 952, 957, 959, 960, 982, 985, 992, 998, 1000, 1001, 1002, 1003, 1005, 1006, 1007, 1012, 1014, 1015, 1016, 1017, 1019, 1020, 1021, 1024, 1025, 1026, 1027, 1029, 1030, 1032, 1039, 1041, 1042, 1044, 1049, 1050, 1051, 1052, 1053, 1054, 1055, 1056, 1057, 1059, 1060, 1062, 1064, 1067, 1069], "excluded_lines": [], "start_line": 882, "executed_branches": [], "missing_branches": [[913, 914], [913, 915], [918, 919], [918, 922], [922, 927], [922, 930], [930, 935], [930, 941], [941, 946], [941, 948], [957, 959], [957, 985], [960, 982], [960, 985], [985, 911], [985, 992], [992, 998], [992, 1000], [1002, 911], [1002, 1003], [1005, 1006], [1005, 1007], [1015, 1016], [1015, 1029], [1020, 1021], [1020, 1026], [1021, 1020], [1021, 1024], [1026, 1015], [1026, 1027], [1029, 1030], [1029, 1032], [1049, 1050], [1049, 1067], [1053, 1054], [1053, 1062]]}, "BaseStringSplitter": {"executed_lines": [], "summary": {"covered_lines": 0, "num_statements": 75, "percent_covered": 0.0, "percent_covered_display": "0", "missing_lines": 75, "excluded_lines": 0, "percent_statements_covered": 0.0, "percent_statements_covered_display": "0", "num_branches": 50, "num_partial_branches": 0, "covered_branches": 0, "missing_branches": 50, "percent_branches_covered": 0.0, "percent_branches_covered_display": "0"}, "missing_lines": [1121, 1122, 1123, 1125, 1126, 1130, 1131, 1132, 1133, 1135, 1148, 1150, 1152, 1153, 1154, 1158, 1162, 1167, 1170, 1175, 1176, 1178, 1195, 1197, 1210, 1212, 1213, 1214, 1220, 1222, 1223, 1225, 1227, 1229, 1231, 1237, 1241, 1242, 1243, 1244, 1246, 1247, 1248, 1250, 1252, 1254, 1256, 1257, 1259, 1264, 1266, 1271, 1274, 1276, 1277, 1278, 1279, 1281, 1284, 1286, 1287, 1301, 1302, 1304, 1310, 1315, 1316, 1317, 1323, 1324, 1325, 1326, 1327, 1330, 1332], "excluded_lines": [], "start_line": 1072, "executed_branches": [], "missing_branches": [[1122, 1123], [1122, 1125], [1132, 1133], [1132, 1135], [1153, 1154], [1153, 1158], [1158, 1162], [1158, 1167], [1167, 1170], [1167, 1175], [1175, 1176], [1175, 1178], [1212, 1213], [1212, 1246], [1214, 1220], [1214, 1222], [1223, 1225], [1223, 1227], [1227, 1229], [1227, 1231], [1231, 1237], [1231, 1246], [1241, 1242], [1241, 1246], [1243, 1241], [1243, 1244], [1246, 1247], [1246, 1276], [1248, 1250], [1248, 1252], [1252, 1254], [1252, 1256], [1256, 1257], [1256, 1276], [1259, 1264], [1259, 1276], [1266, 1271], [1266, 1274], [1277, 1278], [1277, 1286], [1278, 1279], [1278, 1284], [1301, 1302], [1301, 1304], [1310, 1315], [1310, 1332], [1317, 1323], [1317, 1327], [1327, 1330], [1327, 1332]]}, "StringSplitter": {"executed_lines": [], "summary": {"covered_lines": 0, "num_statements": 189, "percent_covered": 0.0, "percent_covered_display": "0", "missing_lines": 189, "excluded_lines": 0, "percent_statements_covered": 0.0, "percent_statements_covered_display": "0", "num_branches": 78, "num_partial_branches": 0, "covered_branches": 0, "missing_branches": 78, "percent_branches_covered": 0.0, "percent_branches_covered_display": "0"}, "missing_lines": [1451, 1453, 1454, 1460, 1466, 1470, 1472, 1475, 1481, 1483, 1488, 1491, 1492, 1495, 1496, 1498, 1501, 1502, 1505, 1506, 1509, 1510, 1513, 1514, 1516, 1521, 1522, 1526, 1528, 1530, 1531, 1533, 1539, 1543, 1545, 1546, 1552, 1560, 1561, 1562, 1563, 1565, 1569, 1577, 1578, 1579, 1580, 1581, 1585, 1587, 1589, 1590, 1591, 1595, 1598, 1601, 1608, 1610, 1616, 1617, 1619, 1621, 1622, 1623, 1625, 1626, 1629, 1633, 1634, 1639, 1640, 1641, 1642, 1643, 1644, 1647, 1649, 1652, 1668, 1680, 1681, 1683, 1684, 1687, 1688, 1689, 1692, 1693, 1694, 1695, 1697, 1698, 1700, 1702, 1703, 1705, 1706, 1711, 1713, 1714, 1717, 1721, 1722, 1723, 1724, 1725, 1728, 1732, 1733, 1734, 1738, 1739, 1741, 1742, 1743, 1746, 1747, 1748, 1759, 1760, 1761, 1762, 1763, 1764, 1765, 1766, 1767, 1768, 1770, 1771, 1772, 1773, 1774, 1778, 1779, 1788, 1789, 1790, 1793, 1794, 1798, 1799, 1800, 1801, 1827, 1829, 1830, 1832, 1834, 1840, 1842, 1848, 1849, 1851, 1852, 1853, 1854, 1855, 1857, 1861, 1869, 1870, 1871, 1873, 1879, 1880, 1881, 1883, 1884, 1886, 1889, 1890, 1905, 1907, 1908, 1910, 1911, 1912, 1913, 1915, 1917, 1920, 1922, 1923, 1924, 1925, 1926, 1927, 1928], "excluded_lines": [], "start_line": 1410, "executed_branches": [], "missing_branches": [[1453, 1454], [1453, 1460], [1460, 1466], [1460, 1470], [1475, 1481], [1475, 1483], [1483, 1488], [1483, 1491], [1491, 1492], [1491, 1495], [1495, 1496], [1495, 1498], [1505, 1506], [1505, 1509], [1509, 1510], [1509, 1513], [1513, 1514], [1513, 1516], [1561, -1552], [1561, 1562], [1590, 1591], [1590, 1598], [1616, 1617], [1616, 1619], [1622, 1623], [1622, 1700], [1623, 1625], [1623, 1629], [1634, 1639], [1634, 1649], [1639, 1640], [1639, 1647], [1668, 1680], [1668, 1683], [1683, 1684], [1683, 1687], [1702, 1703], [1702, 1705], [1717, 1721], [1717, 1746], [1722, 1723], [1722, 1728], [1724, 1722], [1724, 1725], [1728, 1732], [1728, 1738], [1761, -1750], [1761, 1762], [1762, 1763], [1762, 1765], [1765, 1766], [1765, 1768], [1771, 1772], [1771, 1778], [1772, 1771], [1772, 1773], [1788, 1789], [1788, 1790], [1798, 1799], [1798, 1801], [1799, 1798], [1799, 1800], [1853, 1854], [1853, 1857], [1870, 1871], [1870, 1873], [1873, 1879], [1873, 1886], [1880, 1881], [1880, 1883], [1883, 1884], [1883, 1886], [1889, -1888], [1889, 1890], [1907, 1908], [1907, 1917], [1924, 1925], [1924, 1928]]}, "StringParenWrapper": {"executed_lines": [], "summary": {"covered_lines": 0, "num_statements": 136, "percent_covered": 0.0, "percent_covered_display": "0", "missing_lines": 136, "excluded_lines": 0, "percent_statements_covered": 0.0, "percent_statements_covered_display": "0", "num_branches": 86, "num_partial_branches": 0, "covered_branches": 0, "missing_branches": 86, "percent_branches_covered": 0.0, "percent_branches_covered_display": "0"}, "missing_lines": [1990, 1992, 1993, 1997, 2005, 2006, 2008, 2009, 2011, 2012, 2014, 2018, 2019, 2021, 2023, 2028, 2030, 2045, 2048, 2050, 2052, 2053, 2055, 2070, 2075, 2077, 2079, 2080, 2082, 2097, 2098, 2100, 2102, 2103, 2106, 2107, 2110, 2111, 2114, 2115, 2117, 2132, 2136, 2138, 2140, 2141, 2144, 2145, 2148, 2149, 2153, 2158, 2161, 2162, 2164, 2178, 2179, 2180, 2182, 2184, 2185, 2188, 2189, 2192, 2193, 2196, 2197, 2200, 2201, 2203, 2219, 2221, 2227, 2229, 2234, 2235, 2239, 2241, 2242, 2244, 2245, 2246, 2247, 2249, 2250, 2251, 2254, 2255, 2260, 2261, 2262, 2263, 2264, 2266, 2268, 2269, 2270, 2272, 2273, 2278, 2279, 2280, 2282, 2287, 2288, 2295, 2296, 2297, 2299, 2300, 2301, 2302, 2303, 2305, 2306, 2310, 2311, 2320, 2321, 2322, 2323, 2328, 2330, 2332, 2335, 2336, 2338, 2339, 2340, 2342, 2343, 2347, 2348, 2349, 2350, 2352], "excluded_lines": [], "start_line": 1931, "executed_branches": [], "missing_branches": [[1992, 1993], [1992, 1997], [2005, 2006], [2005, 2008], [2008, 2009], [2008, 2011], [2011, 2012], [2011, 2030], [2014, 2018], [2014, 2028], [2019, 2021], [2019, 2028], [2021, 2023], [2021, 2028], [2045, 2048], [2045, 2055], [2052, 2053], [2052, 2055], [2070, 2075], [2070, 2082], [2079, 2080], [2079, 2082], [2097, 2098], [2097, 2117], [2100, 2102], [2100, 2117], [2102, 2100], [2102, 2103], [2106, 2100], [2106, 2107], [2114, 2100], [2114, 2115], [2132, 2136], [2132, 2164], [2138, 2140], [2138, 2164], [2140, 2138], [2140, 2141], [2144, 2138], [2144, 2145], [2153, 2158], [2153, 2161], [2161, 2138], [2161, 2162], [2179, 2180], [2179, 2203], [2182, 2184], [2182, 2203], [2184, 2182], [2184, 2185], [2188, 2182], [2188, 2189], [2196, 2197], [2196, 2200], [2200, 2182], [2200, 2201], [2221, 2227], [2221, 2229], [2246, 2247], [2246, 2249], [2250, 2251], [2250, 2254], [2261, 2262], [2261, 2266], [2269, 2270], [2269, 2272], [2278, 2279], [2278, 2282], [2279, 2278], [2279, 2280], [2300, 2301], [2300, 2332], [2302, 2303], [2302, 2305], [2305, 2306], [2305, 2311], [2311, 2320], [2311, 2330], [2321, 2322], [2321, 2330], [2323, 2328], [2323, 2330], [2339, 2340], [2339, 2342], [2347, 2348], [2347, 2352]]}, "StringParser": {"executed_lines": [], "summary": {"covered_lines": 0, "num_statements": 26, "percent_covered": 0.0, "percent_covered_display": "0", "missing_lines": 26, "excluded_lines": 0, "percent_statements_covered": 0.0, "percent_statements_covered_display": "0", "num_branches": 18, "num_partial_branches": 0, "covered_branches": 0, "missing_branches": 18, "percent_branches_covered": 0.0, "percent_branches_covered_display": "0"}, "missing_lines": [2424, 2425, 2438, 2440, 2441, 2442, 2443, 2459, 2460, 2462, 2463, 2464, 2466, 2470, 2471, 2472, 2473, 2474, 2479, 2480, 2484, 2485, 2489, 2491, 2492, 2494], "excluded_lines": [], "start_line": 2355, "executed_branches": [], "missing_branches": [[2441, 2442], [2441, 2443], [2459, 2460], [2459, 2462], [2463, 2464], [2463, 2466], [2470, 2471], [2470, 2479], [2471, 2472], [2471, 2494], [2473, 2474], [2473, 2494], [2479, 2480], [2479, 2484], [2484, 2485], [2484, 2489], [2491, 2492], [2491, 2494]]}, "": {"executed_lines": [5, 6, 7, 8, 9, 10, 12, 14, 15, 16, 17, 29, 30, 38, 39, 42, 47, 48, 49, 50, 51, 52, 53, 54, 55, 57, 60, 70, 76, 77, 80, 138, 161, 188, 209, 236, 240, 244, 245, 257, 258, 278, 315, 316, 337, 338, 341, 344, 345, 352, 356, 357, 365, 376, 396, 405, 425, 474, 504, 505, 546, 601, 760, 761, 882, 903, 1009, 1036, 1072, 1097, 1109, 1110, 1120, 1137, 1180, 1289, 1290, 1335, 1382, 1386, 1410, 1448, 1450, 1518, 1750, 1781, 1792, 1803, 1888, 1892, 1919, 1931, 1989, 2032, 2033, 2057, 2058, 2084, 2085, 2119, 2120, 2166, 2167, 2205, 2206, 2231, 2355, 2385, 2388, 2389, 2390, 2391, 2392, 2393, 2394, 2395, 2398, 2423, 2427, 2445, 2497, 2558], "summary": {"covered_lines": 122, "num_statements": 234, "percent_covered": 41.946308724832214, "percent_covered_display": "42", "missing_lines": 112, "excluded_lines": 0, "percent_statements_covered": 52.136752136752136, "percent_statements_covered_display": "52", "num_branches": 64, "num_partial_branches": 1, "covered_branches": 3, "missing_branches": 61, "percent_branches_covered": 4.6875, "percent_branches_covered_display": "5"}, "missing_lines": [65, 66, 78, 82, 86, 87, 89, 93, 96, 97, 98, 100, 101, 105, 107, 109, 110, 111, 112, 113, 114, 115, 117, 124, 125, 130, 131, 132, 134, 144, 145, 147, 148, 149, 150, 151, 152, 153, 155, 157, 169, 170, 171, 172, 173, 180, 182, 184, 193, 194, 196, 197, 199, 200, 201, 202, 203, 204, 206, 1342, 1343, 1344, 1345, 1347, 1348, 1349, 1350, 1351, 1352, 1354, 1355, 1356, 1357, 1358, 1360, 1361, 1362, 1363, 1367, 1368, 1369, 1370, 1371, 1372, 1373, 1374, 1375, 1376, 1377, 1378, 1379, 1383, 1399, 1400, 1401, 1402, 1403, 1404, 1405, 1406, 1407, 2543, 2544, 2546, 2549, 2550, 2552, 2553, 2555, 2574, 2580, 2582], "excluded_lines": [], "start_line": 1, "executed_branches": [[76, 77], [76, 80], [77, 76]], "missing_branches": [[77, 78], [86, 87], [86, 89], [97, 98], [97, 100], [100, 101], [100, 107], [101, 105], [101, 107], [111, 112], [111, 134], [113, 114], [113, 117], [124, 125], [124, 130], [131, 111], [131, 132], [147, 148], [147, 157], [150, 151], [150, 152], [152, 153], [152, 155], [169, 170], [169, 184], [171, 172], [171, 173], [173, 180], [173, 182], [193, 194], [193, 196], [199, 200], [199, 201], [201, 202], [201, 203], [203, 204], [203, 206], [1344, -1335], [1344, 1345], [1345, 1347], [1345, 1354], [1347, 1348], [1347, 1350], [1354, 1355], [1354, 1367], [1355, 1356], [1355, 1358], [1360, 1361], [1360, 1362], [1367, 1368], [1367, 1379], [1369, 1370], [1369, 1371], [1371, 1372], [1371, 1373], [1373, 1374], [1373, 1379], [1375, 1376], [1375, 1377], [1402, 1403], [1402, 1406]]}}}}, "totals": {"covered_lines": 1797, "num_statements": 5886, "percent_covered": 24.7972972972973, "percent_covered_display": "25", "missing_lines": 4089, "excluded_lines": 8, "percent_statements_covered": 30.53007135575943, "percent_statements_covered_display": "31", "num_branches": 2994, "num_partial_branches": 237, "covered_branches": 405, "missing_branches": 2589, "percent_branches_covered": 13.527054108216433, "percent_branches_covered_display": "14"}}