{"meta": {"format": 3, "version": "7.14.3", "timestamp": "2026-06-24T12:41:59.792239", "branch_coverage": true, "show_contexts": false}, "files": {"src/black/__init__.py": {"executed_lines": [1, 2, 3, 4, 5, 6, 7, 8, 14, 15, 16, 17, 18, 19, 20, 21, 23, 24, 25, 26, 27, 29, 30, 31, 32, 38, 50, 59, 60, 61, 62, 63, 64, 65, 66, 74, 80, 81, 82, 84, 87, 88, 89, 92, 93, 94, 95, 96, 97, 99, 100, 113, 116, 181, 195, 206, 221, 233, 240, 251, 262, 268, 269, 277, 290, 298, 306, 316, 322, 328, 334, 342, 351, 362, 371, 379, 384, 397, 406, 417, 430, 439, 450, 460, 474, 486, 495, 505, 512, 521, 535, 543, 553, 554, 782, 880, 912, 913, 974, 1042, 1094, 1121, 1149, 1186, 1198, 1230, 1277, 1340, 1383, 1553, 1566, 1582, 1592, 1645, 1652, 1685, 1713, 1724], "summary": {"covered_lines": 118, "num_statements": 656, "percent_covered": 11.995967741935484, "percent_covered_display": "12", "missing_lines": 538, "excluded_lines": 1, "percent_statements_covered": 17.98780487804878, "percent_statements_covered_display": "18", "num_branches": 336, "num_partial_branches": 1, "covered_branches": 1, "missing_branches": 335, "percent_branches_covered": 0.2976190476190476, "percent_branches_covered_display": "1"}, "missing_lines": [103, 104, 106, 107, 109, 124, 125, 128, 129, 131, 132, 133, 134, 138, 139, 141, 145, 150, 151, 152, 156, 157, 158, 160, 161, 162, 166, 167, 168, 172, 173, 174, 175, 177, 178, 184, 185, 186, 187, 188, 189, 203, 215, 216, 217, 218, 222, 223, 224, 237, 245, 246, 247, 248, 256, 257, 258, 259, 588, 590, 591, 592, 597, 599, 600, 604, 605, 606, 607, 610, 611, 615, 617, 620, 622, 623, 624, 629, 630, 631, 632, 633, 638, 642, 644, 645, 646, 647, 649, 650, 655, 659, 660, 661, 662, 664, 665, 666, 669, 670, 684, 685, 692, 693, 694, 695, 696, 698, 699, 700, 701, 702, 704, 707, 709, 711, 712, 721, 722, 723, 735, 736, 738, 739, 740, 741, 742, 743, 745, 746, 756, 758, 759, 760, 761, 771, 772, 773, 774, 775, 776, 777, 778, 779, 796, 798, 799, 800, 801, 802, 804, 805, 806, 807, 808, 812, 813, 815, 816, 819, 820, 821, 822, 823, 825, 826, 829, 830, 833, 835, 836, 838, 841, 843, 844, 845, 846, 847, 848, 849, 851, 852, 856, 870, 871, 872, 873, 875, 877, 896, 897, 898, 899, 902, 903, 904, 905, 906, 907, 928, 929, 931, 932, 933, 934, 937, 939, 941, 942, 943, 944, 945, 946, 949, 951, 952, 956, 957, 958, 961, 962, 966, 967, 968, 969, 970, 971, 989, 990, 991, 992, 994, 995, 996, 997, 998, 999, 1000, 1001, 1004, 1005, 1006, 1007, 1010, 1011, 1013, 1014, 1015, 1016, 1017, 1018, 1019, 1020, 1021, 1023, 1025, 1026, 1028, 1029, 1035, 1036, 1037, 1039, 1058, 1060, 1061, 1063, 1065, 1066, 1067, 1068, 1070, 1071, 1074, 1077, 1079, 1080, 1081, 1082, 1083, 1084, 1085, 1086, 1087, 1088, 1089, 1090, 1091, 1107, 1108, 1109, 1110, 1111, 1112, 1113, 1117, 1118, 1134, 1135, 1137, 1138, 1139, 1141, 1143, 1146, 1165, 1166, 1169, 1170, 1171, 1172, 1173, 1174, 1175, 1176, 1177, 1180, 1181, 1182, 1183, 1193, 1194, 1195, 1204, 1205, 1207, 1208, 1209, 1210, 1211, 1212, 1213, 1214, 1215, 1216, 1217, 1219, 1220, 1221, 1222, 1223, 1224, 1225, 1227, 1262, 1263, 1264, 1265, 1266, 1270, 1271, 1272, 1273, 1274, 1282, 1286, 1290, 1291, 1292, 1294, 1295, 1297, 1306, 1307, 1309, 1311, 1312, 1313, 1321, 1322, 1323, 1324, 1325, 1328, 1329, 1330, 1331, 1332, 1333, 1334, 1335, 1336, 1337, 1351, 1355, 1356, 1357, 1359, 1360, 1362, 1363, 1364, 1366, 1367, 1368, 1369, 1371, 1373, 1374, 1376, 1378, 1379, 1380, 1405, 1406, 1407, 1413, 1414, 1415, 1416, 1417, 1418, 1423, 1425, 1426, 1427, 1429, 1430, 1435, 1437, 1438, 1440, 1441, 1443, 1444, 1447, 1449, 1450, 1452, 1457, 1458, 1460, 1462, 1463, 1464, 1466, 1467, 1468, 1469, 1471, 1477, 1479, 1484, 1486, 1491, 1492, 1498, 1500, 1501, 1503, 1506, 1508, 1513, 1515, 1516, 1518, 1522, 1524, 1531, 1533, 1534, 1537, 1544, 1548, 1550, 1554, 1555, 1557, 1560, 1562, 1563, 1568, 1569, 1570, 1571, 1576, 1577, 1578, 1579, 1586, 1587, 1594, 1596, 1597, 1598, 1599, 1600, 1602, 1603, 1604, 1605, 1606, 1608, 1609, 1612, 1614, 1615, 1616, 1618, 1619, 1621, 1626, 1628, 1630, 1631, 1632, 1634, 1635, 1636, 1638, 1640, 1642, 1646, 1654, 1655, 1656, 1657, 1664, 1665, 1666, 1667, 1668, 1674, 1675, 1676, 1677, 1678, 1689, 1695, 1699, 1700, 1701, 1706, 1716, 1717, 1719, 1721, 1725], "excluded_lines": [1233], "executed_branches": [[1724, -1]], "missing_branches": [[103, 104], [103, 106], [106, 107], [106, 109], [124, 125], [124, 131], [128, 129], [128, 131], [138, 139], [138, 141], [151, 152], [151, 156], [157, 158], [157, 160], [161, 162], [161, 166], [167, 168], [167, 172], [173, 174], [173, 175], [187, -181], [187, 188], [215, 216], [215, 217], [245, 246], [245, 247], [591, 592], [591, 599], [599, 600], [599, 605], [605, 606], [605, 610], [610, 611], [610, 617], [622, 623], [622, 649], [623, 624], [623, 629], [629, 630], [629, 649], [632, 633], [632, 638], [638, 642], [638, 644], [645, 646], [645, 649], [646, 647], [646, 649], [650, 655], [650, 660], [660, 661], [660, 664], [665, 666], [665, 669], [684, 685], [684, 692], [693, 694], [693, 704], [694, 695], [694, 698], [704, 707], [704, 709], [711, 712], [711, 721], [738, 739], [738, 745], [739, 740], [739, 741], [741, 742], [741, 743], [745, 746], [745, 756], [758, 759], [758, 761], [771, 772], [771, 777], [772, 773], [772, 774], [775, 776], [775, 777], [777, 778], [777, 779], [804, 805], [804, 877], [805, 806], [805, 815], [807, 808], [807, 813], [819, 820], [819, 846], [820, 821], [820, 825], [821, 822], [821, 823], [829, 830], [829, 835], [835, 836], [835, 838], [838, 841], [838, 843], [843, 844], [843, 845], [846, 847], [846, 870], [848, 849], [848, 851], [851, 852], [851, 856], [870, 871], [870, 875], [871, 872], [871, 873], [899, 902], [899, 903], [905, 906], [905, 907], [931, 932], [931, 933], [933, 934], [933, 939], [941, 942], [941, 951], [942, 943], [942, 944], [944, 945], [944, 946], [946, 949], [946, 967], [952, 956], [952, 958], [956, 957], [956, 958], [958, 961], [958, 962], [962, 966], [962, 967], [969, 970], [969, 971], [989, 990], [989, 991], [991, 992], [991, 994], [997, 998], [997, 999], [1013, 1014], [1013, 1016], [1016, 1017], [1016, 1039], [1020, 1021], [1020, 1023], [1025, 1026], [1025, 1028], [1060, 1061], [1060, 1063], [1077, 1079], [1077, 1082], [1079, 1080], [1079, 1081], [1082, 1083], [1082, 1091], [1087, 1088], [1087, 1090], [1112, 1113], [1112, 1117], [1134, 1135], [1134, 1137], [1138, 1139], [1138, 1141], [1141, 1143], [1141, 1146], [1174, 1175], [1174, 1176], [1181, 1182], [1181, 1183], [1194, -1186], [1194, 1195], [1204, 1205], [1204, 1207], [1211, 1212], [1211, 1221], [1212, 1211], [1212, 1213], [1221, 1222], [1221, 1227], [1223, 1224], [1223, 1225], [1262, 1263], [1262, 1266], [1264, 1265], [1264, 1266], [1270, 1271], [1270, 1274], [1271, 1272], [1271, 1273], [1291, 1292], [1291, 1294], [1307, 1309], [1307, 1311], [1322, 1323], [1322, 1329], [1325, 1322], [1325, 1328], [1329, 1330], [1329, 1331], [1332, 1333], [1332, 1334], [1334, 1335], [1334, 1337], [1335, 1336], [1335, 1337], [1356, 1357], [1356, 1359], [1359, 1360], [1359, 1362], [1362, 1363], [1362, 1367], [1363, 1364], [1363, 1366], [1367, 1368], [1367, 1373], [1368, 1369], [1368, 1371], [1373, 1374], [1373, 1376], [1406, 1407], [1406, 1413], [1413, 1414], [1413, 1550], [1414, 1415], [1414, 1416], [1416, 1417], [1416, 1418], [1418, 1423], [1418, 1425], [1425, 1426], [1425, 1429], [1426, 1413], [1426, 1427], [1429, 1430], [1429, 1437], [1430, 1413], [1430, 1435], [1437, 1438], [1437, 1440], [1440, 1441], [1440, 1443], [1443, 1444], [1443, 1449], [1444, 1413], [1444, 1447], [1449, 1450], [1449, 1452], [1452, 1457], [1452, 1471], [1457, 1458], [1457, 1460], [1462, 1413], [1462, 1463], [1463, 1464], [1463, 1466], [1466, 1462], [1466, 1467], [1467, 1462], [1467, 1468], [1468, 1467], [1468, 1469], [1471, 1477], [1471, 1479], [1479, 1484], [1479, 1486], [1486, 1491], [1486, 1500], [1492, 1413], [1492, 1498], [1500, 1501], [1500, 1503], [1503, 1506], [1503, 1508], [1508, 1513], [1508, 1515], [1515, 1516], [1515, 1518], [1518, 1522], [1518, 1524], [1524, 1413], [1524, 1531], [1533, 1534], [1533, 1537], [1544, 1413], [1544, 1548], [1554, 1555], [1554, 1557], [1557, 1560], [1557, 1562], [1568, 1569], [1568, 1570], [1570, 1571], [1570, 1577], [1571, 1576], [1571, 1579], [1577, 1578], [1577, 1579], [1597, -1596], [1597, 1598], [1598, 1599], [1598, 1602], [1599, 1597], [1599, 1600], [1602, 1603], [1602, 1608], [1608, 1609], [1608, 1612], [1614, 1615], [1614, 1642], [1615, 1616], [1615, 1618], [1619, 1621], [1619, 1630], [1621, 1626], [1621, 1628], [1630, 1631], [1630, 1640], [1631, 1632], [1631, 1634], [1635, 1636], [1635, 1638], [1676, -1652], [1676, 1677], [1689, 1695], [1689, 1699], [1700, -1685], [1700, 1701], [1716, 1717], [1716, 1721], [1724, 1725]], "functions": {"WriteBack.from_configuration": {"executed_lines": [], "summary": {"covered_lines": 0, "num_statements": 5, "percent_covered": 0.0, "percent_covered_display": "0", "missing_lines": 5, "excluded_lines": 0, "percent_statements_covered": 0.0, "percent_statements_covered_display": "0", "num_branches": 4, "num_partial_branches": 0, "covered_branches": 0, "missing_branches": 4, "percent_branches_covered": 0.0, "percent_branches_covered_display": "0"}, "missing_lines": [103, 104, 106, 107, 109], "excluded_lines": [], "start_line": 100, "executed_branches": [], "missing_branches": [[103, 104], [103, 106], [106, 107], [106, 109]]}, "read_pyproject_toml": {"executed_lines": [], "summary": {"covered_lines": 0, "num_statements": 30, "percent_covered": 0.0, "percent_covered_display": "0", "missing_lines": 30, "excluded_lines": 0, "percent_statements_covered": 0.0, "percent_statements_covered_display": "0", "num_branches": 16, "num_partial_branches": 0, "covered_branches": 0, "missing_branches": 16, "percent_branches_covered": 0.0, "percent_branches_covered_display": "0"}, "missing_lines": [124, 125, 128, 129, 131, 132, 133, 134, 138, 139, 141, 145, 150, 151, 152, 156, 157, 158, 160, 161, 162, 166, 167, 168, 172, 173, 174, 175, 177, 178], "excluded_lines": [], "start_line": 116, "executed_branches": [], "missing_branches": [[124, 125], [124, 131], [128, 129], [128, 131], [138, 139], [138, 141], [151, 152], [151, 156], [157, 158], [157, 160], [161, 162], [161, 166], [167, 168], [167, 172], [173, 174], [173, 175]]}, "spellcheck_pyproject_toml_keys": {"executed_lines": [], "summary": {"covered_lines": 0, "num_statements": 6, "percent_covered": 0.0, "percent_covered_display": "0", "missing_lines": 6, "excluded_lines": 0, "percent_statements_covered": 0.0, "percent_statements_covered_display": "0", "num_branches": 2, "num_partial_branches": 0, "covered_branches": 0, "missing_branches": 2, "percent_branches_covered": 0.0, "percent_branches_covered_display": "0"}, "missing_lines": [184, 185, 186, 187, 188, 189], "excluded_lines": [], "start_line": 181, "executed_branches": [], "missing_branches": [[187, -181], [187, 188]]}, "target_version_option_callback": {"executed_lines": [], "summary": {"covered_lines": 0, "num_statements": 1, "percent_covered": 0.0, "percent_covered_display": "0", "missing_lines": 1, "excluded_lines": 0, "percent_statements_covered": 0.0, "percent_statements_covered_display": "0", "num_branches": 0, "num_partial_branches": 0, "covered_branches": 0, "missing_branches": 0, "percent_branches_covered": 100.0, "percent_branches_covered_display": "100"}, "missing_lines": [203], "excluded_lines": [], "start_line": 195, "executed_branches": [], "missing_branches": []}, "_target_versions_exceed_runtime": {"executed_lines": [], "summary": {"covered_lines": 0, "num_statements": 4, "percent_covered": 0.0, "percent_covered_display": "0", "missing_lines": 4, "excluded_lines": 0, "percent_statements_covered": 0.0, "percent_statements_covered_display": "0", "num_branches": 2, "num_partial_branches": 0, "covered_branches": 0, "missing_branches": 2, "percent_branches_covered": 0.0, "percent_branches_covered_display": "0"}, "missing_lines": [215, 216, 217, 218], "excluded_lines": [], "start_line": 206, "executed_branches": [], "missing_branches": [[215, 216], [215, 217]]}, "_version_mismatch_message": {"executed_lines": [], "summary": {"covered_lines": 0, "num_statements": 3, "percent_covered": 0.0, "percent_covered_display": "0", "missing_lines": 3, "excluded_lines": 0, "percent_statements_covered": 0.0, "percent_statements_covered_display": "0", "num_branches": 0, "num_partial_branches": 0, "covered_branches": 0, "missing_branches": 0, "percent_branches_covered": 100.0, "percent_branches_covered_display": "100"}, "missing_lines": [222, 223, 224], "excluded_lines": [], "start_line": 221, "executed_branches": [], "missing_branches": []}, "enable_unstable_feature_callback": {"executed_lines": [], "summary": {"covered_lines": 0, "num_statements": 1, "percent_covered": 0.0, "percent_covered_display": "0", "missing_lines": 1, "excluded_lines": 0, "percent_statements_covered": 0.0, "percent_statements_covered_display": "0", "num_branches": 0, "num_partial_branches": 0, "covered_branches": 0, "missing_branches": 0, "percent_branches_covered": 100.0, "percent_branches_covered_display": "100"}, "missing_lines": [237], "excluded_lines": [], "start_line": 233, "executed_branches": [], "missing_branches": []}, "re_compile_maybe_verbose": {"executed_lines": [], "summary": {"covered_lines": 0, "num_statements": 4, "percent_covered": 0.0, "percent_covered_display": "0", "missing_lines": 4, "excluded_lines": 0, "percent_statements_covered": 0.0, "percent_statements_covered_display": "0", "num_branches": 2, "num_partial_branches": 0, "covered_branches": 0, "missing_branches": 2, "percent_branches_covered": 0.0, "percent_branches_covered_display": "0"}, "missing_lines": [245, 246, 247, 248], "excluded_lines": [], "start_line": 240, "executed_branches": [], "missing_branches": [[245, 246], [245, 247]]}, "validate_regex": {"executed_lines": [], "summary": {"covered_lines": 0, "num_statements": 4, "percent_covered": 0.0, "percent_covered_display": "0", "missing_lines": 4, "excluded_lines": 0, "percent_statements_covered": 0.0, "percent_statements_covered_display": "0", "num_branches": 0, "num_partial_branches": 0, "covered_branches": 0, "missing_branches": 0, "percent_branches_covered": 100.0, "percent_branches_covered_display": "100"}, "missing_lines": [256, 257, 258, 259], "excluded_lines": [], "start_line": 251, "executed_branches": [], "missing_branches": []}, "main": {"executed_lines": [], "summary": {"covered_lines": 0, "num_statements": 86, "percent_covered": 0.0, "percent_covered_display": "0", "missing_lines": 86, "excluded_lines": 0, "percent_statements_covered": 0.0, "percent_statements_covered_display": "0", "num_branches": 56, "num_partial_branches": 0, "covered_branches": 0, "missing_branches": 56, "percent_branches_covered": 0.0, "percent_branches_covered_display": "0"}, "missing_lines": [588, 590, 591, 592, 597, 599, 600, 604, 605, 606, 607, 610, 611, 615, 617, 620, 622, 623, 624, 629, 630, 631, 632, 633, 638, 642, 644, 645, 646, 647, 649, 650, 655, 659, 660, 661, 662, 664, 665, 666, 669, 670, 684, 685, 692, 693, 694, 695, 696, 698, 699, 700, 701, 702, 704, 707, 709, 711, 712, 721, 722, 723, 735, 736, 738, 739, 740, 741, 742, 743, 745, 746, 756, 758, 759, 760, 761, 771, 772, 773, 774, 775, 776, 777, 778, 779], "excluded_lines": [], "start_line": 554, "executed_branches": [], "missing_branches": [[591, 592], [591, 599], [599, 600], [599, 605], [605, 606], [605, 610], [610, 611], [610, 617], [622, 623], [622, 649], [623, 624], [623, 629], [629, 630], [629, 649], [632, 633], [632, 638], [638, 642], [638, 644], [645, 646], [645, 649], [646, 647], [646, 649], [650, 655], [650, 660], [660, 661], [660, 664], [665, 666], [665, 669], [684, 685], [684, 692], [693, 694], [693, 704], [694, 695], [694, 698], [704, 707], [704, 709], [711, 712], [711, 721], [738, 739], [738, 745], [739, 740], [739, 741], [741, 742], [741, 743], [745, 746], [745, 756], [758, 759], [758, 761], [771, 772], [771, 777], [772, 773], [772, 774], [775, 776], [775, 777], [777, 778], [777, 779]]}, "get_sources": {"executed_lines": [], "summary": {"covered_lines": 0, "num_statements": 45, "percent_covered": 0.0, "percent_covered_display": "0", "missing_lines": 45, "excluded_lines": 0, "percent_statements_covered": 0.0, "percent_statements_covered_display": "0", "num_branches": 30, "num_partial_branches": 0, "covered_branches": 0, "missing_branches": 30, "percent_branches_covered": 0.0, "percent_branches_covered_display": "0"}, "missing_lines": [796, 798, 799, 800, 801, 802, 804, 805, 806, 807, 808, 812, 813, 815, 816, 819, 820, 821, 822, 823, 825, 826, 829, 830, 833, 835, 836, 838, 841, 843, 844, 845, 846, 847, 848, 849, 851, 852, 856, 870, 871, 872, 873, 875, 877], "excluded_lines": [], "start_line": 782, "executed_branches": [], "missing_branches": [[804, 805], [804, 877], [805, 806], [805, 815], [807, 808], [807, 813], [819, 820], [819, 846], [820, 821], [820, 825], [821, 822], [821, 823], [829, 830], [829, 835], [835, 836], [835, 838], [838, 841], [838, 843], [843, 844], [843, 845], [846, 847], [846, 870], [848, 849], [848, 851], [851, 852], [851, 856], [870, 871], [870, 875], [871, 872], [871, 873]]}, "reformat_code": {"executed_lines": [], "summary": {"covered_lines": 0, "num_statements": 10, "percent_covered": 0.0, "percent_covered_display": "0", "missing_lines": 10, "excluded_lines": 0, "percent_statements_covered": 0.0, "percent_statements_covered_display": "0", "num_branches": 4, "num_partial_branches": 0, "covered_branches": 0, "missing_branches": 4, "percent_branches_covered": 0.0, "percent_branches_covered_display": "0"}, "missing_lines": [896, 897, 898, 899, 902, 903, 904, 905, 906, 907], "excluded_lines": [], "start_line": 880, "executed_branches": [], "missing_branches": [[899, 902], [899, 903], [905, 906], [905, 907]]}, "reformat_one": {"executed_lines": [], "summary": {"covered_lines": 0, "num_statements": 28, "percent_covered": 0.0, "percent_covered_display": "0", "missing_lines": 28, "excluded_lines": 0, "percent_statements_covered": 0.0, "percent_statements_covered_display": "0", "num_branches": 22, "num_partial_branches": 0, "covered_branches": 0, "missing_branches": 22, "percent_branches_covered": 0.0, "percent_branches_covered_display": "0"}, "missing_lines": [928, 929, 931, 932, 933, 934, 937, 939, 941, 942, 943, 944, 945, 946, 949, 951, 952, 956, 957, 958, 961, 962, 966, 967, 968, 969, 970, 971], "excluded_lines": [], "start_line": 913, "executed_branches": [], "missing_branches": [[931, 932], [931, 933], [933, 934], [933, 939], [941, 942], [941, 951], [942, 943], [942, 944], [944, 945], [944, 946], [946, 949], [946, 967], [952, 956], [952, 958], [956, 957], [956, 958], [958, 961], [958, 962], [962, 966], [962, 967], [969, 970], [969, 971]]}, "format_file_in_place": {"executed_lines": [], "summary": {"covered_lines": 0, "num_statements": 36, "percent_covered": 0.0, "percent_covered_display": "0", "missing_lines": 36, "excluded_lines": 0, "percent_statements_covered": 0.0, "percent_statements_covered_display": "0", "num_branches": 14, "num_partial_branches": 0, "covered_branches": 0, "missing_branches": 14, "percent_branches_covered": 0.0, "percent_branches_covered_display": "0"}, "missing_lines": [989, 990, 991, 992, 994, 995, 996, 997, 998, 999, 1000, 1001, 1004, 1005, 1006, 1007, 1010, 1011, 1013, 1014, 1015, 1016, 1017, 1018, 1019, 1020, 1021, 1023, 1025, 1026, 1028, 1029, 1035, 1036, 1037, 1039], "excluded_lines": [], "start_line": 974, "executed_branches": [], "missing_branches": [[989, 990], [989, 991], [991, 992], [991, 994], [997, 998], [997, 999], [1013, 1014], [1013, 1016], [1016, 1017], [1016, 1039], [1020, 1021], [1020, 1023], [1025, 1026], [1025, 1028]]}, "format_stdin_to_stdout": {"executed_lines": [], "summary": {"covered_lines": 0, "num_statements": 25, "percent_covered": 0.0, "percent_covered_display": "0", "missing_lines": 25, "excluded_lines": 0, "percent_statements_covered": 0.0, "percent_statements_covered_display": "0", "num_branches": 10, "num_partial_branches": 0, "covered_branches": 0, "missing_branches": 10, "percent_branches_covered": 0.0, "percent_branches_covered_display": "0"}, "missing_lines": [1058, 1060, 1061, 1063, 1065, 1066, 1067, 1068, 1070, 1071, 1074, 1077, 1079, 1080, 1081, 1082, 1083, 1084, 1085, 1086, 1087, 1088, 1089, 1090, 1091], "excluded_lines": [], "start_line": 1042, "executed_branches": [], "missing_branches": [[1060, 1061], [1060, 1063], [1077, 1079], [1077, 1082], [1079, 1080], [1079, 1081], [1082, 1083], [1082, 1091], [1087, 1088], [1087, 1090]]}, "check_stability_and_equivalence": {"executed_lines": [], "summary": {"covered_lines": 0, "num_statements": 9, "percent_covered": 0.0, "percent_covered_display": "0", "missing_lines": 9, "excluded_lines": 0, "percent_statements_covered": 0.0, "percent_statements_covered_display": "0", "num_branches": 2, "num_partial_branches": 0, "covered_branches": 0, "missing_branches": 2, "percent_branches_covered": 0.0, "percent_branches_covered_display": "0"}, "missing_lines": [1107, 1108, 1109, 1110, 1111, 1112, 1113, 1117, 1118], "excluded_lines": [], "start_line": 1094, "executed_branches": [], "missing_branches": [[1112, 1113], [1112, 1117]]}, "format_file_contents": {"executed_lines": [], "summary": {"covered_lines": 0, "num_statements": 8, "percent_covered": 0.0, "percent_covered_display": "0", "missing_lines": 8, "excluded_lines": 0, "percent_statements_covered": 0.0, "percent_statements_covered_display": "0", "num_branches": 6, "num_partial_branches": 0, "covered_branches": 0, "missing_branches": 6, "percent_branches_covered": 0.0, "percent_branches_covered_display": "0"}, "missing_lines": [1134, 1135, 1137, 1138, 1139, 1141, 1143, 1146], "excluded_lines": [], "start_line": 1121, "executed_branches": [], "missing_branches": [[1134, 1135], [1134, 1137], [1138, 1139], [1138, 1141], [1141, 1143], [1141, 1146]]}, "format_cell": {"executed_lines": [], "summary": {"covered_lines": 0, "num_statements": 15, "percent_covered": 0.0, "percent_covered_display": "0", "missing_lines": 15, "excluded_lines": 0, "percent_statements_covered": 0.0, "percent_statements_covered_display": "0", "num_branches": 4, "num_partial_branches": 0, "covered_branches": 0, "missing_branches": 4, "percent_branches_covered": 0.0, "percent_branches_covered_display": "0"}, "missing_lines": [1165, 1166, 1169, 1170, 1171, 1172, 1173, 1174, 1175, 1176, 1177, 1180, 1181, 1182, 1183], "excluded_lines": [], "start_line": 1149, "executed_branches": [], "missing_branches": [[1174, 1175], [1174, 1176], [1181, 1182], [1181, 1183]]}, "validate_metadata": {"executed_lines": [], "summary": {"covered_lines": 0, "num_statements": 3, "percent_covered": 0.0, "percent_covered_display": "0", "missing_lines": 3, "excluded_lines": 0, "percent_statements_covered": 0.0, "percent_statements_covered_display": "0", "num_branches": 2, "num_partial_branches": 0, "covered_branches": 0, "missing_branches": 2, "percent_branches_covered": 0.0, "percent_branches_covered_display": "0"}, "missing_lines": [1193, 1194, 1195], "excluded_lines": [], "start_line": 1186, "executed_branches": [], "missing_branches": [[1194, -1186], [1194, 1195]]}, "format_ipynb_string": {"executed_lines": [], "summary": {"covered_lines": 0, "num_statements": 21, "percent_covered": 0.0, "percent_covered_display": "0", "missing_lines": 21, "excluded_lines": 0, "percent_statements_covered": 0.0, "percent_statements_covered_display": "0", "num_branches": 10, "num_partial_branches": 0, "covered_branches": 0, "missing_branches": 10, "percent_branches_covered": 0.0, "percent_branches_covered_display": "0"}, "missing_lines": [1204, 1205, 1207, 1208, 1209, 1210, 1211, 1212, 1213, 1214, 1215, 1216, 1217, 1219, 1220, 1221, 1222, 1223, 1224, 1225, 1227], "excluded_lines": [], "start_line": 1198, "executed_branches": [], "missing_branches": [[1204, 1205], [1204, 1207], [1211, 1212], [1211, 1221], [1212, 1211], [1212, 1213], [1221, 1222], [1221, 1227], [1223, 1224], [1223, 1225]]}, "format_str": {"executed_lines": [], "summary": {"covered_lines": 0, "num_statements": 10, "percent_covered": 0.0, "percent_covered_display": "0", "missing_lines": 10, "excluded_lines": 1, "percent_statements_covered": 0.0, "percent_statements_covered_display": "0", "num_branches": 8, "num_partial_branches": 0, "covered_branches": 0, "missing_branches": 8, "percent_branches_covered": 0.0, "percent_branches_covered_display": "0"}, "missing_lines": [1262, 1263, 1264, 1265, 1266, 1270, 1271, 1272, 1273, 1274], "excluded_lines": [1233], "start_line": 1230, "executed_branches": [], "missing_branches": [[1262, 1263], [1262, 1266], [1264, 1265], [1264, 1266], [1270, 1271], [1270, 1274], [1271, 1272], [1271, 1273]]}, "_format_str_once": {"executed_lines": [], "summary": {"covered_lines": 0, "num_statements": 29, "percent_covered": 0.0, "percent_covered_display": "0", "missing_lines": 29, "excluded_lines": 0, "percent_statements_covered": 0.0, "percent_statements_covered_display": "0", "num_branches": 16, "num_partial_branches": 0, "covered_branches": 0, "missing_branches": 16, "percent_branches_covered": 0.0, "percent_branches_covered_display": "0"}, "missing_lines": [1282, 1286, 1290, 1291, 1292, 1294, 1295, 1297, 1306, 1307, 1309, 1311, 1312, 1313, 1321, 1322, 1323, 1324, 1325, 1328, 1329, 1330, 1331, 1332, 1333, 1334, 1335, 1336, 1337], "excluded_lines": [], "start_line": 1277, "executed_branches": [], "missing_branches": [[1291, 1292], [1291, 1294], [1307, 1309], [1307, 1311], [1322, 1323], [1322, 1329], [1325, 1322], [1325, 1328], [1329, 1330], [1329, 1331], [1332, 1333], [1332, 1334], [1334, 1335], [1334, 1337], [1335, 1336], [1335, 1337]]}, "decode_bytes": {"executed_lines": [], "summary": {"covered_lines": 0, "num_statements": 20, "percent_covered": 0.0, "percent_covered_display": "0", "missing_lines": 20, "excluded_lines": 0, "percent_statements_covered": 0.0, "percent_statements_covered_display": "0", "num_branches": 14, "num_partial_branches": 0, "covered_branches": 0, "missing_branches": 14, "percent_branches_covered": 0.0, "percent_branches_covered_display": "0"}, "missing_lines": [1351, 1355, 1356, 1357, 1359, 1360, 1362, 1363, 1364, 1366, 1367, 1368, 1369, 1371, 1373, 1374, 1376, 1378, 1379, 1380], "excluded_lines": [], "start_line": 1340, "executed_branches": [], "missing_branches": [[1356, 1357], [1356, 1359], [1359, 1360], [1359, 1362], [1362, 1363], [1362, 1367], [1363, 1364], [1363, 1366], [1367, 1368], [1367, 1373], [1368, 1369], [1368, 1371], [1373, 1374], [1373, 1376]]}, "get_features_used": {"executed_lines": [], "summary": {"covered_lines": 0, "num_statements": 62, "percent_covered": 0.0, "percent_covered_display": "0", "missing_lines": 62, "excluded_lines": 0, "percent_statements_covered": 0.0, "percent_statements_covered_display": "0", "num_branches": 66, "num_partial_branches": 0, "covered_branches": 0, "missing_branches": 66, "percent_branches_covered": 0.0, "percent_branches_covered_display": "0"}, "missing_lines": [1405, 1406, 1407, 1413, 1414, 1415, 1416, 1417, 1418, 1423, 1425, 1426, 1427, 1429, 1430, 1435, 1437, 1438, 1440, 1441, 1443, 1444, 1447, 1449, 1450, 1452, 1457, 1458, 1460, 1462, 1463, 1464, 1466, 1467, 1468, 1469, 1471, 1477, 1479, 1484, 1486, 1491, 1492, 1498, 1500, 1501, 1503, 1506, 1508, 1513, 1515, 1516, 1518, 1522, 1524, 1531, 1533, 1534, 1537, 1544, 1548, 1550], "excluded_lines": [], "start_line": 1383, "executed_branches": [], "missing_branches": [[1406, 1407], [1406, 1413], [1413, 1414], [1413, 1550], [1414, 1415], [1414, 1416], [1416, 1417], [1416, 1418], [1418, 1423], [1418, 1425], [1425, 1426], [1425, 1429], [1426, 1413], [1426, 1427], [1429, 1430], [1429, 1437], [1430, 1413], [1430, 1435], [1437, 1438], [1437, 1440], [1440, 1441], [1440, 1443], [1443, 1444], [1443, 1449], [1444, 1413], [1444, 1447], [1449, 1450], [1449, 1452], [1452, 1457], [1452, 1471], [1457, 1458], [1457, 1460], [1462, 1413], [1462, 1463], [1463, 1464], [1463, 1466], [1466, 1462], [1466, 1467], [1467, 1462], [1467, 1468], [1468, 1467], [1468, 1469], [1471, 1477], [1471, 1479], [1479, 1484], [1479, 1486], [1486, 1491], [1486, 1500], [1492, 1413], [1492, 1498], [1500, 1501], [1500, 1503], [1503, 1506], [1503, 1508], [1508, 1513], [1508, 1515], [1515, 1516], [1515, 1518], [1518, 1522], [1518, 1524], [1524, 1413], [1524, 1531], [1533, 1534], [1533, 1537], [1544, 1413], [1544, 1548]]}, "is_unpacking_comprehension": {"executed_lines": [], "summary": {"covered_lines": 0, "num_statements": 6, "percent_covered": 0.0, "percent_covered_display": "0", "missing_lines": 6, "excluded_lines": 0, "percent_statements_covered": 0.0, "percent_statements_covered_display": "0", "num_branches": 4, "num_partial_branches": 0, "covered_branches": 0, "missing_branches": 4, "percent_branches_covered": 0.0, "percent_branches_covered_display": "0"}, "missing_lines": [1554, 1555, 1557, 1560, 1562, 1563], "excluded_lines": [], "start_line": 1553, "executed_branches": [], "missing_branches": [[1554, 1555], [1554, 1557], [1557, 1560], [1557, 1562]]}, "_contains_asexpr": {"executed_lines": [], "summary": {"covered_lines": 0, "num_statements": 8, "percent_covered": 0.0, "percent_covered_display": "0", "missing_lines": 8, "excluded_lines": 0, "percent_statements_covered": 0.0, "percent_statements_covered_display": "0", "num_branches": 8, "num_partial_branches": 0, "covered_branches": 0, "missing_branches": 8, "percent_branches_covered": 0.0, "percent_branches_covered_display": "0"}, "missing_lines": [1568, 1569, 1570, 1571, 1576, 1577, 1578, 1579], "excluded_lines": [], "start_line": 1566, "executed_branches": [], "missing_branches": [[1568, 1569], [1568, 1570], [1570, 1571], [1570, 1577], [1571, 1576], [1571, 1579], [1577, 1578], [1577, 1579]]}, "detect_target_versions": {"executed_lines": [], "summary": {"covered_lines": 0, "num_statements": 2, "percent_covered": 0.0, "percent_covered_display": "0", "missing_lines": 2, "excluded_lines": 0, "percent_statements_covered": 0.0, "percent_statements_covered_display": "0", "num_branches": 0, "num_partial_branches": 0, "covered_branches": 0, "missing_branches": 0, "percent_branches_covered": 100.0, "percent_branches_covered_display": "100"}, "missing_lines": [1586, 1587], "excluded_lines": [], "start_line": 1582, "executed_branches": [], "missing_branches": []}, "get_future_imports": {"executed_lines": [], "summary": {"covered_lines": 0, "num_statements": 19, "percent_covered": 0.0, "percent_covered_display": "0", "missing_lines": 19, "excluded_lines": 0, "percent_statements_covered": 0.0, "percent_statements_covered_display": "0", "num_branches": 14, "num_partial_branches": 0, "covered_branches": 0, "missing_branches": 14, "percent_branches_covered": 0.0, "percent_branches_covered_display": "0"}, "missing_lines": [1594, 1596, 1614, 1615, 1616, 1618, 1619, 1621, 1626, 1628, 1630, 1631, 1632, 1634, 1635, 1636, 1638, 1640, 1642], "excluded_lines": [], "start_line": 1592, "executed_branches": [], "missing_branches": [[1614, 1615], [1614, 1642], [1615, 1616], [1615, 1618], [1619, 1621], [1619, 1630], [1621, 1626], [1621, 1628], [1630, 1631], [1630, 1640], [1631, 1632], [1631, 1634], [1635, 1636], [1635, 1638]]}, "get_future_imports.get_imports_from_children": {"executed_lines": [], "summary": {"covered_lines": 0, "num_statements": 12, "percent_covered": 0.0, "percent_covered_display": "0", "missing_lines": 12, "excluded_lines": 0, "percent_statements_covered": 0.0, "percent_statements_covered_display": "0", "num_branches": 10, "num_partial_branches": 0, "covered_branches": 0, "missing_branches": 10, "percent_branches_covered": 0.0, "percent_branches_covered_display": "0"}, "missing_lines": [1597, 1598, 1599, 1600, 1602, 1603, 1604, 1605, 1606, 1608, 1609, 1612], "excluded_lines": [], "start_line": 1596, "executed_branches": [], "missing_branches": [[1597, -1596], [1597, 1598], [1598, 1599], [1598, 1602], [1599, 1597], [1599, 1600], [1602, 1603], [1602, 1608], [1608, 1609], [1608, 1612]]}, "_black_info": {"executed_lines": [], "summary": {"covered_lines": 0, "num_statements": 1, "percent_covered": 0.0, "percent_covered_display": "0", "missing_lines": 1, "excluded_lines": 0, "percent_statements_covered": 0.0, "percent_statements_covered_display": "0", "num_branches": 0, "num_partial_branches": 0, "covered_branches": 0, "missing_branches": 0, "percent_branches_covered": 100.0, "percent_branches_covered_display": "100"}, "missing_lines": [1646], "excluded_lines": [], "start_line": 1645, "executed_branches": [], "missing_branches": []}, "assert_equivalent": {"executed_lines": [], "summary": {"covered_lines": 0, "num_statements": 14, "percent_covered": 0.0, "percent_covered_display": "0", "missing_lines": 14, "excluded_lines": 0, "percent_statements_covered": 0.0, "percent_statements_covered_display": "0", "num_branches": 2, "num_partial_branches": 0, "covered_branches": 0, "missing_branches": 2, "percent_branches_covered": 0.0, "percent_branches_covered_display": "0"}, "missing_lines": [1654, 1655, 1656, 1657, 1664, 1665, 1666, 1667, 1668, 1674, 1675, 1676, 1677, 1678], "excluded_lines": [], "start_line": 1652, "executed_branches": [], "missing_branches": [[1676, -1652], [1676, 1677]]}, "assert_stable": {"executed_lines": [], "summary": {"covered_lines": 0, "num_statements": 6, "percent_covered": 0.0, "percent_covered_display": "0", "missing_lines": 6, "excluded_lines": 0, "percent_statements_covered": 0.0, "percent_statements_covered_display": "0", "num_branches": 4, "num_partial_branches": 0, "covered_branches": 0, "missing_branches": 4, "percent_branches_covered": 0.0, "percent_branches_covered_display": "0"}, "missing_lines": [1689, 1695, 1699, 1700, 1701, 1706], "excluded_lines": [], "start_line": 1685, "executed_branches": [], "missing_branches": [[1689, 1695], [1689, 1699], [1700, -1685], [1700, 1701]]}, "patched_main": {"executed_lines": [], "summary": {"covered_lines": 0, "num_statements": 4, "percent_covered": 0.0, "percent_covered_display": "0", "missing_lines": 4, "excluded_lines": 0, "percent_statements_covered": 0.0, "percent_statements_covered_display": "0", "num_branches": 2, "num_partial_branches": 0, "covered_branches": 0, "missing_branches": 2, "percent_branches_covered": 0.0, "percent_branches_covered_display": "0"}, "missing_lines": [1716, 1717, 1719, 1721], "excluded_lines": [], "start_line": 1713, "executed_branches": [], "missing_branches": [[1716, 1717], [1716, 1721]]}, "": {"executed_lines": [1, 2, 3, 4, 5, 6, 7, 8, 14, 15, 16, 17, 18, 19, 20, 21, 23, 24, 25, 26, 27, 29, 30, 31, 32, 38, 50, 59, 60, 61, 62, 63, 64, 65, 66, 74, 80, 81, 82, 84, 87, 88, 89, 92, 93, 94, 95, 96, 97, 99, 100, 113, 116, 181, 195, 206, 221, 233, 240, 251, 262, 268, 269, 277, 290, 298, 306, 316, 322, 328, 334, 342, 351, 362, 371, 379, 384, 397, 406, 417, 430, 439, 450, 460, 474, 486, 495, 505, 512, 521, 535, 543, 553, 554, 782, 880, 912, 913, 974, 1042, 1094, 1121, 1149, 1186, 1198, 1230, 1277, 1340, 1383, 1553, 1566, 1582, 1592, 1645, 1652, 1685, 1713, 1724], "summary": {"covered_lines": 118, "num_statements": 119, "percent_covered": 98.34710743801652, "percent_covered_display": "98", "missing_lines": 1, "excluded_lines": 0, "percent_statements_covered": 99.15966386554622, "percent_statements_covered_display": "99", "num_branches": 2, "num_partial_branches": 1, "covered_branches": 1, "missing_branches": 1, "percent_branches_covered": 50.0, "percent_branches_covered_display": "50"}, "missing_lines": [1725], "excluded_lines": [], "start_line": 1, "executed_branches": [[1724, -1]], "missing_branches": [[1724, 1725]]}}, "classes": {"WriteBack": {"executed_lines": [], "summary": {"covered_lines": 0, "num_statements": 5, "percent_covered": 0.0, "percent_covered_display": "0", "missing_lines": 5, "excluded_lines": 0, "percent_statements_covered": 0.0, "percent_statements_covered_display": "0", "num_branches": 4, "num_partial_branches": 0, "covered_branches": 0, "missing_branches": 4, "percent_branches_covered": 0.0, "percent_branches_covered_display": "0"}, "missing_lines": [103, 104, 106, 107, 109], "excluded_lines": [], "start_line": 92, "executed_branches": [], "missing_branches": [[103, 104], [103, 106], [106, 107], [106, 109]]}, "": {"executed_lines": [1, 2, 3, 4, 5, 6, 7, 8, 14, 15, 16, 17, 18, 19, 20, 21, 23, 24, 25, 26, 27, 29, 30, 31, 32, 38, 50, 59, 60, 61, 62, 63, 64, 65, 66, 74, 80, 81, 82, 84, 87, 88, 89, 92, 93, 94, 95, 96, 97, 99, 100, 113, 116, 181, 195, 206, 221, 233, 240, 251, 262, 268, 269, 277, 290, 298, 306, 316, 322, 328, 334, 342, 351, 362, 371, 379, 384, 397, 406, 417, 430, 439, 450, 460, 474, 486, 495, 505, 512, 521, 535, 543, 553, 554, 782, 880, 912, 913, 974, 1042, 1094, 1121, 1149, 1186, 1198, 1230, 1277, 1340, 1383, 1553, 1566, 1582, 1592, 1645, 1652, 1685, 1713, 1724], "summary": {"covered_lines": 118, "num_statements": 651, "percent_covered": 12.105798575788404, "percent_covered_display": "12", "missing_lines": 533, "excluded_lines": 1, "percent_statements_covered": 18.125960061443934, "percent_statements_covered_display": "18", "num_branches": 332, "num_partial_branches": 1, "covered_branches": 1, "missing_branches": 331, "percent_branches_covered": 0.30120481927710846, "percent_branches_covered_display": "1"}, "missing_lines": [124, 125, 128, 129, 131, 132, 133, 134, 138, 139, 141, 145, 150, 151, 152, 156, 157, 158, 160, 161, 162, 166, 167, 168, 172, 173, 174, 175, 177, 178, 184, 185, 186, 187, 188, 189, 203, 215, 216, 217, 218, 222, 223, 224, 237, 245, 246, 247, 248, 256, 257, 258, 259, 588, 590, 591, 592, 597, 599, 600, 604, 605, 606, 607, 610, 611, 615, 617, 620, 622, 623, 624, 629, 630, 631, 632, 633, 638, 642, 644, 645, 646, 647, 649, 650, 655, 659, 660, 661, 662, 664, 665, 666, 669, 670, 684, 685, 692, 693, 694, 695, 696, 698, 699, 700, 701, 702, 704, 707, 709, 711, 712, 721, 722, 723, 735, 736, 738, 739, 740, 741, 742, 743, 745, 746, 756, 758, 759, 760, 761, 771, 772, 773, 774, 775, 776, 777, 778, 779, 796, 798, 799, 800, 801, 802, 804, 805, 806, 807, 808, 812, 813, 815, 816, 819, 820, 821, 822, 823, 825, 826, 829, 830, 833, 835, 836, 838, 841, 843, 844, 845, 846, 847, 848, 849, 851, 852, 856, 870, 871, 872, 873, 875, 877, 896, 897, 898, 899, 902, 903, 904, 905, 906, 907, 928, 929, 931, 932, 933, 934, 937, 939, 941, 942, 943, 944, 945, 946, 949, 951, 952, 956, 957, 958, 961, 962, 966, 967, 968, 969, 970, 971, 989, 990, 991, 992, 994, 995, 996, 997, 998, 999, 1000, 1001, 1004, 1005, 1006, 1007, 1010, 1011, 1013, 1014, 1015, 1016, 1017, 1018, 1019, 1020, 1021, 1023, 1025, 1026, 1028, 1029, 1035, 1036, 1037, 1039, 1058, 1060, 1061, 1063, 1065, 1066, 1067, 1068, 1070, 1071, 1074, 1077, 1079, 1080, 1081, 1082, 1083, 1084, 1085, 1086, 1087, 1088, 1089, 1090, 1091, 1107, 1108, 1109, 1110, 1111, 1112, 1113, 1117, 1118, 1134, 1135, 1137, 1138, 1139, 1141, 1143, 1146, 1165, 1166, 1169, 1170, 1171, 1172, 1173, 1174, 1175, 1176, 1177, 1180, 1181, 1182, 1183, 1193, 1194, 1195, 1204, 1205, 1207, 1208, 1209, 1210, 1211, 1212, 1213, 1214, 1215, 1216, 1217, 1219, 1220, 1221, 1222, 1223, 1224, 1225, 1227, 1262, 1263, 1264, 1265, 1266, 1270, 1271, 1272, 1273, 1274, 1282, 1286, 1290, 1291, 1292, 1294, 1295, 1297, 1306, 1307, 1309, 1311, 1312, 1313, 1321, 1322, 1323, 1324, 1325, 1328, 1329, 1330, 1331, 1332, 1333, 1334, 1335, 1336, 1337, 1351, 1355, 1356, 1357, 1359, 1360, 1362, 1363, 1364, 1366, 1367, 1368, 1369, 1371, 1373, 1374, 1376, 1378, 1379, 1380, 1405, 1406, 1407, 1413, 1414, 1415, 1416, 1417, 1418, 1423, 1425, 1426, 1427, 1429, 1430, 1435, 1437, 1438, 1440, 1441, 1443, 1444, 1447, 1449, 1450, 1452, 1457, 1458, 1460, 1462, 1463, 1464, 1466, 1467, 1468, 1469, 1471, 1477, 1479, 1484, 1486, 1491, 1492, 1498, 1500, 1501, 1503, 1506, 1508, 1513, 1515, 1516, 1518, 1522, 1524, 1531, 1533, 1534, 1537, 1544, 1548, 1550, 1554, 1555, 1557, 1560, 1562, 1563, 1568, 1569, 1570, 1571, 1576, 1577, 1578, 1579, 1586, 1587, 1594, 1596, 1597, 1598, 1599, 1600, 1602, 1603, 1604, 1605, 1606, 1608, 1609, 1612, 1614, 1615, 1616, 1618, 1619, 1621, 1626, 1628, 1630, 1631, 1632, 1634, 1635, 1636, 1638, 1640, 1642, 1646, 1654, 1655, 1656, 1657, 1664, 1665, 1666, 1667, 1668, 1674, 1675, 1676, 1677, 1678, 1689, 1695, 1699, 1700, 1701, 1706, 1716, 1717, 1719, 1721, 1725], "excluded_lines": [1233], "start_line": 1, "executed_branches": [[1724, -1]], "missing_branches": [[124, 125], [124, 131], [128, 129], [128, 131], [138, 139], [138, 141], [151, 152], [151, 156], [157, 158], [157, 160], [161, 162], [161, 166], [167, 168], [167, 172], [173, 174], [173, 175], [187, -181], [187, 188], [215, 216], [215, 217], [245, 246], [245, 247], [591, 592], [591, 599], [599, 600], [599, 605], [605, 606], [605, 610], [610, 611], [610, 617], [622, 623], [622, 649], [623, 624], [623, 629], [629, 630], [629, 649], [632, 633], [632, 638], [638, 642], [638, 644], [645, 646], [645, 649], [646, 647], [646, 649], [650, 655], [650, 660], [660, 661], [660, 664], [665, 666], [665, 669], [684, 685], [684, 692], [693, 694], [693, 704], [694, 695], [694, 698], [704, 707], [704, 709], [711, 712], [711, 721], [738, 739], [738, 745], [739, 740], [739, 741], [741, 742], [741, 743], [745, 746], [745, 756], [758, 759], [758, 761], [771, 772], [771, 777], [772, 773], [772, 774], [775, 776], [775, 777], [777, 778], [777, 779], [804, 805], [804, 877], [805, 806], [805, 815], [807, 808], [807, 813], [819, 820], [819, 846], [820, 821], [820, 825], [821, 822], [821, 823], [829, 830], [829, 835], [835, 836], [835, 838], [838, 841], [838, 843], [843, 844], [843, 845], [846, 847], [846, 870], [848, 849], [848, 851], [851, 852], [851, 856], [870, 871], [870, 875], [871, 872], [871, 873], [899, 902], [899, 903], [905, 906], [905, 907], [931, 932], [931, 933], [933, 934], [933, 939], [941, 942], [941, 951], [942, 943], [942, 944], [944, 945], [944, 946], [946, 949], [946, 967], [952, 956], [952, 958], [956, 957], [956, 958], [958, 961], [958, 962], [962, 966], [962, 967], [969, 970], [969, 971], [989, 990], [989, 991], [991, 992], [991, 994], [997, 998], [997, 999], [1013, 1014], [1013, 1016], [1016, 1017], [1016, 1039], [1020, 1021], [1020, 1023], [1025, 1026], [1025, 1028], [1060, 1061], [1060, 1063], [1077, 1079], [1077, 1082], [1079, 1080], [1079, 1081], [1082, 1083], [1082, 1091], [1087, 1088], [1087, 1090], [1112, 1113], [1112, 1117], [1134, 1135], [1134, 1137], [1138, 1139], [1138, 1141], [1141, 1143], [1141, 1146], [1174, 1175], [1174, 1176], [1181, 1182], [1181, 1183], [1194, -1186], [1194, 1195], [1204, 1205], [1204, 1207], [1211, 1212], [1211, 1221], [1212, 1211], [1212, 1213], [1221, 1222], [1221, 1227], [1223, 1224], [1223, 1225], [1262, 1263], [1262, 1266], [1264, 1265], [1264, 1266], [1270, 1271], [1270, 1274], [1271, 1272], [1271, 1273], [1291, 1292], [1291, 1294], [1307, 1309], [1307, 1311], [1322, 1323], [1322, 1329], [1325, 1322], [1325, 1328], [1329, 1330], [1329, 1331], [1332, 1333], [1332, 1334], [1334, 1335], [1334, 1337], [1335, 1336], [1335, 1337], [1356, 1357], [1356, 1359], [1359, 1360], [1359, 1362], [1362, 1363], [1362, 1367], [1363, 1364], [1363, 1366], [1367, 1368], [1367, 1373], [1368, 1369], [1368, 1371], [1373, 1374], [1373, 1376], [1406, 1407], [1406, 1413], [1413, 1414], [1413, 1550], [1414, 1415], [1414, 1416], [1416, 1417], [1416, 1418], [1418, 1423], [1418, 1425], [1425, 1426], [1425, 1429], [1426, 1413], [1426, 1427], [1429, 1430], [1429, 1437], [1430, 1413], [1430, 1435], [1437, 1438], [1437, 1440], [1440, 1441], [1440, 1443], [1443, 1444], [1443, 1449], [1444, 1413], [1444, 1447], [1449, 1450], [1449, 1452], [1452, 1457], [1452, 1471], [1457, 1458], [1457, 1460], [1462, 1413], [1462, 1463], [1463, 1464], [1463, 1466], [1466, 1462], [1466, 1467], [1467, 1462], [1467, 1468], [1468, 1467], [1468, 1469], [1471, 1477], [1471, 1479], [1479, 1484], [1479, 1486], [1486, 1491], [1486, 1500], [1492, 1413], [1492, 1498], [1500, 1501], [1500, 1503], [1503, 1506], [1503, 1508], [1508, 1513], [1508, 1515], [1515, 1516], [1515, 1518], [1518, 1522], [1518, 1524], [1524, 1413], [1524, 1531], [1533, 1534], [1533, 1537], [1544, 1413], [1544, 1548], [1554, 1555], [1554, 1557], [1557, 1560], [1557, 1562], [1568, 1569], [1568, 1570], [1570, 1571], [1570, 1577], [1571, 1576], [1571, 1579], [1577, 1578], [1577, 1579], [1597, -1596], [1597, 1598], [1598, 1599], [1598, 1602], [1599, 1597], [1599, 1600], [1602, 1603], [1602, 1608], [1608, 1609], [1608, 1612], [1614, 1615], [1614, 1642], [1615, 1616], [1615, 1618], [1619, 1621], [1619, 1630], [1621, 1626], [1621, 1628], [1630, 1631], [1630, 1640], [1631, 1632], [1631, 1634], [1635, 1636], [1635, 1638], [1676, -1652], [1676, 1677], [1689, 1695], [1689, 1699], [1700, -1685], [1700, 1701], [1716, 1717], [1716, 1721], [1724, 1725]]}}}, "src/black/__main__.py": {"executed_lines": [], "summary": {"covered_lines": 0, "num_statements": 2, "percent_covered": 0.0, "percent_covered_display": "0", "missing_lines": 2, "excluded_lines": 0, "percent_statements_covered": 0.0, "percent_statements_covered_display": "0", "num_branches": 0, "num_partial_branches": 0, "covered_branches": 0, "missing_branches": 0, "percent_branches_covered": 100.0, "percent_branches_covered_display": "100"}, "missing_lines": [1, 3], "excluded_lines": [], "executed_branches": [], "missing_branches": [], "functions": {"": {"executed_lines": [], "summary": {"covered_lines": 0, "num_statements": 2, "percent_covered": 0.0, "percent_covered_display": "0", "missing_lines": 2, "excluded_lines": 0, "percent_statements_covered": 0.0, "percent_statements_covered_display": "0", "num_branches": 0, "num_partial_branches": 0, "covered_branches": 0, "missing_branches": 0, "percent_branches_covered": 100.0, "percent_branches_covered_display": "100"}, "missing_lines": [1, 3], "excluded_lines": [], "start_line": 1, "executed_branches": [], "missing_branches": []}}, "classes": {"": {"executed_lines": [], "summary": {"covered_lines": 0, "num_statements": 2, "percent_covered": 0.0, "percent_covered_display": "0", "missing_lines": 2, "excluded_lines": 0, "percent_statements_covered": 0.0, "percent_statements_covered_display": "0", "num_branches": 0, "num_partial_branches": 0, "covered_branches": 0, "missing_branches": 0, "percent_branches_covered": 100.0, "percent_branches_covered_display": "100"}, "missing_lines": [1, 3], "excluded_lines": [], "start_line": 1, "executed_branches": [], "missing_branches": []}}}, "src/black/_width_table.py": {"executed_lines": [4, 6], "summary": {"covered_lines": 2, "num_statements": 2, "percent_covered": 100.0, "percent_covered_display": "100", "missing_lines": 0, "excluded_lines": 0, "percent_statements_covered": 100.0, "percent_statements_covered_display": "100", "num_branches": 0, "num_partial_branches": 0, "covered_branches": 0, "missing_branches": 0, "percent_branches_covered": 100.0, "percent_branches_covered_display": "100"}, "missing_lines": [], "excluded_lines": [], "executed_branches": [], "missing_branches": [], "functions": {"": {"executed_lines": [4, 6], "summary": {"covered_lines": 2, "num_statements": 2, "percent_covered": 100.0, "percent_covered_display": "100", "missing_lines": 0, "excluded_lines": 0, "percent_statements_covered": 100.0, "percent_statements_covered_display": "100", "num_branches": 0, "num_partial_branches": 0, "covered_branches": 0, "missing_branches": 0, "percent_branches_covered": 100.0, "percent_branches_covered_display": "100"}, "missing_lines": [], "excluded_lines": [], "start_line": 1, "executed_branches": [], "missing_branches": []}}, "classes": {"": {"executed_lines": [4, 6], "summary": {"covered_lines": 2, "num_statements": 2, "percent_covered": 100.0, "percent_covered_display": "100", "missing_lines": 0, "excluded_lines": 0, "percent_statements_covered": 100.0, "percent_statements_covered_display": "100", "num_branches": 0, "num_partial_branches": 0, "covered_branches": 0, "missing_branches": 0, "percent_branches_covered": 100.0, "percent_branches_covered_display": "100"}, "missing_lines": [], "excluded_lines": [], "start_line": 1, "executed_branches": [], "missing_branches": []}}}, "src/black/brackets.py": {"executed_lines": [3, 4, 5, 7, 19, 20, 23, 24, 25, 26, 27, 30, 31, 32, 33, 34, 35, 36, 52, 55, 59, 60, 63, 64, 65, 66, 67, 68, 69, 71, 131, 138, 142, 150, 161, 174, 188, 201, 214, 219, 244, 340, 364, 394], "summary": {"covered_lines": 44, "num_statements": 181, "percent_covered": 16.47940074906367, "percent_covered_display": "16", "missing_lines": 137, "excluded_lines": 0, "percent_statements_covered": 24.30939226519337, "percent_statements_covered_display": "24", "num_branches": 86, "num_partial_branches": 0, "covered_branches": 0, "missing_branches": 86, "percent_branches_covered": 0.0, "percent_branches_covered_display": "0"}, "missing_lines": [89, 90, 92, 97, 99, 100, 101, 102, 103, 104, 105, 106, 110, 111, 112, 113, 114, 115, 116, 117, 119, 120, 121, 122, 123, 124, 125, 126, 127, 128, 129, 136, 140, 148, 155, 156, 158, 159, 167, 168, 169, 170, 172, 176, 182, 183, 184, 186, 194, 195, 196, 197, 199, 203, 208, 209, 210, 212, 216, 227, 230, 231, 232, 233, 238, 239, 241, 252, 255, 257, 263, 265, 270, 272, 273, 275, 280, 282, 283, 285, 291, 295, 297, 302, 304, 305, 307, 308, 310, 320, 322, 332, 334, 335, 337, 346, 347, 349, 350, 351, 352, 354, 355, 356, 357, 358, 360, 361, 374, 375, 376, 377, 378, 379, 380, 381, 382, 388, 389, 391, 400, 402, 405, 406, 407, 408, 409, 410, 411, 412, 413, 414, 415, 416, 417, 419, 420], "excluded_lines": [], "executed_branches": [], "missing_branches": [[89, 90], [89, 92], [92, 97], [92, 99], [101, 102], [101, 113], [111, 112], [111, 113], [114, 115], [114, 122], [116, 117], [116, 119], [120, 121], [120, 122], [122, 123], [122, 127], [125, 126], [125, 127], [155, 156], [155, 158], [167, 168], [167, 172], [176, 182], [176, 186], [194, 195], [194, 199], [203, 208], [203, 212], [227, 230], [227, 241], [231, 232], [231, 239], [233, 238], [233, 239], [252, 255], [252, 257], [257, 263], [257, 265], [265, 270], [265, 272], [272, 273], [272, 275], [275, 280], [275, 282], [282, 283], [282, 285], [285, 291], [285, 297], [291, 295], [291, 297], [297, 302], [297, 304], [304, 305], [304, 307], [307, 308], [307, 310], [310, 320], [310, 322], [322, 332], [322, 334], [334, 335], [334, 337], [346, 347], [346, 349], [351, 352], [351, 354], [355, 356], [355, 357], [374, -364], [374, 375], [375, 376], [375, 378], [378, 379], [378, 380], [382, 388], [382, 391], [409, 410], [409, 420], [411, 412], [411, 413], [413, 409], [413, 414], [414, 415], [414, 419], [416, 409], [416, 417]], "functions": {"BracketTracker.mark": {"executed_lines": [], "summary": {"covered_lines": 0, "num_statements": 31, "percent_covered": 0.0, "percent_covered_display": "0", "missing_lines": 31, "excluded_lines": 0, "percent_statements_covered": 0.0, "percent_statements_covered_display": "0", "num_branches": 18, "num_partial_branches": 0, "covered_branches": 0, "missing_branches": 18, "percent_branches_covered": 0.0, "percent_branches_covered_display": "0"}, "missing_lines": [89, 90, 92, 97, 99, 100, 101, 102, 103, 104, 105, 106, 110, 111, 112, 113, 114, 115, 116, 117, 119, 120, 121, 122, 123, 124, 125, 126, 127, 128, 129], "excluded_lines": [], "start_line": 71, "executed_branches": [], "missing_branches": [[89, 90], [89, 92], [92, 97], [92, 99], [101, 102], [101, 113], [111, 112], [111, 113], [114, 115], [114, 122], [116, 117], [116, 119], [120, 121], [120, 122], [122, 123], [122, 127], [125, 126], [125, 127]]}, "BracketTracker.any_open_for_or_lambda": {"executed_lines": [], "summary": {"covered_lines": 0, "num_statements": 1, "percent_covered": 0.0, "percent_covered_display": "0", "missing_lines": 1, "excluded_lines": 0, "percent_statements_covered": 0.0, "percent_statements_covered_display": "0", "num_branches": 0, "num_partial_branches": 0, "covered_branches": 0, "missing_branches": 0, "percent_branches_covered": 100.0, "percent_branches_covered_display": "100"}, "missing_lines": [136], "excluded_lines": [], "start_line": 131, "executed_branches": [], "missing_branches": []}, "BracketTracker.any_open_brackets": {"executed_lines": [], "summary": {"covered_lines": 0, "num_statements": 1, "percent_covered": 0.0, "percent_covered_display": "0", "missing_lines": 1, "excluded_lines": 0, "percent_statements_covered": 0.0, "percent_statements_covered_display": "0", "num_branches": 0, "num_partial_branches": 0, "covered_branches": 0, "missing_branches": 0, "percent_branches_covered": 100.0, "percent_branches_covered_display": "100"}, "missing_lines": [140], "excluded_lines": [], "start_line": 138, "executed_branches": [], "missing_branches": []}, "BracketTracker.max_delimiter_priority": {"executed_lines": [], "summary": {"covered_lines": 0, "num_statements": 1, "percent_covered": 0.0, "percent_covered_display": "0", "missing_lines": 1, "excluded_lines": 0, "percent_statements_covered": 0.0, "percent_statements_covered_display": "0", "num_branches": 0, "num_partial_branches": 0, "covered_branches": 0, "missing_branches": 0, "percent_branches_covered": 100.0, "percent_branches_covered_display": "100"}, "missing_lines": [148], "excluded_lines": [], "start_line": 142, "executed_branches": [], "missing_branches": []}, "BracketTracker.delimiter_count_with_priority": {"executed_lines": [], "summary": {"covered_lines": 0, "num_statements": 4, "percent_covered": 0.0, "percent_covered_display": "0", "missing_lines": 4, "excluded_lines": 0, "percent_statements_covered": 0.0, "percent_statements_covered_display": "0", "num_branches": 2, "num_partial_branches": 0, "covered_branches": 0, "missing_branches": 2, "percent_branches_covered": 0.0, "percent_branches_covered_display": "0"}, "missing_lines": [155, 156, 158, 159], "excluded_lines": [], "start_line": 150, "executed_branches": [], "missing_branches": [[155, 156], [155, 158]]}, "BracketTracker.maybe_increment_for_loop_variable": {"executed_lines": [], "summary": {"covered_lines": 0, "num_statements": 5, "percent_covered": 0.0, "percent_covered_display": "0", "missing_lines": 5, "excluded_lines": 0, "percent_statements_covered": 0.0, "percent_statements_covered_display": "0", "num_branches": 2, "num_partial_branches": 0, "covered_branches": 0, "missing_branches": 2, "percent_branches_covered": 0.0, "percent_branches_covered_display": "0"}, "missing_lines": [167, 168, 169, 170, 172], "excluded_lines": [], "start_line": 161, "executed_branches": [], "missing_branches": [[167, 168], [167, 172]]}, "BracketTracker.maybe_decrement_after_for_loop_variable": {"executed_lines": [], "summary": {"covered_lines": 0, "num_statements": 5, "percent_covered": 0.0, "percent_covered_display": "0", "missing_lines": 5, "excluded_lines": 0, "percent_statements_covered": 0.0, "percent_statements_covered_display": "0", "num_branches": 2, "num_partial_branches": 0, "covered_branches": 0, "missing_branches": 2, "percent_branches_covered": 0.0, "percent_branches_covered_display": "0"}, "missing_lines": [176, 182, 183, 184, 186], "excluded_lines": [], "start_line": 174, "executed_branches": [], "missing_branches": [[176, 182], [176, 186]]}, "BracketTracker.maybe_increment_lambda_arguments": {"executed_lines": [], "summary": {"covered_lines": 0, "num_statements": 5, "percent_covered": 0.0, "percent_covered_display": "0", "missing_lines": 5, "excluded_lines": 0, "percent_statements_covered": 0.0, "percent_statements_covered_display": "0", "num_branches": 2, "num_partial_branches": 0, "covered_branches": 0, "missing_branches": 2, "percent_branches_covered": 0.0, "percent_branches_covered_display": "0"}, "missing_lines": [194, 195, 196, 197, 199], "excluded_lines": [], "start_line": 188, "executed_branches": [], "missing_branches": [[194, 195], [194, 199]]}, "BracketTracker.maybe_decrement_after_lambda_arguments": {"executed_lines": [], "summary": {"covered_lines": 0, "num_statements": 5, "percent_covered": 0.0, "percent_covered_display": "0", "missing_lines": 5, "excluded_lines": 0, "percent_statements_covered": 0.0, "percent_statements_covered_display": "0", "num_branches": 2, "num_partial_branches": 0, "covered_branches": 0, "missing_branches": 2, "percent_branches_covered": 0.0, "percent_branches_covered_display": "0"}, "missing_lines": [203, 208, 209, 210, 212], "excluded_lines": [], "start_line": 201, "executed_branches": [], "missing_branches": [[203, 208], [203, 212]]}, "BracketTracker.get_open_lsqb": {"executed_lines": [], "summary": {"covered_lines": 0, "num_statements": 1, "percent_covered": 0.0, "percent_covered_display": "0", "missing_lines": 1, "excluded_lines": 0, "percent_statements_covered": 0.0, "percent_statements_covered_display": "0", "num_branches": 0, "num_partial_branches": 0, "covered_branches": 0, "missing_branches": 0, "percent_branches_covered": 100.0, "percent_branches_covered_display": "100"}, "missing_lines": [216], "excluded_lines": [], "start_line": 214, "executed_branches": [], "missing_branches": []}, "is_split_after_delimiter": {"executed_lines": [], "summary": {"covered_lines": 0, "num_statements": 8, "percent_covered": 0.0, "percent_covered_display": "0", "missing_lines": 8, "excluded_lines": 0, "percent_statements_covered": 0.0, "percent_statements_covered_display": "0", "num_branches": 6, "num_partial_branches": 0, "covered_branches": 0, "missing_branches": 6, "percent_branches_covered": 0.0, "percent_branches_covered_display": "0"}, "missing_lines": [227, 230, 231, 232, 233, 238, 239, 241], "excluded_lines": [], "start_line": 219, "executed_branches": [], "missing_branches": [[227, 230], [227, 241], [231, 232], [231, 239], [233, 238], [233, 239]]}, "is_split_before_delimiter": {"executed_lines": [], "summary": {"covered_lines": 0, "num_statements": 28, "percent_covered": 0.0, "percent_covered_display": "0", "missing_lines": 28, "excluded_lines": 0, "percent_statements_covered": 0.0, "percent_statements_covered_display": "0", "num_branches": 28, "num_partial_branches": 0, "covered_branches": 0, "missing_branches": 28, "percent_branches_covered": 0.0, "percent_branches_covered_display": "0"}, "missing_lines": [252, 255, 257, 263, 265, 270, 272, 273, 275, 280, 282, 283, 285, 291, 295, 297, 302, 304, 305, 307, 308, 310, 320, 322, 332, 334, 335, 337], "excluded_lines": [], "start_line": 244, "executed_branches": [], "missing_branches": [[252, 255], [252, 257], [257, 263], [257, 265], [265, 270], [265, 272], [272, 273], [272, 275], [275, 280], [275, 282], [282, 283], [282, 285], [285, 291], [285, 297], [291, 295], [291, 297], [297, 302], [297, 304], [304, 305], [304, 307], [307, 308], [307, 310], [310, 320], [310, 322], [322, 332], [322, 334], [334, 335], [334, 337]]}, "max_delimiter_priority_in_atom": {"executed_lines": [], "summary": {"covered_lines": 0, "num_statements": 13, "percent_covered": 0.0, "percent_covered_display": "0", "missing_lines": 13, "excluded_lines": 0, "percent_statements_covered": 0.0, "percent_statements_covered_display": "0", "num_branches": 6, "num_partial_branches": 0, "covered_branches": 0, "missing_branches": 6, "percent_branches_covered": 0.0, "percent_branches_covered_display": "0"}, "missing_lines": [346, 347, 349, 350, 351, 352, 354, 355, 356, 357, 358, 360, 361], "excluded_lines": [], "start_line": 340, "executed_branches": [], "missing_branches": [[346, 347], [346, 349], [351, 352], [351, 354], [355, 356], [355, 357]]}, "_top_level_leaves": {"executed_lines": [], "summary": {"covered_lines": 0, "num_statements": 12, "percent_covered": 0.0, "percent_covered_display": "0", "missing_lines": 12, "excluded_lines": 0, "percent_statements_covered": 0.0, "percent_statements_covered_display": "0", "num_branches": 8, "num_partial_branches": 0, "covered_branches": 0, "missing_branches": 8, "percent_branches_covered": 0.0, "percent_branches_covered_display": "0"}, "missing_lines": [374, 375, 376, 377, 378, 379, 380, 381, 382, 388, 389, 391], "excluded_lines": [], "start_line": 364, "executed_branches": [], "missing_branches": [[374, -364], [374, 375], [375, 376], [375, 378], [378, 379], [378, 380], [382, 388], [382, 391]]}, "get_leaves_inside_matching_brackets": {"executed_lines": [], "summary": {"covered_lines": 0, "num_statements": 17, "percent_covered": 0.0, "percent_covered_display": "0", "missing_lines": 17, "excluded_lines": 0, "percent_statements_covered": 0.0, "percent_statements_covered_display": "0", "num_branches": 10, "num_partial_branches": 0, "covered_branches": 0, "missing_branches": 10, "percent_branches_covered": 0.0, "percent_branches_covered_display": "0"}, "missing_lines": [400, 402, 405, 406, 407, 408, 409, 410, 411, 412, 413, 414, 415, 416, 417, 419, 420], "excluded_lines": [], "start_line": 394, "executed_branches": [], "missing_branches": [[409, 410], [409, 420], [411, 412], [411, 413], [413, 409], [413, 414], [414, 415], [414, 419], [416, 409], [416, 417]]}, "": {"executed_lines": [3, 4, 5, 7, 19, 20, 23, 24, 25, 26, 27, 30, 31, 32, 33, 34, 35, 36, 52, 55, 59, 60, 63, 64, 65, 66, 67, 68, 69, 71, 131, 138, 142, 150, 161, 174, 188, 201, 214, 219, 244, 340, 364, 394], "summary": {"covered_lines": 44, "num_statements": 44, "percent_covered": 100.0, "percent_covered_display": "100", "missing_lines": 0, "excluded_lines": 0, "percent_statements_covered": 100.0, "percent_statements_covered_display": "100", "num_branches": 0, "num_partial_branches": 0, "covered_branches": 0, "missing_branches": 0, "percent_branches_covered": 100.0, "percent_branches_covered_display": "100"}, "missing_lines": [], "excluded_lines": [], "start_line": 1, "executed_branches": [], "missing_branches": []}}, "classes": {"BracketMatchError": {"executed_lines": [], "summary": {"covered_lines": 0, "num_statements": 0, "percent_covered": 100.0, "percent_covered_display": "100", "missing_lines": 0, "excluded_lines": 0, "percent_statements_covered": 100.0, "percent_statements_covered_display": "100", "num_branches": 0, "num_partial_branches": 0, "covered_branches": 0, "missing_branches": 0, "percent_branches_covered": 100.0, "percent_branches_covered_display": "100"}, "missing_lines": [], "excluded_lines": [], "start_line": 55, "executed_branches": [], "missing_branches": []}, "BracketTracker": {"executed_lines": [], "summary": {"covered_lines": 0, "num_statements": 59, "percent_covered": 0.0, "percent_covered_display": "0", "missing_lines": 59, "excluded_lines": 0, "percent_statements_covered": 0.0, "percent_statements_covered_display": "0", "num_branches": 28, "num_partial_branches": 0, "covered_branches": 0, "missing_branches": 28, "percent_branches_covered": 0.0, "percent_branches_covered_display": "0"}, "missing_lines": [89, 90, 92, 97, 99, 100, 101, 102, 103, 104, 105, 106, 110, 111, 112, 113, 114, 115, 116, 117, 119, 120, 121, 122, 123, 124, 125, 126, 127, 128, 129, 136, 140, 148, 155, 156, 158, 159, 167, 168, 169, 170, 172, 176, 182, 183, 184, 186, 194, 195, 196, 197, 199, 203, 208, 209, 210, 212, 216], "excluded_lines": [], "start_line": 60, "executed_branches": [], "missing_branches": [[89, 90], [89, 92], [92, 97], [92, 99], [101, 102], [101, 113], [111, 112], [111, 113], [114, 115], [114, 122], [116, 117], [116, 119], [120, 121], [120, 122], [122, 123], [122, 127], [125, 126], [125, 127], [155, 156], [155, 158], [167, 168], [167, 172], [176, 182], [176, 186], [194, 195], [194, 199], [203, 208], [203, 212]]}, "": {"executed_lines": [3, 4, 5, 7, 19, 20, 23, 24, 25, 26, 27, 30, 31, 32, 33, 34, 35, 36, 52, 55, 59, 60, 63, 64, 65, 66, 67, 68, 69, 71, 131, 138, 142, 150, 161, 174, 188, 201, 214, 219, 244, 340, 364, 394], "summary": {"covered_lines": 44, "num_statements": 122, "percent_covered": 24.444444444444443, "percent_covered_display": "24", "missing_lines": 78, "excluded_lines": 0, "percent_statements_covered": 36.0655737704918, "percent_statements_covered_display": "36", "num_branches": 58, "num_partial_branches": 0, "covered_branches": 0, "missing_branches": 58, "percent_branches_covered": 0.0, "percent_branches_covered_display": "0"}, "missing_lines": [227, 230, 231, 232, 233, 238, 239, 241, 252, 255, 257, 263, 265, 270, 272, 273, 275, 280, 282, 283, 285, 291, 295, 297, 302, 304, 305, 307, 308, 310, 320, 322, 332, 334, 335, 337, 346, 347, 349, 350, 351, 352, 354, 355, 356, 357, 358, 360, 361, 374, 375, 376, 377, 378, 379, 380, 381, 382, 388, 389, 391, 400, 402, 405, 406, 407, 408, 409, 410, 411, 412, 413, 414, 415, 416, 417, 419, 420], "excluded_lines": [], "start_line": 1, "executed_branches": [], "missing_branches": [[227, 230], [227, 241], [231, 232], [231, 239], [233, 238], [233, 239], [252, 255], [252, 257], [257, 263], [257, 265], [265, 270], [265, 272], [272, 273], [272, 275], [275, 280], [275, 282], [282, 283], [282, 285], [285, 291], [285, 297], [291, 295], [291, 297], [297, 302], [297, 304], [304, 305], [304, 307], [307, 308], [307, 310], [310, 320], [310, 322], [322, 332], [322, 334], [334, 335], [334, 337], [346, 347], [346, 349], [351, 352], [351, 354], [355, 356], [355, 357], [374, -364], [374, 375], [375, 376], [375, 378], [378, 379], [378, 380], [382, 388], [382, 391], [409, 410], [409, 420], [411, 412], [411, 413], [413, 409], [413, 414], [414, 415], [414, 419], [416, 409], [416, 417]]}}}, "src/black/cache.py": {"executed_lines": [3, 4, 5, 6, 7, 8, 9, 10, 11, 13, 15, 16, 17, 19, 20, 25, 26, 27, 28, 31, 42, 43, 44, 45, 48, 51, 55, 56, 57, 58, 59, 61, 62, 87, 88, 94, 95, 102, 118, 133], "summary": {"covered_lines": 40, "num_statements": 90, "percent_covered": 38.679245283018865, "percent_covered_display": "39", "missing_lines": 50, "excluded_lines": 0, "percent_statements_covered": 44.44444444444444, "percent_statements_covered_display": "44", "num_branches": 16, "num_partial_branches": 1, "covered_branches": 1, "missing_branches": 15, "percent_branches_covered": 6.25, "percent_branches_covered_display": "6"}, "missing_lines": [22, 52, 68, 69, 70, 71, 73, 74, 75, 76, 78, 79, 80, 81, 82, 83, 85, 91, 92, 98, 99, 100, 104, 105, 106, 107, 109, 110, 111, 112, 113, 114, 115, 116, 124, 125, 126, 127, 128, 130, 131, 135, 138, 139, 140, 144, 147, 148, 149, 150], "excluded_lines": [], "executed_branches": [[19, 20]], "missing_branches": [[19, 22], [75, 76], [75, 78], [106, 107], [106, 109], [110, 111], [110, 112], [112, 113], [112, 116], [114, 115], [114, 116], [126, 127], [126, 131], [127, 128], [127, 130]], "functions": {"get_cache_dir": {"executed_lines": [42, 43, 44, 45], "summary": {"covered_lines": 4, "num_statements": 4, "percent_covered": 100.0, "percent_covered_display": "100", "missing_lines": 0, "excluded_lines": 0, "percent_statements_covered": 100.0, "percent_statements_covered_display": "100", "num_branches": 0, "num_partial_branches": 0, "covered_branches": 0, "missing_branches": 0, "percent_branches_covered": 100.0, "percent_branches_covered_display": "100"}, "missing_lines": [], "excluded_lines": [], "start_line": 31, "executed_branches": [], "missing_branches": []}, "get_cache_file": {"executed_lines": [], "summary": {"covered_lines": 0, "num_statements": 1, "percent_covered": 0.0, "percent_covered_display": "0", "missing_lines": 1, "excluded_lines": 0, "percent_statements_covered": 0.0, "percent_statements_covered_display": "0", "num_branches": 0, "num_partial_branches": 0, "covered_branches": 0, "missing_branches": 0, "percent_branches_covered": 100.0, "percent_branches_covered_display": "100"}, "missing_lines": [52], "excluded_lines": [], "start_line": 51, "executed_branches": [], "missing_branches": []}, "Cache.read": {"executed_lines": [], "summary": {"covered_lines": 0, "num_statements": 15, "percent_covered": 0.0, "percent_covered_display": "0", "missing_lines": 15, "excluded_lines": 0, "percent_statements_covered": 0.0, "percent_statements_covered_display": "0", "num_branches": 2, "num_partial_branches": 0, "covered_branches": 0, "missing_branches": 2, "percent_branches_covered": 0.0, "percent_branches_covered_display": "0"}, "missing_lines": [68, 69, 70, 71, 73, 74, 75, 76, 78, 79, 80, 81, 82, 83, 85], "excluded_lines": [], "start_line": 62, "executed_branches": [], "missing_branches": [[75, 76], [75, 78]]}, "Cache.hash_digest": {"executed_lines": [], "summary": {"covered_lines": 0, "num_statements": 2, "percent_covered": 0.0, "percent_covered_display": "0", "missing_lines": 2, "excluded_lines": 0, "percent_statements_covered": 0.0, "percent_statements_covered_display": "0", "num_branches": 0, "num_partial_branches": 0, "covered_branches": 0, "missing_branches": 0, "percent_branches_covered": 100.0, "percent_branches_covered_display": "100"}, "missing_lines": [91, 92], "excluded_lines": [], "start_line": 88, "executed_branches": [], "missing_branches": []}, "Cache.get_file_data": {"executed_lines": [], "summary": {"covered_lines": 0, "num_statements": 3, "percent_covered": 0.0, "percent_covered_display": "0", "missing_lines": 3, "excluded_lines": 0, "percent_statements_covered": 0.0, "percent_statements_covered_display": "0", "num_branches": 0, "num_partial_branches": 0, "covered_branches": 0, "missing_branches": 0, "percent_branches_covered": 100.0, "percent_branches_covered_display": "100"}, "missing_lines": [98, 99, 100], "excluded_lines": [], "start_line": 95, "executed_branches": [], "missing_branches": []}, "Cache.is_changed": {"executed_lines": [], "summary": {"covered_lines": 0, "num_statements": 12, "percent_covered": 0.0, "percent_covered_display": "0", "missing_lines": 12, "excluded_lines": 0, "percent_statements_covered": 0.0, "percent_statements_covered_display": "0", "num_branches": 8, "num_partial_branches": 0, "covered_branches": 0, "missing_branches": 8, "percent_branches_covered": 0.0, "percent_branches_covered_display": "0"}, "missing_lines": [104, 105, 106, 107, 109, 110, 111, 112, 113, 114, 115, 116], "excluded_lines": [], "start_line": 102, "executed_branches": [], "missing_branches": [[106, 107], [106, 109], [110, 111], [110, 112], [112, 113], [112, 116], [114, 115], [114, 116]]}, "Cache.filtered_cached": {"executed_lines": [], "summary": {"covered_lines": 0, "num_statements": 7, "percent_covered": 0.0, "percent_covered_display": "0", "missing_lines": 7, "excluded_lines": 0, "percent_statements_covered": 0.0, "percent_statements_covered_display": "0", "num_branches": 4, "num_partial_branches": 0, "covered_branches": 0, "missing_branches": 4, "percent_branches_covered": 0.0, "percent_branches_covered_display": "0"}, "missing_lines": [124, 125, 126, 127, 128, 130, 131], "excluded_lines": [], "start_line": 118, "executed_branches": [], "missing_branches": [[126, 127], [126, 131], [127, 128], [127, 130]]}, "Cache.write": {"executed_lines": [], "summary": {"covered_lines": 0, "num_statements": 9, "percent_covered": 0.0, "percent_covered_display": "0", "missing_lines": 9, "excluded_lines": 0, "percent_statements_covered": 0.0, "percent_statements_covered_display": "0", "num_branches": 0, "num_partial_branches": 0, "covered_branches": 0, "missing_branches": 0, "percent_branches_covered": 100.0, "percent_branches_covered_display": "100"}, "missing_lines": [135, 138, 139, 140, 144, 147, 148, 149, 150], "excluded_lines": [], "start_line": 133, "executed_branches": [], "missing_branches": []}, "": {"executed_lines": [3, 4, 5, 6, 7, 8, 9, 10, 11, 13, 15, 16, 17, 19, 20, 25, 26, 27, 28, 31, 48, 51, 55, 56, 57, 58, 59, 61, 62, 87, 88, 94, 95, 102, 118, 133], "summary": {"covered_lines": 36, "num_statements": 37, "percent_covered": 94.87179487179488, "percent_covered_display": "95", "missing_lines": 1, "excluded_lines": 0, "percent_statements_covered": 97.29729729729729, "percent_statements_covered_display": "97", "num_branches": 2, "num_partial_branches": 1, "covered_branches": 1, "missing_branches": 1, "percent_branches_covered": 50.0, "percent_branches_covered_display": "50"}, "missing_lines": [22], "excluded_lines": [], "start_line": 1, "executed_branches": [[19, 20]], "missing_branches": [[19, 22]]}}, "classes": {"FileData": {"executed_lines": [], "summary": {"covered_lines": 0, "num_statements": 0, "percent_covered": 100.0, "percent_covered_display": "100", "missing_lines": 0, "excluded_lines": 0, "percent_statements_covered": 100.0, "percent_statements_covered_display": "100", "num_branches": 0, "num_partial_branches": 0, "covered_branches": 0, "missing_branches": 0, "percent_branches_covered": 100.0, "percent_branches_covered_display": "100"}, "missing_lines": [], "excluded_lines": [], "start_line": 25, "executed_branches": [], "missing_branches": []}, "Cache": {"executed_lines": [], "summary": {"covered_lines": 0, "num_statements": 48, "percent_covered": 0.0, "percent_covered_display": "0", "missing_lines": 48, "excluded_lines": 0, "percent_statements_covered": 0.0, "percent_statements_covered_display": "0", "num_branches": 14, "num_partial_branches": 0, "covered_branches": 0, "missing_branches": 14, "percent_branches_covered": 0.0, "percent_branches_covered_display": "0"}, "missing_lines": [68, 69, 70, 71, 73, 74, 75, 76, 78, 79, 80, 81, 82, 83, 85, 91, 92, 98, 99, 100, 104, 105, 106, 107, 109, 110, 111, 112, 113, 114, 115, 116, 124, 125, 126, 127, 128, 130, 131, 135, 138, 139, 140, 144, 147, 148, 149, 150], "excluded_lines": [], "start_line": 56, "executed_branches": [], "missing_branches": [[75, 76], [75, 78], [106, 107], [106, 109], [110, 111], [110, 112], [112, 113], [112, 116], [114, 115], [114, 116], [126, 127], [126, 131], [127, 128], [127, 130]]}, "": {"executed_lines": [3, 4, 5, 6, 7, 8, 9, 10, 11, 13, 15, 16, 17, 19, 20, 25, 26, 27, 28, 31, 42, 43, 44, 45, 48, 51, 55, 56, 57, 58, 59, 61, 62, 87, 88, 94, 95, 102, 118, 133], "summary": {"covered_lines": 40, "num_statements": 42, "percent_covered": 93.18181818181819, "percent_covered_display": "93", "missing_lines": 2, "excluded_lines": 0, "percent_statements_covered": 95.23809523809524, "percent_statements_covered_display": "95", "num_branches": 2, "num_partial_branches": 1, "covered_branches": 1, "missing_branches": 1, "percent_branches_covered": 50.0, "percent_branches_covered_display": "50"}, "missing_lines": [22, 52], "excluded_lines": [], "start_line": 1, "executed_branches": [[19, 20]], "missing_branches": [[19, 22]]}}}, "src/black/comments.py": {"executed_lines": [1, 2, 3, 4, 5, 7, 8, 21, 22, 25, 27, 28, 29, 33, 35, 36, 37, 40, 41, 52, 53, 54, 55, 56, 57, 60, 89, 90, 137, 152, 192, 206, 226, 250, 339, 410, 420, 528, 577, 618, 644, 669, 680, 851, 864, 874, 888], "summary": {"covered_lines": 47, "num_statements": 397, "percent_covered": 7.4015748031496065, "percent_covered_display": "7", "missing_lines": 350, "excluded_lines": 0, "percent_statements_covered": 11.838790931989925, "percent_statements_covered_display": "12", "num_branches": 238, "num_partial_branches": 0, "covered_branches": 0, "missing_branches": 238, "percent_branches_covered": 0.0, "percent_branches_covered_display": "0"}, "missing_lines": [79, 80, 83, 84, 85, 86, 92, 93, 94, 96, 97, 98, 99, 100, 101, 102, 103, 104, 105, 106, 107, 108, 109, 113, 114, 115, 117, 118, 120, 121, 122, 132, 133, 134, 142, 143, 144, 145, 146, 147, 149, 163, 164, 165, 168, 169, 171, 172, 173, 178, 179, 184, 185, 187, 188, 189, 200, 201, 202, 203, 213, 214, 216, 217, 220, 221, 223, 234, 235, 237, 238, 239, 242, 243, 244, 245, 247, 260, 263, 264, 265, 266, 267, 268, 273, 274, 277, 278, 280, 281, 282, 285, 286, 287, 288, 290, 291, 295, 297, 301, 303, 307, 308, 309, 310, 313, 316, 317, 319, 320, 321, 322, 323, 325, 327, 336, 352, 353, 356, 357, 361, 364, 366, 367, 368, 371, 372, 373, 375, 378, 379, 381, 384, 385, 388, 389, 392, 393, 397, 405, 407, 412, 413, 414, 415, 416, 417, 429, 430, 431, 433, 434, 435, 436, 437, 439, 443, 444, 445, 447, 448, 449, 450, 451, 454, 457, 459, 460, 461, 462, 463, 464, 465, 466, 469, 471, 473, 475, 477, 478, 479, 488, 489, 490, 494, 495, 496, 497, 498, 500, 501, 503, 506, 508, 509, 510, 511, 512, 514, 515, 517, 536, 537, 538, 539, 540, 541, 542, 545, 546, 547, 548, 553, 554, 555, 564, 565, 566, 567, 569, 572, 573, 574, 590, 591, 593, 594, 601, 606, 612, 613, 615, 627, 628, 630, 632, 637, 640, 641, 648, 649, 652, 653, 654, 657, 658, 659, 660, 661, 662, 663, 665, 666, 671, 672, 673, 674, 675, 676, 677, 684, 685, 686, 689, 690, 691, 693, 694, 696, 697, 699, 704, 705, 706, 707, 708, 711, 712, 717, 718, 719, 739, 740, 746, 748, 749, 750, 753, 755, 756, 757, 762, 763, 765, 766, 769, 774, 776, 781, 783, 784, 787, 788, 790, 791, 795, 801, 803, 805, 806, 809, 810, 811, 812, 813, 814, 821, 822, 823, 824, 825, 826, 827, 828, 829, 830, 834, 835, 837, 845, 846, 848, 855, 856, 857, 858, 859, 860, 861, 866, 867, 868, 869, 871, 881, 882, 883, 885, 903, 917], "excluded_lines": [], "executed_branches": [], "missing_branches": [[80, 83], [80, 86], [93, 94], [93, 96], [100, 101], [100, 134], [105, 106], [105, 109], [107, 108], [107, 109], [109, 113], [109, 117], [113, 114], [113, 115], [117, 118], [117, 120], [143, 144], [143, 149], [164, 165], [164, 168], [168, 169], [168, 171], [171, 172], [171, 173], [173, 178], [173, 179], [179, 184], [179, 187], [187, 188], [187, 189], [202, -192], [202, 203], [216, 217], [216, 220], [220, 221], [220, 223], [234, 235], [234, 237], [238, 239], [238, 242], [242, 243], [242, 244], [244, 245], [244, 247], [265, 266], [265, 277], [266, 267], [266, 268], [268, 265], [268, 273], [277, 278], [277, 280], [290, 291], [290, 295], [295, 297], [295, 301], [308, 309], [308, 310], [320, 321], [320, 325], [321, 320], [321, 322], [352, 353], [352, 407], [356, 357], [356, 361], [361, 364], [361, 366], [367, 352], [367, 368], [371, 372], [371, 375], [375, 378], [375, 381], [384, 385], [384, 392], [385, 388], [385, 389], [392, 393], [392, 397], [413, 414], [413, 417], [414, 415], [414, 416], [433, 434], [433, 435], [435, 436], [435, 439], [444, 445], [444, 477], [445, 447], [445, 451], [448, 449], [448, 450], [451, 454], [451, 475], [457, 459], [457, 473], [460, 461], [460, 469], [461, 462], [461, 466], [463, 464], [463, 465], [488, 489], [488, 500], [490, 494], [490, 497], [495, 496], [495, 497], [500, 501], [500, 503], [503, 506], [503, 508], [509, 510], [509, 514], [511, 509], [511, 512], [536, 537], [536, 539], [540, -528], [540, 541], [541, 542], [541, 545], [545, 546], [545, 569], [546, 540], [546, 547], [547, 548], [547, 555], [548, 553], [548, 554], [555, 564], [555, 565], [565, 566], [565, 567], [569, 572], [569, 573], [590, 591], [590, 593], [593, 594], [593, 601], [601, 606], [601, 612], [612, 613], [612, 615], [627, 628], [627, 641], [628, 627], [628, 630], [630, 632], [630, 640], [648, 649], [648, 652], [653, 654], [653, 657], [658, 659], [658, 666], [659, 660], [659, 661], [661, 662], [661, 665], [662, 658], [662, 663], [672, 673], [672, 677], [674, 675], [674, 676], [690, 691], [690, 693], [693, 694], [693, 696], [696, 697], [696, 699], [699, 704], [699, 719], [706, 707], [706, 711], [712, 717], [712, 718], [719, -680], [719, 739], [740, 746], [740, 748], [749, 750], [749, 753], [755, 756], [755, 809], [762, 763], [762, 765], [769, 774], [769, 776], [776, 781], [776, 783], [783, 784], [783, 790], [784, 787], [784, 788], [790, 791], [790, 795], [795, 801], [795, 803], [805, 755], [805, 806], [809, 810], [809, 821], [811, 812], [811, 821], [813, 814], [813, 821], [822, 823], [822, 828], [823, 822], [823, 824], [824, 825], [824, 826], [826, 823], [826, 827], [828, 829], [828, 837], [830, 834], [830, 835], [845, 846], [845, 848], [856, 857], [856, 861], [857, 858], [857, 859], [859, 856], [859, 860], [866, 867], [866, 871], [868, 866], [868, 869], [881, 882], [881, 885], [882, 881], [882, 883]], "functions": {"generate_comments": {"executed_lines": [], "summary": {"covered_lines": 0, "num_statements": 6, "percent_covered": 0.0, "percent_covered_display": "0", "missing_lines": 6, "excluded_lines": 0, "percent_statements_covered": 0.0, "percent_statements_covered_display": "0", "num_branches": 2, "num_partial_branches": 0, "covered_branches": 0, "missing_branches": 2, "percent_branches_covered": 0.0, "percent_branches_covered_display": "0"}, "missing_lines": [79, 80, 83, 84, 85, 86], "excluded_lines": [], "start_line": 60, "executed_branches": [], "missing_branches": [[80, 83], [80, 86]]}, "list_comments": {"executed_lines": [], "summary": {"covered_lines": 0, "num_statements": 28, "percent_covered": 0.0, "percent_covered_display": "0", "missing_lines": 28, "excluded_lines": 0, "percent_statements_covered":
[...]
es": [], "summary": {"covered_lines": 0, "num_statements": 2, "percent_covered": 0.0, "percent_covered_display": "0", "missing_lines": 2, "excluded_lines": 0, "percent_statements_covered": 0.0, "percent_statements_covered_display": "0", "num_branches": 0, "num_partial_branches": 0, "covered_branches": 0, "missing_branches": 0, "percent_branches_covered": 100.0, "percent_branches_covered_display": "100"}, "missing_lines": [2574, 2582], "excluded_lines": [], "start_line": 2558, "executed_branches": [], "missing_branches": []}, "is_valid_index_factory.is_valid_index": {"executed_lines": [], "summary": {"covered_lines": 0, "num_statements": 1, "percent_covered": 0.0, "percent_covered_display": "0", "missing_lines": 1, "excluded_lines": 0, "percent_statements_covered": 0.0, "percent_statements_covered_display": "0", "num_branches": 0, "num_partial_branches": 0, "covered_branches": 0, "missing_branches": 0, "percent_branches_covered": 100.0, "percent_branches_covered_display": "100"}, "missing_lines": [2580], "excluded_lines": [], "start_line": 2574, "executed_branches": [], "missing_branches": []}, "": {"executed_lines": [5, 6, 7, 8, 9, 10, 12, 14, 15, 16, 17, 29, 30, 38, 39, 42, 47, 48, 49, 50, 51, 52, 53, 54, 55, 57, 60, 70, 138, 161, 188, 209, 236, 240, 244, 245, 257, 258, 278, 315, 316, 337, 338, 341, 344, 345, 352, 356, 357, 365, 376, 396, 405, 425, 474, 504, 505, 546, 601, 760, 761, 882, 903, 1009, 1036, 1072, 1097, 1109, 1110, 1120, 1137, 1180, 1289, 1290, 1335, 1382, 1386, 1410, 1448, 1450, 1518, 1750, 1781, 1792, 1803, 1888, 1892, 1919, 1931, 1989, 2032, 2033, 2057, 2058, 2084, 2085, 2119, 2120, 2166, 2167, 2205, 2206, 2231, 2355, 2385, 2388, 2389, 2390, 2391, 2392, 2393, 2394, 2395, 2398, 2423, 2427, 2445, 2497, 2558], "summary": {"covered_lines": 119, "num_statements": 119, "percent_covered": 100.0, "percent_covered_display": "100", "missing_lines": 0, "excluded_lines": 0, "percent_statements_covered": 100.0, "percent_statements_covered_display": "100", "num_branches": 0, "num_partial_branches": 0, "covered_branches": 0, "missing_branches": 0, "percent_branches_covered": 100.0, "percent_branches_covered_display": "100"}, "missing_lines": [], "excluded_lines": [], "start_line": 1, "executed_branches": [], "missing_branches": []}}, "classes": {"CannotTransform": {"executed_lines": [], "summary": {"covered_lines": 0, "num_statements": 0, "percent_covered": 100.0, "percent_covered_display": "100", "missing_lines": 0, "excluded_lines": 0, "percent_statements_covered": 100.0, "percent_statements_covered_display": "100", "num_branches": 0, "num_partial_branches": 0, "covered_branches": 0, "missing_branches": 0, "percent_branches_covered": 100.0, "percent_branches_covered_display": "100"}, "missing_lines": [], "excluded_lines": [], "start_line": 42, "executed_branches": [], "missing_branches": []}, "StringTransformer": {"executed_lines": [], "summary": {"covered_lines": 0, "num_statements": 15, "percent_covered": 0.0, "percent_covered_display": "0", "missing_lines": 15, "excluded_lines": 0, "percent_statements_covered": 0.0, "percent_statements_covered_display": "0", "num_branches": 8, "num_partial_branches": 0, "covered_branches": 0, "missing_branches": 8, "percent_branches_covered": 0.0, "percent_branches_covered_display": "0"}, "missing_lines": [241, 242, 291, 292, 294, 296, 297, 298, 303, 305, 306, 307, 308, 311, 312], "excluded_lines": [], "start_line": 209, "executed_branches": [], "missing_branches": [[291, 292], [291, 294], [296, 297], [296, 303], [305, -278], [305, 306], [306, 307], [306, 311]]}, "CustomSplit": {"executed_lines": [], "summary": {"covered_lines": 0, "num_statements": 0, "percent_covered": 100.0, "percent_covered_display": "100", "missing_lines": 0, "excluded_lines": 0, "percent_statements_covered": 100.0, "percent_statements_covered_display": "100", "num_branches": 0, "num_partial_branches": 0, "covered_branches": 0, "missing_branches": 0, "percent_branches_covered": 100.0, "percent_branches_covered_display": "100"}, "missing_lines": [], "excluded_lines": [], "start_line": 316, "executed_branches": [], "missing_branches": []}, "CustomSplitMapMixin": {"executed_lines": [], "summary": {"covered_lines": 0, "num_statements": 9, "percent_covered": 0.0, "percent_covered_display": "0", "missing_lines": 9, "excluded_lines": 0, "percent_statements_covered": 0.0, "percent_statements_covered_display": "0", "num_branches": 0, "num_partial_branches": 0, "covered_branches": 0, "missing_branches": 0, "percent_branches_covered": 100.0, "percent_branches_covered_display": "100"}, "missing_lines": [363, 373, 374, 389, 391, 392, 394, 401, 402], "excluded_lines": [], "start_line": 345, "executed_branches": [], "missing_branches": []}, "StringMerger": {"executed_lines": [], "summary": {"covered_lines": 0, "num_statements": 191, "percent_covered": 0.0, "percent_covered_display": "0", "missing_lines": 191, "excluded_lines": 0, "percent_statements_covered": 0.0, "percent_statements_covered_display": "0", "num_branches": 108, "num_partial_branches": 0, "covered_branches": 0, "missing_branches": 108, "percent_branches_covered": 0.0, "percent_branches_covered_display": "0"}, "missing_lines": [426, 428, 430, 431, 432, 433, 434, 441, 442, 443, 444, 445, 446, 447, 448, 449, 451, 452, 455, 456, 457, 459, 460, 462, 463, 464, 467, 469, 470, 472, 477, 479, 482, 483, 485, 486, 487, 489, 490, 491, 492, 497, 498, 500, 502, 518, 520, 521, 522, 523, 528, 530, 531, 536, 537, 538, 540, 541, 542, 544, 561, 563, 566, 567, 568, 569, 570, 571, 575, 576, 579, 580, 581, 582, 583, 584, 585, 586, 588, 593, 594, 595, 597, 599, 615, 621, 623, 625, 637, 638, 639, 643, 647, 650, 656, 657, 658, 661, 665, 668, 672, 673, 674, 679, 680, 691, 692, 693, 694, 695, 697, 698, 702, 704, 706, 708, 709, 717, 719, 722, 724, 725, 726, 727, 730, 731, 732, 733, 737, 738, 739, 741, 743, 746, 748, 749, 750, 751, 752, 755, 757, 758, 788, 789, 790, 791, 792, 796, 797, 798, 799, 804, 806, 808, 809, 810, 811, 812, 816, 817, 818, 820, 821, 823, 824, 825, 826, 828, 830, 838, 843, 844, 845, 846, 848, 849, 857, 858, 859, 860, 861, 862, 863, 867, 868, 869, 871, 872, 876, 877, 879], "excluded_lines": [], "start_line": 405, "executed_branches": [], "missing_branches": [[432, 433], [432, 469], [434, 441], [434, 459], [443, 444], [443, 451], [444, 445], [444, 446], [446, 447], [446, 449], [451, 452], [451, 455], [456, 432], [456, 457], [459, 460], [459, 467], [463, 432], [463, 464], [469, 470], [469, 472], [482, 483], [482, 485], [486, 487], [486, 489], [489, 490], [489, 502], [521, 522], [521, 530], [523, 521], [523, 528], [530, 531], [530, 536], [540, 541], [540, 544], [567, 568], [567, 575], [569, 570], [569, 571], [575, 576], [575, 579], [582, 583], [582, 599], [583, 584], [583, 588], [588, 593], [588, 597], [593, 594], [593, 595], [638, 639], [638, 656], [647, 650], [647, 656], [674, 679], [674, 691], [694, 695], [694, 722], [702, 704], [702, 706], [726, 727], [726, 730], [731, 732], [731, 741], [743, 746], [743, 757], [746, 748], [746, 755], [749, 750], [749, 751], [751, 752], [751, 757], [788, 789], [788, 806], [792, 788], [792, 796], [796, 797], [796, 798], [798, 799], [798, 804], [811, 812], [811, 848], [812, 816], [812, 820], [816, 817], [816, 818], [820, 821], [820, 823], [825, 826], [825, 828], [830, 838], [830, 843], [843, 811], [843, 844], [845, 811], [845, 846], [848, 849], [848, 857], [859, 860], [859, 871], [861, 862], [861, 867], [862, 863], [862, 867], [867, 868], [867, 869], [871, 872], [871, 876], [876, 877], [876, 879]]}, "StringParenStripper": {"executed_lines": [], "summary": {"covered_lines": 0, "num_statements": 68, "percent_covered": 0.0, "percent_covered_display": "0", "missing_lines": 68, "excluded_lines": 0, "percent_statements_covered": 0.0, "percent_statements_covered_display": "0", "num_branches": 36, "num_partial_branches": 0, "covered_branches": 0, "missing_branches": 36, "percent_branches_covered": 0.0, "percent_branches_covered_display": "0"}, "missing_lines": [904, 906, 908, 910, 911, 912, 913, 914, 915, 918, 919, 922, 927, 930, 935, 941, 946, 948, 951, 952, 957, 959, 960, 982, 985, 992, 998, 1000, 1001, 1002, 1003, 1005, 1006, 1007, 1012, 1014, 1015, 1016, 1017, 1019, 1020, 1021, 1024, 1025, 1026, 1027, 1029, 1030, 1032, 1039, 1041, 1042, 1044, 1049, 1050, 1051, 1052, 1053, 1054, 1055, 1056, 1057, 1059, 1060, 1062, 1064, 1067, 1069], "excluded_lines": [], "start_line": 882, "executed_branches": [], "missing_branches": [[913, 914], [913, 915], [918, 919], [918, 922], [922, 927], [922, 930], [930, 935], [930, 941], [941, 946], [941, 948], [957, 959], [957, 985], [960, 982], [960, 985], [985, 911], [985, 992], [992, 998], [992, 1000], [1002, 911], [1002, 1003], [1005, 1006], [1005, 1007], [1015, 1016], [1015, 1029], [1020, 1021], [1020, 1026], [1021, 1020], [1021, 1024], [1026, 1015], [1026, 1027], [1029, 1030], [1029, 1032], [1049, 1050], [1049, 1067], [1053, 1054], [1053, 1062]]}, "BaseStringSplitter": {"executed_lines": [], "summary": {"covered_lines": 0, "num_statements": 75, "percent_covered": 0.0, "percent_covered_display": "0", "missing_lines": 75, "excluded_lines": 0, "percent_statements_covered": 0.0, "percent_statements_covered_display": "0", "num_branches": 50, "num_partial_branches": 0, "covered_branches": 0, "missing_branches": 50, "percent_branches_covered": 0.0, "percent_branches_covered_display": "0"}, "missing_lines": [1121, 1122, 1123, 1125, 1126, 1130, 1131, 1132, 1133, 1135, 1148, 1150, 1152, 1153, 1154, 1158, 1162, 1167, 1170, 1175, 1176, 1178, 1195, 1197, 1210, 1212, 1213, 1214, 1220, 1222, 1223, 1225, 1227, 1229, 1231, 1237, 1241, 1242, 1243, 1244, 1246, 1247, 1248, 1250, 1252, 1254, 1256, 1257, 1259, 1264, 1266, 1271, 1274, 1276, 1277, 1278, 1279, 1281, 1284, 1286, 1287, 1301, 1302, 1304, 1310, 1315, 1316, 1317, 1323, 1324, 1325, 1326, 1327, 1330, 1332], "excluded_lines": [], "start_line": 1072, "executed_branches": [], "missing_branches": [[1122, 1123], [1122, 1125], [1132, 1133], [1132, 1135], [1153, 1154], [1153, 1158], [1158, 1162], [1158, 1167], [1167, 1170], [1167, 1175], [1175, 1176], [1175, 1178], [1212, 1213], [1212, 1246], [1214, 1220], [1214, 1222], [1223, 1225], [1223, 1227], [1227, 1229], [1227, 1231], [1231, 1237], [1231, 1246], [1241, 1242], [1241, 1246], [1243, 1241], [1243, 1244], [1246, 1247], [1246, 1276], [1248, 1250], [1248, 1252], [1252, 1254], [1252, 1256], [1256, 1257], [1256, 1276], [1259, 1264], [1259, 1276], [1266, 1271], [1266, 1274], [1277, 1278], [1277, 1286], [1278, 1279], [1278, 1284], [1301, 1302], [1301, 1304], [1310, 1315], [1310, 1332], [1317, 1323], [1317, 1327], [1327, 1330], [1327, 1332]]}, "StringSplitter": {"executed_lines": [], "summary": {"covered_lines": 0, "num_statements": 189, "percent_covered": 0.0, "percent_covered_display": "0", "missing_lines": 189, "excluded_lines": 0, "percent_statements_covered": 0.0, "percent_statements_covered_display": "0", "num_branches": 78, "num_partial_branches": 0, "covered_branches": 0, "missing_branches": 78, "percent_branches_covered": 0.0, "percent_branches_covered_display": "0"}, "missing_lines": [1451, 1453, 1454, 1460, 1466, 1470, 1472, 1475, 1481, 1483, 1488, 1491, 1492, 1495, 1496, 1498, 1501, 1502, 1505, 1506, 1509, 1510, 1513, 1514, 1516, 1521, 1522, 1526, 1528, 1530, 1531, 1533, 1539, 1543, 1545, 1546, 1552, 1560, 1561, 1562, 1563, 1565, 1569, 1577, 1578, 1579, 1580, 1581, 1585, 1587, 1589, 1590, 1591, 1595, 1598, 1601, 1608, 1610, 1616, 1617, 1619, 1621, 1622, 1623, 1625, 1626, 1629, 1633, 1634, 1639, 1640, 1641, 1642, 1643, 1644, 1647, 1649, 1652, 1668, 1680, 1681, 1683, 1684, 1687, 1688, 1689, 1692, 1693, 1694, 1695, 1697, 1698, 1700, 1702, 1703, 1705, 1706, 1711, 1713, 1714, 1717, 1721, 1722, 1723, 1724, 1725, 1728, 1732, 1733, 1734, 1738, 1739, 1741, 1742, 1743, 1746, 1747, 1748, 1759, 1760, 1761, 1762, 1763, 1764, 1765, 1766, 1767, 1768, 1770, 1771, 1772, 1773, 1774, 1778, 1779, 1788, 1789, 1790, 1793, 1794, 1798, 1799, 1800, 1801, 1827, 1829, 1830, 1832, 1834, 1840, 1842, 1848, 1849, 1851, 1852, 1853, 1854, 1855, 1857, 1861, 1869, 1870, 1871, 1873, 1879, 1880, 1881, 1883, 1884, 1886, 1889, 1890, 1905, 1907, 1908, 1910, 1911, 1912, 1913, 1915, 1917, 1920, 1922, 1923, 1924, 1925, 1926, 1927, 1928], "excluded_lines": [], "start_line": 1410, "executed_branches": [], "missing_branches": [[1453, 1454], [1453, 1460], [1460, 1466], [1460, 1470], [1475, 1481], [1475, 1483], [1483, 1488], [1483, 1491], [1491, 1492], [1491, 1495], [1495, 1496], [1495, 1498], [1505, 1506], [1505, 1509], [1509, 1510], [1509, 1513], [1513, 1514], [1513, 1516], [1561, -1552], [1561, 1562], [1590, 1591], [1590, 1598], [1616, 1617], [1616, 1619], [1622, 1623], [1622, 1700], [1623, 1625], [1623, 1629], [1634, 1639], [1634, 1649], [1639, 1640], [1639, 1647], [1668, 1680], [1668, 1683], [1683, 1684], [1683, 1687], [1702, 1703], [1702, 1705], [1717, 1721], [1717, 1746], [1722, 1723], [1722, 1728], [1724, 1722], [1724, 1725], [1728, 1732], [1728, 1738], [1761, -1750], [1761, 1762], [1762, 1763], [1762, 1765], [1765, 1766], [1765, 1768], [1771, 1772], [1771, 1778], [1772, 1771], [1772, 1773], [1788, 1789], [1788, 1790], [1798, 1799], [1798, 1801], [1799, 1798], [1799, 1800], [1853, 1854], [1853, 1857], [1870, 1871], [1870, 1873], [1873, 1879], [1873, 1886], [1880, 1881], [1880, 1883], [1883, 1884], [1883, 1886], [1889, -1888], [1889, 1890], [1907, 1908], [1907, 1917], [1924, 1925], [1924, 1928]]}, "StringParenWrapper": {"executed_lines": [], "summary": {"covered_lines": 0, "num_statements": 136, "percent_covered": 0.0, "percent_covered_display": "0", "missing_lines": 136, "excluded_lines": 0, "percent_statements_covered": 0.0, "percent_statements_covered_display": "0", "num_branches": 86, "num_partial_branches": 0, "covered_branches": 0, "missing_branches": 86, "percent_branches_covered": 0.0, "percent_branches_covered_display": "0"}, "missing_lines": [1990, 1992, 1993, 1997, 2005, 2006, 2008, 2009, 2011, 2012, 2014, 2018, 2019, 2021, 2023, 2028, 2030, 2045, 2048, 2050, 2052, 2053, 2055, 2070, 2075, 2077, 2079, 2080, 2082, 2097, 2098, 2100, 2102, 2103, 2106, 2107, 2110, 2111, 2114, 2115, 2117, 2132, 2136, 2138, 2140, 2141, 2144, 2145, 2148, 2149, 2153, 2158, 2161, 2162, 2164, 2178, 2179, 2180, 2182, 2184, 2185, 2188, 2189, 2192, 2193, 2196, 2197, 2200, 2201, 2203, 2219, 2221, 2227, 2229, 2234, 2235, 2239, 2241, 2242, 2244, 2245, 2246, 2247, 2249, 2250, 2251, 2254, 2255, 2260, 2261, 2262, 2263, 2264, 2266, 2268, 2269, 2270, 2272, 2273, 2278, 2279, 2280, 2282, 2287, 2288, 2295, 2296, 2297, 2299, 2300, 2301, 2302, 2303, 2305, 2306, 2310, 2311, 2320, 2321, 2322, 2323, 2328, 2330, 2332, 2335, 2336, 2338, 2339, 2340, 2342, 2343, 2347, 2348, 2349, 2350, 2352], "excluded_lines": [], "start_line": 1931, "executed_branches": [], "missing_branches": [[1992, 1993], [1992, 1997], [2005, 2006], [2005, 2008], [2008, 2009], [2008, 2011], [2011, 2012], [2011, 2030], [2014, 2018], [2014, 2028], [2019, 2021], [2019, 2028], [2021, 2023], [2021, 2028], [2045, 2048], [2045, 2055], [2052, 2053], [2052, 2055], [2070, 2075], [2070, 2082], [2079, 2080], [2079, 2082], [2097, 2098], [2097, 2117], [2100, 2102], [2100, 2117], [2102, 2100], [2102, 2103], [2106, 2100], [2106, 2107], [2114, 2100], [2114, 2115], [2132, 2136], [2132, 2164], [2138, 2140], [2138, 2164], [2140, 2138], [2140, 2141], [2144, 2138], [2144, 2145], [2153, 2158], [2153, 2161], [2161, 2138], [2161, 2162], [2179, 2180], [2179, 2203], [2182, 2184], [2182, 2203], [2184, 2182], [2184, 2185], [2188, 2182], [2188, 2189], [2196, 2197], [2196, 2200], [2200, 2182], [2200, 2201], [2221, 2227], [2221, 2229], [2246, 2247], [2246, 2249], [2250, 2251], [2250, 2254], [2261, 2262], [2261, 2266], [2269, 2270], [2269, 2272], [2278, 2279], [2278, 2282], [2279, 2278], [2279, 2280], [2300, 2301], [2300, 2332], [2302, 2303], [2302, 2305], [2305, 2306], [2305, 2311], [2311, 2320], [2311, 2330], [2321, 2322], [2321, 2330], [2323, 2328], [2323, 2330], [2339, 2340], [2339, 2342], [2347, 2348], [2347, 2352]]}, "StringParser": {"executed_lines": [], "summary": {"covered_lines": 0, "num_statements": 26, "percent_covered": 0.0, "percent_covered_display": "0", "missing_lines": 26, "excluded_lines": 0, "percent_statements_covered": 0.0, "percent_statements_covered_display": "0", "num_branches": 18, "num_partial_branches": 0, "covered_branches": 0, "missing_branches": 18, "percent_branches_covered": 0.0, "percent_branches_covered_display": "0"}, "missing_lines": [2424, 2425, 2438, 2440, 2441, 2442, 2443, 2459, 2460, 2462, 2463, 2464, 2466, 2470, 2471, 2472, 2473, 2474, 2479, 2480, 2484, 2485, 2489, 2491, 2492, 2494], "excluded_lines": [], "start_line": 2355, "executed_branches": [], "missing_branches": [[2441, 2442], [2441, 2443], [2459, 2460], [2459, 2462], [2463, 2464], [2463, 2466], [2470, 2471], [2470, 2479], [2471, 2472], [2471, 2494], [2473, 2474], [2473, 2494], [2479, 2480], [2479, 2484], [2484, 2485], [2484, 2489], [2491, 2492], [2491, 2494]]}, "": {"executed_lines": [5, 6, 7, 8, 9, 10, 12, 14, 15, 16, 17, 29, 30, 38, 39, 42, 47, 48, 49, 50, 51, 52, 53, 54, 55, 57, 60, 70, 138, 161, 188, 209, 236, 240, 244, 245, 257, 258, 278, 315, 316, 337, 338, 341, 344, 345, 352, 356, 357, 365, 376, 396, 405, 425, 474, 504, 505, 546, 601, 760, 761, 882, 903, 1009, 1036, 1072, 1097, 1109, 1110, 1120, 1137, 1180, 1289, 1290, 1335, 1382, 1386, 1410, 1448, 1450, 1518, 1750, 1781, 1792, 1803, 1888, 1892, 1919, 1931, 1989, 2032, 2033, 2057, 2058, 2084, 2085, 2119, 2120, 2166, 2167, 2205, 2206, 2231, 2355, 2385, 2388, 2389, 2390, 2391, 2392, 2393, 2394, 2395, 2398, 2423, 2427, 2445, 2497, 2558], "summary": {"covered_lines": 119, "num_statements": 234, "percent_covered": 39.93288590604027, "percent_covered_display": "40", "missing_lines": 115, "excluded_lines": 0, "percent_statements_covered": 50.85470085470085, "percent_statements_covered_display": "51", "num_branches": 64, "num_partial_branches": 0, "covered_branches": 0, "missing_branches": 64, "percent_branches_covered": 0.0, "percent_branches_covered_display": "0"}, "missing_lines": [65, 66, 76, 77, 78, 80, 82, 86, 87, 89, 93, 96, 97, 98, 100, 101, 105, 107, 109, 110, 111, 112, 113, 114, 115, 117, 124, 125, 130, 131, 132, 134, 144, 145, 147, 148, 149, 150, 151, 152, 153, 155, 157, 169, 170, 171, 172, 173, 180, 182, 184, 193, 194, 196, 197, 199, 200, 201, 202, 203, 204, 206, 1342, 1343, 1344, 1345, 1347, 1348, 1349, 1350, 1351, 1352, 1354, 1355, 1356, 1357, 1358, 1360, 1361, 1362, 1363, 1367, 1368, 1369, 1370, 1371, 1372, 1373, 1374, 1375, 1376, 1377, 1378, 1379, 1383, 1399, 1400, 1401, 1402, 1403, 1404, 1405, 1406, 1407, 2543, 2544, 2546, 2549, 2550, 2552, 2553, 2555, 2574, 2580, 2582], "excluded_lines": [], "start_line": 1, "executed_branches": [], "missing_branches": [[76, 77], [76, 80], [77, 76], [77, 78], [86, 87], [86, 89], [97, 98], [97, 100], [100, 101], [100, 107], [101, 105], [101, 107], [111, 112], [111, 134], [113, 114], [113, 117], [124, 125], [124, 130], [131, 111], [131, 132], [147, 148], [147, 157], [150, 151], [150, 152], [152, 153], [152, 155], [169, 170], [169, 184], [171, 172], [171, 173], [173, 180], [173, 182], [193, 194], [193, 196], [199, 200], [199, 201], [201, 202], [201, 203], [203, 204], [203, 206], [1344, -1335], [1344, 1345], [1345, 1347], [1345, 1354], [1347, 1348], [1347, 1350], [1354, 1355], [1354, 1367], [1355, 1356], [1355, 1358], [1360, 1361], [1360, 1362], [1367, 1368], [1367, 1379], [1369, 1370], [1369, 1371], [1371, 1372], [1371, 1373], [1373, 1374], [1373, 1379], [1375, 1376], [1375, 1377], [1402, 1403], [1402, 1406]]}}}}, "totals": {"covered_lines": 1081, "num_statements": 5903, "percent_covered": 12.405888302056411, "percent_covered_display": "12", "missing_lines": 4822, "excluded_lines": 8, "percent_statements_covered": 18.312722344570556, "percent_statements_covered_display": "18", "num_branches": 2996, "num_partial_branches": 11, "covered_branches": 23, "missing_branches": 2973, "percent_branches_covered": 0.7676902536715621, "percent_branches_covered_display": "1"}}